#
# There is insufficient memory for the Java Runtime Environment to continue.
# Native memory allocation (malloc) failed to allocate 1081136 bytes for Chunk::new
# Possible reasons:
#   The system is out of physical RAM or swap space
#   The process is running with CompressedOops enabled, and the Java Heap may be blocking the growth of the native heap
# Possible solutions:
#   Reduce memory load on the system
#   Increase physical memory or swap space
#   Check if swap backing store is full
#   Decrease Java heap size (-Xmx/-Xms)
#   Decrease number of Java threads
#   Decrease Java thread stack sizes (-Xss)
#   Set larger code cache with -XX:ReservedCodeCacheSize=
#   JVM is running with Zero Based Compressed Oops mode in which the Java heap is
#     placed in the first 32GB address space. The Java Heap base address is the
#     maximum limit for the native heap growth. Please use -XX:HeapBaseMinAddress
#     to set the Java Heap base and to place the Java Heap above 32GB virtual address.
# This output file may be truncated or incomplete.
#
#  Out of Memory Error (arena.cpp:189), pid=21040, tid=18096
#
# JRE version: Java(TM) SE Runtime Environment (17.0.11+7) (build 17.0.11+7-LTS-207)
# Java VM: Java HotSpot(TM) 64-Bit Server VM (17.0.11+7-LTS-207, mixed mode, sharing, tiered, compressed oops, compressed class ptrs, parallel gc, windows-amd64)
# No core dump will be written. Minidumps are not enabled by default on client versions of Windows
#

---------------  S U M M A R Y ------------

Command Line: --add-opens=java.base/java.lang=ALL-UNNAMED --add-opens=java.base/java.lang.invoke=ALL-UNNAMED --add-opens=java.base/java.util=ALL-UNNAMED --add-opens=java.prefs/java.util.prefs=ALL-UNNAMED --add-exports=jdk.compiler/com.sun.tools.javac.api=ALL-UNNAMED --add-exports=jdk.compiler/com.sun.tools.javac.util=ALL-UNNAMED --add-opens=java.base/java.util=ALL-UNNAMED --add-opens=java.prefs/java.util.prefs=ALL-UNNAMED --add-opens=java.base/java.nio.charset=ALL-UNNAMED --add-opens=java.base/java.net=ALL-UNNAMED --add-opens=java.base/java.util.concurrent.atomic=ALL-UNNAMED --add-opens=java.xml/javax.xml.namespace=ALL-UNNAMED -XX:+UseParallelGC -XX:MaxMetaspaceSize=512m -XX:+HeapDumpOnOutOfMemoryError -Xms256m -Xmx6g -Dfile.encoding=UTF-8 -Duser.country=CN -Duser.language=zh -Duser.variant -javaagent:D:\gradle\wrapper\dists\gradle-8.14.4-bin\92wwslzcyst3phie3o264zltu\gradle-8.14.4\lib\agents\gradle-instrumentation-agent-8.14.4.jar org.gradle.launcher.daemon.bootstrap.GradleDaemon 8.14.4

Host: Intel(R) Core(TM) i5-10210U CPU @ 1.60GHz, 8 cores, 7G,  Windows 11 , 64 bit Build 26100 (10.0.26100.8246)
Time: Thu May  7 10:06:55 2026  Windows 11 , 64 bit Build 26100 (10.0.26100.8246) elapsed time: 1031.622077 seconds (0d 0h 17m 11s)

---------------  T H R E A D  ---------------

Current thread (0x0000023ede651c90):  JavaThread "C2 CompilerThread1" daemon [_thread_in_native, id=18096, stack(0x0000008cb2200000,0x0000008cb2300000)]


Current CompileTask:
C2:1031622 62016       4       org.jetbrains.org.objectweb.asm.ClassReader::accept (1410 bytes)

Stack: [0x0000008cb2200000,0x0000008cb2300000]
Native frames: (J=compiled Java code, j=interpreted, Vv=VM code, C=native code)
V  [jvm.dll+0x679cca]
V  [jvm.dll+0x7da13d]
V  [jvm.dll+0x7dba83]
V  [jvm.dll+0x7dc0f3]
V  [jvm.dll+0x2449af]
V  [jvm.dll+0xab83b]
V  [jvm.dll+0xabe1c]
V  [jvm.dll+0x2a9e6f]
V  [jvm.dll+0x5818d9]
V  [jvm.dll+0x21ed62]
V  [jvm.dll+0x21f13f]
V  [jvm.dll+0x218331]
V  [jvm.dll+0x215505]
V  [jvm.dll+0x1a2040]
V  [jvm.dll+0x225a2b]
V  [jvm.dll+0x223bcb]
V  [jvm.dll+0x7903ec]
V  [jvm.dll+0x78a85a]
V  [jvm.dll+0x678bb5]
C  [ucrtbase.dll+0x37b0]
C  [KERNEL32.DLL+0x2e8d7]
C  [ntdll.dll+0x8c3fc]


---------------  P R O C E S S  ---------------

Threads class SMR info:
_java_thread_list=0x0000023ed0d8b0e0, length=176, elements={
0x0000023efc86e680, 0x0000023ec04c8920, 0x0000023ec04ca180, 0x0000023ec04eda80,
0x0000023ec04ee350, 0x0000023ec04dcd00, 0x0000023ec04dd5d0, 0x0000023ec04e1f70,
0x0000023ec04e4b80, 0x0000023ec04e74a0, 0x0000023ec05e3420, 0x0000023ec06f48b0,
0x0000023ec6d5b800, 0x0000023ec7593460, 0x0000023ec75988c0, 0x0000023ec7630bd0,
0x0000023ec7631480, 0x0000023ec768a780, 0x0000023ec768b1a0, 0x0000023ec7687f00,
0x0000023ec7689340, 0x0000023ec7688920, 0x0000023ec768b6b0, 0x0000023ec7688410,
0x0000023ec7688e30, 0x0000023ec7689d60, 0x0000023ec768ac90, 0x0000023ec768a270,
0x0000023eca30cc80, 0x0000023eca30c770, 0x0000023eca30a910, 0x0000023eca30bd50,
0x0000023eca30b330, 0x0000023eca309ef0, 0x0000023eca30dbb0, 0x0000023eca30ff20,
0x0000023eca310430, 0x0000023eca310e50, 0x0000023eca311360, 0x0000023eca311870,
0x0000023eca310940, 0x0000023eca30f500, 0x0000023eca30e0c0, 0x0000023eca30eae0,
0x0000023eca30eff0, 0x0000023ec6089690, 0x0000023ec608bf10, 0x0000023ec608a0b0,
0x0000023ec6089180, 0x0000023ec608afe0, 0x0000023ec608c420, 0x0000023ec608ce40,
0x0000023ec608c930, 0x0000023ec6089ba0, 0x0000023ec608d350, 0x0000023ec608d860,
0x0000023ec608b4f0, 0x0000023ec608dd70, 0x0000023ec608a5c0, 0x0000023ec608e280,
0x0000023ec608fbd0, 0x0000023ec608e790, 0x0000023ec60905f0, 0x0000023eca33bee0,
0x0000023eca33dd40, 0x0000023eca33afb0, 0x0000023ecae191e0, 0x0000023ecae1c480,
0x0000023ecae1cea0, 0x0000023ecae1a620, 0x0000023ecae19c00, 0x0000023ecae1d3b0,
0x0000023ecae1ba60, 0x0000023ecae1ab30, 0x0000023ecae1d8c0, 0x0000023ecae1e2e0,
0x0000023ecae1e7f0, 0x0000023ecae1ed00, 0x0000023ecae1b550, 0x0000023ecae1f720,
0x0000023ecae1f210, 0x0000023ecae20b60, 0x0000023ecae20140, 0x0000023ecae20650,
0x0000023ecaa4f8c0, 0x0000023ecaa4df70, 0x0000023ecaa4da60, 0x0000023ecaa4e480,
0x0000023ecaa4e990, 0x0000023ecaa4fdd0, 0x0000023ecaa502e0, 0x0000023ecaa4f3b0,
0x0000023ecaa4d550, 0x0000023ecaa507f0, 0x0000023ecaa4d040, 0x0000023ec8a46470,
0x0000023ec8a49200, 0x0000023ec8a473a0, 0x0000023ec8a46980, 0x0000023ec8a487e0,
0x0000023ec8a48cf0, 0x0000023ec8a49710, 0x0000023ec8a45f60, 0x0000023ec8a482d0,
0x0000023ec8a49c20, 0x0000023ec8a4a640, 0x0000023ec8a4a130, 0x0000023ec8a4ab50,
0x0000023ec8a4b060, 0x0000023ec8a478b0, 0x0000023ec8a4b570, 0x0000023ec8a47dc0,
0x0000023ec8a4ba80, 0x0000023ec8a4bf90, 0x0000023ec8a4c4a0, 0x0000023ec8a4c9b0,
0x0000023ec8a4cec0, 0x0000023ec8a4d3d0, 0x0000023ec8a4d8e0, 0x0000023ec7e2d950,
0x0000023ec7e2a6b0, 0x0000023ec7e2ca20, 0x0000023ec7e2baf0, 0x0000023ec7e2de60,
0x0000023ec7e2cf30, 0x0000023ec7e2d440, 0x0000023ec7e2e370, 0x0000023ec7e2e880,
0x0000023ec7e2b0d0, 0x0000023ec7e2c510, 0x0000023ec7e2ed90, 0x0000023ec7e2b5e0,
0x0000023ec7e2f2a0, 0x0000023ec7e2f7b0, 0x0000023ec7e2fcc0, 0x0000023ec7e301d0,
0x0000023ec7e31610, 0x0000023ec7e30bf0, 0x0000023ece801040, 0x0000023ece801550,
0x0000023ece8089c0, 0x0000023edda22700, 0x0000023edda24f80, 0x0000023edda268d0,
0x0000023edda23120, 0x0000023ecc898e10, 0x0000023ecc895b70, 0x0000023ecc899d40,
0x0000023ecc899830, 0x0000023ecc896aa0, 0x0000023ecc896590, 0x0000023ecc89b690,
0x0000023ecc89a760, 0x0000023ecc89b180, 0x0000023ecc89da00, 0x0000023ecc89cfe0,
0x0000023ecc89bba0, 0x0000023ecc89d4f0, 0x0000023ece807a90, 0x0000023edda259a0,
0x0000023eca30a400, 0x0000023ecf8ef400, 0x0000023ecf8f0330, 0x0000023ecf8f35d0,
0x0000023ecf8f6d80, 0x0000023ecf8f86d0, 0x0000023ecf8f8be0, 0x0000023ecf8f5430,
0x0000023ecf8f5e50, 0x0000023ecf8f90f0, 0x0000023ecf8f5940, 0x0000023ecf8f9600,
0x0000023ecf8f6870, 0x0000023ecf8f9b10, 0x0000023ecf8fa020, 0x0000023ede651c90
}

Java Threads: ( => current thread )
  0x0000023efc86e680 JavaThread "main" [_thread_blocked, id=31332, stack(0x0000008ca6d00000,0x0000008ca6e00000)]
  0x0000023ec04c8920 JavaThread "Reference Handler" daemon [_thread_blocked, id=3584, stack(0x0000008ca7000000,0x0000008ca7100000)]
  0x0000023ec04ca180 JavaThread "Finalizer" daemon [_thread_blocked, id=26852, stack(0x0000008ca7100000,0x0000008ca7200000)]
  0x0000023ec04eda80 JavaThread "Signal Dispatcher" daemon [_thread_blocked, id=27480, stack(0x0000008ca7200000,0x0000008ca7300000)]
  0x0000023ec04ee350 JavaThread "Attach Listener" daemon [_thread_blocked, id=31772, stack(0x0000008ca7300000,0x0000008ca7400000)]
  0x0000023ec04dcd00 JavaThread "Service Thread" daemon [_thread_blocked, id=30276, stack(0x0000008ca7400000,0x0000008ca7500000)]
  0x0000023ec04dd5d0 JavaThread "Monitor Deflation Thread" daemon [_thread_blocked, id=22684, stack(0x0000008ca7500000,0x0000008ca7600000)]
  0x0000023ec04e1f70 JavaThread "C2 CompilerThread0" daemon [_thread_in_vm, id=20560, stack(0x0000008ca7600000,0x0000008ca7700000)]
  0x0000023ec04e4b80 JavaThread "C1 CompilerThread0" daemon [_thread_blocked, id=21144, stack(0x0000008ca7700000,0x0000008ca7800000)]
  0x0000023ec04e74a0 JavaThread "Sweeper thread" daemon [_thread_blocked, id=26576, stack(0x0000008ca7800000,0x0000008ca7900000)]
  0x0000023ec05e3420 JavaThread "Common-Cleaner" daemon [_thread_blocked, id=9708, stack(0x0000008ca7900000,0x0000008ca7a00000)]
  0x0000023ec06f48b0 JavaThread "Notification Thread" daemon [_thread_blocked, id=19896, stack(0x0000008ca7a00000,0x0000008ca7b00000)]
  0x0000023ec6d5b800 JavaThread "Daemon health stats" [_thread_blocked, id=25360, stack(0x0000008ca8100000,0x0000008ca8200000)]
  0x0000023ec7593460 JavaThread "Incoming local TCP Connector on port 13128" [_thread_in_native, id=15816, stack(0x0000008ca8000000,0x0000008ca8100000)]
  0x0000023ec75988c0 JavaThread "Daemon periodic checks" [_thread_blocked, id=32816, stack(0x0000008ca8200000,0x0000008ca8300000)]
  0x0000023ec7630bd0 JavaThread "Daemon" [_thread_blocked, id=2452, stack(0x0000008ca8600000,0x0000008ca8700000)]
  0x0000023ec7631480 JavaThread "Handler for socket connection from /127.0.0.1:13128 to /127.0.0.1:13129" [_thread_in_native, id=21468, stack(0x0000008ca8700000,0x0000008ca8800000)]
  0x0000023ec768a780 JavaThread "Cancel handler" [_thread_blocked, id=32232, stack(0x0000008ca8800000,0x0000008ca8900000)]
  0x0000023ec768b1a0 JavaThread "Daemon worker" [_thread_blocked, id=19636, stack(0x0000008ca8900000,0x0000008ca8a00000)]
  0x0000023ec7687f00 JavaThread "Asynchronous log dispatcher for DefaultDaemonConnection: socket connection from /127.0.0.1:13128 to /127.0.0.1:13129" [_thread_blocked, id=31516, stack(0x0000008ca8a00000,0x0000008ca8b00000)]
  0x0000023ec7689340 JavaThread "Stdin handler" [_thread_blocked, id=20996, stack(0x0000008ca8b00000,0x0000008ca8c00000)]
  0x0000023ec7688920 JavaThread "Daemon client event forwarder" [_thread_blocked, id=25924, stack(0x0000008ca8c00000,0x0000008ca8d00000)]
  0x0000023ec768b6b0 JavaThread "Cache worker for journal cache (D:\gradle\caches\journal-1)" [_thread_blocked, id=22084, stack(0x0000008ca8d00000,0x0000008ca8e00000)]
  0x0000023ec7688410 JavaThread "File lock request listener" [_thread_in_native, id=25124, stack(0x0000008ca8e00000,0x0000008ca8f00000)]
  0x0000023ec7688e30 JavaThread "Cache worker for file hash cache (D:\gradle\caches\8.14.4\fileHashes)" [_thread_blocked, id=26792, stack(0x0000008ca8f00000,0x0000008ca9000000)]
  0x0000023ec7689d60 JavaThread "Cache worker for file hash cache (D:\desktop\personal\com\dai411\.gradle\8.14.4\fileHashes)" [_thread_blocked, id=28316, stack(0x0000008ca9100000,0x0000008ca9200000)]
  0x0000023ec768ac90 JavaThread "Cache worker for Build Output Cleanup Cache (D:\desktop\personal\com\dai411\.gradle\buildOutputCleanup)" [_thread_blocked, id=23764, stack(0x0000008ca9200000,0x0000008ca9300000)]
  0x0000023ec768a270 JavaThread "File watcher server" daemon [_thread_in_native, id=30800, stack(0x0000008ca9300000,0x0000008ca9400000)]
  0x0000023eca30cc80 JavaThread "File watcher consumer" daemon [_thread_blocked, id=25328, stack(0x0000008ca9400000,0x0000008ca9500000)]
  0x0000023eca30c770 JavaThread "jar transforms" [_thread_blocked, id=21832, stack(0x0000008ca9500000,0x0000008ca9600000)]
  0x0000023eca30a910 JavaThread "Cache worker for checksums cache (D:\desktop\personal\com\dai411\.gradle\8.14.4\checksums)" [_thread_blocked, id=32540, stack(0x0000008ca9600000,0x0000008ca9700000)]
  0x0000023eca30bd50 JavaThread "Cache worker for file content cache (D:\gradle\caches\8.14.4\fileContent)" [_thread_blocked, id=5280, stack(0x0000008ca9700000,0x0000008ca9800000)]
  0x0000023eca30b330 JavaThread "Cache worker for cache directory md-supplier (D:\gradle\caches\8.14.4\md-supplier)" [_thread_blocked, id=31456, stack(0x0000008ca9800000,0x0000008ca9900000)]
  0x0000023eca309ef0 JavaThread "Cache worker for cache directory md-rule (D:\gradle\caches\8.14.4\md-rule)" [_thread_blocked, id=28944, stack(0x0000008ca9900000,0x0000008ca9a00000)]
  0x0000023eca30dbb0 JavaThread "jar transforms Thread 2" [_thread_blocked, id=6488, stack(0x0000008ca9000000,0x0000008ca9100000)]
  0x0000023eca30ff20 JavaThread "jar transforms Thread 3" [_thread_blocked, id=4740, stack(0x0000008ca9c00000,0x0000008ca9d00000)]
  0x0000023eca310430 JavaThread "Unconstrained build operations" [_thread_blocked, id=30224, stack(0x0000008ca9a00000,0x0000008ca9b00000)]
  0x0000023eca310e50 JavaThread "Unconstrained build operations Thread 2" [_thread_blocked, id=11512, stack(0x0000008ca9b00000,0x0000008ca9c00000)]
  0x0000023eca311360 JavaThread "Unconstrained build operations Thread 3" [_thread_blocked, id=28052, stack(0x0000008ca9e00000,0x0000008ca9f00000)]
  0x0000023eca311870 JavaThread "Unconstrained build operations Thread 4" [_thread_blocked, id=19376, stack(0x0000008ca9f00000,0x0000008caa000000)]
  0x0000023eca310940 JavaThread "Unconstrained build operations Thread 5" [_thread_blocked, id=21756, stack(0x0000008caa000000,0x0000008caa100000)]
  0x0000023eca30f500 JavaThread "Unconstrained build operations Thread 6" [_thread_blocked, id=19828, stack(0x0000008caa100000,0x0000008caa200000)]
  0x0000023eca30e0c0 JavaThread "Unconstrained build operations Thread 7" [_thread_blocked, id=22240, stack(0x0000008caa200000,0x0000008caa300000)]
  0x0000023eca30eae0 JavaThread "Unconstrained build operations Thread 8" [_thread_blocked, id=31728, stack(0x0000008caa300000,0x0000008caa400000)]
  0x0000023eca30eff0 JavaThread "Unconstrained build operations Thread 9" [_thread_blocked, id=4352, stack(0x0000008caa400000,0x0000008caa500000)]
  0x0000023ec6089690 JavaThread "Unconstrained build operations Thread 10" [_thread_blocked, id=3244, stack(0x0000008caa500000,0x0000008caa600000)]
  0x0000023ec608bf10 JavaThread "Unconstrained build operations Thread 11" [_thread_blocked, id=29724, stack(0x0000008caa600000,0x0000008caa700000)]
  0x0000023ec608a0b0 JavaThread "Unconstrained build operations Thread 12" [_thread_blocked, id=31776, stack(0x0000008caa700000,0x0000008caa800000)]
  0x0000023ec6089180 JavaThread "Unconstrained build operations Thread 13" [_thread_blocked, id=7120, stack(0x0000008caa800000,0x0000008caa900000)]
  0x0000023ec608afe0 JavaThread "Unconstrained build operations Thread 14" [_thread_blocked, id=6820, stack(0x0000008caa900000,0x0000008caaa00000)]
  0x0000023ec608c420 JavaThread "Unconstrained build operations Thread 15" [_thread_blocked, id=13236, stack(0x0000008caab00000,0x0000008caac00000)]
  0x0000023ec608ce40 JavaThread "Unconstrained build operations Thread 16" [_thread_blocked, id=25144, stack(0x0000008caac00000,0x0000008caad00000)]
  0x0000023ec608c930 JavaThread "Unconstrained build operations Thread 17" [_thread_blocked, id=24452, stack(0x0000008caad00000,0x0000008caae00000)]
  0x0000023ec6089ba0 JavaThread "Unconstrained build operations Thread 18" [_thread_blocked, id=17892, stack(0x0000008caae00000,0x0000008caaf00000)]
  0x0000023ec608d350 JavaThread "Unconstrained build operations Thread 19" [_thread_blocked, id=29708, stack(0x0000008caaf00000,0x0000008cab000000)]
  0x0000023ec608d860 JavaThread "Unconstrained build operations Thread 20" [_thread_blocked, id=25200, stack(0x0000008cab000000,0x0000008cab100000)]
  0x0000023ec608b4f0 JavaThread "Unconstrained build operations Thread 21" [_thread_blocked, id=26868, stack(0x0000008cab100000,0x0000008cab200000)]
  0x0000023ec608dd70 JavaThread "jar transforms Thread 4" [_thread_blocked, id=32576, stack(0x0000008caaa00000,0x0000008caab00000)]
  0x0000023ec608a5c0 JavaThread "jar transforms Thread 5" [_thread_blocked, id=19128, stack(0x0000008cab400000,0x0000008cab500000)]
  0x0000023ec608e280 JavaThread "Memory manager" [_thread_blocked, id=28072, stack(0x0000008cab600000,0x0000008cab700000)]
  0x0000023ec608fbd0 JavaThread "build event listener" [_thread_blocked, id=25084, stack(0x0000008ca6800000,0x0000008ca6900000)]
  0x0000023ec608e790 JavaThread "build event listener" [_thread_blocked, id=12996, stack(0x0000008ca6900000,0x0000008ca6a00000)]
  0x0000023ec60905f0 JavaThread "jar transforms Thread 6" [_thread_blocked, id=19200, stack(0x0000008ca6a00000,0x0000008ca6b00000)]
  0x0000023eca33bee0 JavaThread "jar transforms Thread 7" [_thread_blocked, id=24944, stack(0x0000008cab500000,0x0000008cab600000)]
  0x0000023eca33dd40 JavaThread "jar transforms Thread 8" [_thread_blocked, id=32984, stack(0x0000008cab700000,0x0000008cab800000)]
  0x0000023eca33afb0 JavaThread "Problems report writer" [_thread_blocked, id=14704, stack(0x0000008cab900000,0x0000008caba00000)]
  0x0000023ecae191e0 JavaThread "included builds" [_thread_blocked, id=11332, stack(0x0000008cac600000,0x0000008cac700000)]
  0x0000023ecae1c480 JavaThread "Execution worker" [_thread_blocked, id=24996, stack(0x0000008cac700000,0x0000008cac800000)]
  0x0000023ecae1cea0 JavaThread "Execution worker Thread 2" [_thread_blocked, id=32992, stack(0x0000008cac800000,0x0000008cac900000)]
  0x0000023ecae1a620 JavaThread "Execution worker Thread 3" [_thread_blocked, id=4044, stack(0x0000008cac900000,0x0000008caca00000)]
  0x0000023ecae19c00 JavaThread "Execution worker Thread 4" [_thread_blocked, id=15280, stack(0x0000008caca00000,0x0000008cacb00000)]
  0x0000023ecae1d3b0 JavaThread "Execution worker Thread 5" [_thread_blocked, id=33516, stack(0x0000008cacb00000,0x0000008cacc00000)]
  0x0000023ecae1ba60 JavaThread "Execution worker Thread 6" [_thread_blocked, id=23452, stack(0x0000008cacc00000,0x0000008cacd00000)]
  0x0000023ecae1ab30 JavaThread "Execution worker Thread 7" [_thread_blocked, id=30840, stack(0x0000008cacd00000,0x0000008cace00000)]
  0x0000023ecae1d8c0 JavaThread "Cache worker for execution history cache (D:\desktop\personal\com\dai411\.gradle\8.14.4\executionHistory)" [_thread_blocked, id=31720, stack(0x0000008cace00000,0x0000008cacf00000)]
  0x0000023ecae1e2e0 JavaThread "Unconstrained build operations Thread 22" [_thread_blocked, id=28064, stack(0x0000008cac500000,0x0000008cac600000)]
  0x0000023ecae1e7f0 JavaThread "Unconstrained build operations Thread 23" [_thread_blocked, id=19528, stack(0x0000008cacf00000,0x0000008cad000000)]
  0x0000023ecae1ed00 JavaThread "Unconstrained build operations Thread 24" [_thread_blocked, id=11164, stack(0x0000008cad000000,0x0000008cad100000)]
  0x0000023ecae1b550 JavaThread "Unconstrained build operations Thread 25" [_thread_blocked, id=2984, stack(0x0000008cad100000,0x0000008cad200000)]
  0x0000023ecae1f720 JavaThread "Unconstrained build operations Thread 26" [_thread_blocked, id=12828, stack(0x0000008cad200000,0x0000008cad300000)]
  0x0000023ecae1f210 JavaThread "Unconstrained build operations Thread 27" [_thread_blocked, id=32712, stack(0x0000008cad300000,0x0000008cad400000)]
  0x0000023ecae20b60 JavaThread "Unconstrained build operations Thread 28" [_thread_blocked, id=12324, stack(0x0000008cad400000,0x0000008cad500000)]
  0x0000023ecae20140 JavaThread "Unconstrained build operations Thread 29" [_thread_blocked, id=20056, stack(0x0000008caba00000,0x0000008cabb00000)]
  0x0000023ecae20650 JavaThread "Unconstrained build operations Thread 30" [_thread_blocked, id=8004, stack(0x0000008cad500000,0x0000008cad600000)]
  0x0000023ecaa4f8c0 JavaThread "Unconstrained build operations Thread 31" [_thread_blocked, id=32204, stack(0x0000008cad600000,0x0000008cad700000)]
  0x0000023ecaa4df70 JavaThread "Unconstrained build operations Thread 32" [_thread_blocked, id=11180, stack(0x0000008cad700000,0x0000008cad800000)]
  0x0000023ecaa4da60 JavaThread "Unconstrained build operations Thread 33" [_thread_blocked, id=20636, stack(0x0000008cad800000,0x0000008cad900000)]
  0x0000023ecaa4e480 JavaThread "Unconstrained build operations Thread 34" [_thread_blocked, id=32164, stack(0x0000008cad900000,0x0000008cada00000)]
  0x0000023ecaa4e990 JavaThread "Unconstrained build operations Thread 35" [_thread_blocked, id=28960, stack(0x0000008cada00000,0x0000008cadb00000)]
  0x0000023ecaa4fdd0 JavaThread "Unconstrained build operations Thread 36" [_thread_blocked, id=22116, stack(0x0000008cadb00000,0x0000008cadc00000)]
  0x0000023ecaa502e0 JavaThread "Unconstrained build operations Thread 37" [_thread_blocked, id=6500, stack(0x0000008cadc00000,0x0000008cadd00000)]
  0x0000023ecaa4f3b0 JavaThread "Unconstrained build operations Thread 38" [_thread_blocked, id=18960, stack(0x0000008cadd00000,0x0000008cade00000)]
  0x0000023ecaa4d550 JavaThread "Unconstrained build operations Thread 39" [_thread_blocked, id=14672, stack(0x0000008cadf00000,0x0000008cae000000)]
  0x0000023ecaa507f0 JavaThread "Unconstrained build operations Thread 40" [_thread_blocked, id=18300, stack(0x0000008cae000000,0x0000008cae100000)]
  0x0000023ecaa4d040 JavaThread "Unconstrained build operations Thread 41" [_thread_blocked, id=32368, stack(0x0000008cae100000,0x0000008cae200000)]
  0x0000023ec8a46470 JavaThread "Unconstrained build operations Thread 42" [_thread_blocked, id=20832, stack(0x0000008cae200000,0x0000008cae300000)]
  0x0000023ec8a49200 JavaThread "Unconstrained build operations Thread 43" [_thread_blocked, id=10576, stack(0x0000008cae300000,0x0000008cae400000)]
  0x0000023ec8a473a0 JavaThread "Unconstrained build operations Thread 44" [_thread_blocked, id=27628, stack(0x0000008cae400000,0x0000008cae500000)]
  0x0000023ec8a46980 JavaThread "Unconstrained build operations Thread 45" [_thread_blocked, id=33552, stack(0x0000008cae500000,0x0000008cae600000)]
  0x0000023ec8a487e0 JavaThread "Unconstrained build operations Thread 46" [_thread_blocked, id=22516, stack(0x0000008cae600000,0x0000008cae700000)]
  0x0000023ec8a48cf0 JavaThread "Unconstrained build operations Thread 47" [_thread_blocked, id=33496, stack(0x0000008cae700000,0x0000008cae800000)]
  0x0000023ec8a49710 JavaThread "Unconstrained build operations Thread 48" [_thread_blocked, id=16412, stack(0x0000008cae800000,0x0000008cae900000)]
  0x0000023ec8a45f60 JavaThread "Unconstrained build operations Thread 49" [_thread_blocked, id=5944, stack(0x0000008cae900000,0x0000008caea00000)]
  0x0000023ec8a482d0 JavaThread "Unconstrained build operations Thread 50" [_thread_blocked, id=15740, stack(0x0000008caea00000,0x0000008caeb00000)]
  0x0000023ec8a49c20 JavaThread "Unconstrained build operations Thread 51" [_thread_blocked, id=22832, stack(0x0000008caeb00000,0x0000008caec00000)]
  0x0000023ec8a4a640 JavaThread "Unconstrained build operations Thread 52" [_thread_blocked, id=32240, stack(0x0000008caec00000,0x0000008caed00000)]
  0x0000023ec8a4a130 JavaThread "Unconstrained build operations Thread 53" [_thread_blocked, id=18316, stack(0x0000008caed00000,0x0000008caee00000)]
  0x0000023ec8a4ab50 JavaThread "Unconstrained build operations Thread 54" [_thread_blocked, id=32824, stack(0x0000008caee00000,0x0000008caef00000)]
  0x0000023ec8a4b060 JavaThread "Unconstrained build operations Thread 55" [_thread_blocked, id=33620, stack(0x0000008caef00000,0x0000008caf000000)]
  0x0000023ec8a478b0 JavaThread "Unconstrained build operations Thread 56" [_thread_blocked, id=1940, stack(0x0000008caf000000,0x0000008caf100000)]
  0x0000023ec8a4b570 JavaThread "Unconstrained build operations Thread 57" [_thread_blocked, id=19444, stack(0x0000008caf100000,0x0000008caf200000)]
  0x0000023ec8a47dc0 JavaThread "Unconstrained build operations Thread 58" [_thread_blocked, id=26528, stack(0x0000008caf200000,0x0000008caf300000)]
  0x0000023ec8a4ba80 JavaThread "Unconstrained build operations Thread 59" [_thread_blocked, id=32812, stack(0x0000008caf300000,0x0000008caf400000)]
  0x0000023ec8a4bf90 JavaThread "Unconstrained build operations Thread 60" [_thread_blocked, id=24300, stack(0x0000008caf400000,0x0000008caf500000)]
  0x0000023ec8a4c4a0 JavaThread "Unconstrained build operations Thread 61" [_thread_blocked, id=26332, stack(0x0000008caf500000,0x0000008caf600000)]
  0x0000023ec8a4c9b0 JavaThread "Unconstrained build operations Thread 62" [_thread_blocked, id=23620, stack(0x0000008caf600000,0x0000008caf700000)]
  0x0000023ec8a4cec0 JavaThread "Unconstrained build operations Thread 63" [_thread_blocked, id=29804, stack(0x0000008caf700000,0x0000008caf800000)]
  0x0000023ec8a4d3d0 JavaThread "Unconstrained build operations Thread 64" [_thread_blocked, id=24784, stack(0x0000008caf800000,0x0000008caf900000)]
  0x0000023ec8a4d8e0 JavaThread "Unconstrained build operations Thread 65" [_thread_blocked, id=32776, stack(0x0000008caf900000,0x0000008cafa00000)]
  0x0000023ec7e2d950 JavaThread "Unconstrained build operations Thread 66" [_thread_blocked, id=22068, stack(0x0000008cafa00000,0x0000008cafb00000)]
  0x0000023ec7e2a6b0 JavaThread "Unconstrained build operations Thread 67" [_thread_blocked, id=8036, stack(0x0000008cafb00000,0x0000008cafc00000)]
  0x0000023ec7e2ca20 JavaThread "Unconstrained build operations Thread 68" [_thread_blocked, id=24312, stack(0x0000008cafc00000,0x0000008cafd00000)]
  0x0000023ec7e2baf0 JavaThread "Unconstrained build operations Thread 69" [_thread_blocked, id=31324, stack(0x0000008cafd00000,0x0000008cafe00000)]
  0x0000023ec7e2de60 JavaThread "Unconstrained build operations Thread 70" [_thread_blocked, id=31076, stack(0x0000008cafe00000,0x0000008caff00000)]
  0x0000023ec7e2cf30 JavaThread "Unconstrained build operations Thread 71" [_thread_blocked, id=23576, stack(0x0000008cb0000000,0x0000008cb0100000)]
  0x0000023ec7e2d440 JavaThread "Unconstrained build operations Thread 72" [_thread_blocked, id=30776, stack(0x0000008cb0100000,0x0000008cb0200000)]
  0x0000023ec7e2e370 JavaThread "Unconstrained build operations Thread 73" [_thread_blocked, id=10028, stack(0x0000008cb0200000,0x0000008cb0300000)]
  0x0000023ec7e2e880 JavaThread "Unconstrained build operations Thread 74" [_thread_blocked, id=25852, stack(0x0000008cb0300000,0x0000008cb0400000)]
  0x0000023ec7e2b0d0 JavaThread "Unconstrained build operations Thread 75" [_thread_blocked, id=27464, stack(0x0000008cb0400000,0x0000008cb0500000)]
  0x0000023ec7e2c510 JavaThread "Unconstrained build operations Thread 76" [_thread_blocked, id=30408, stack(0x0000008cb0500000,0x0000008cb0600000)]
  0x0000023ec7e2ed90 JavaThread "Unconstrained build operations Thread 77" [_thread_blocked, id=32772, stack(0x0000008cb0600000,0x0000008cb0700000)]
  0x0000023ec7e2b5e0 JavaThread "Unconstrained build operations Thread 78" [_thread_blocked, id=17700, stack(0x0000008cb0700000,0x0000008cb0800000)]
  0x0000023ec7e2f2a0 JavaThread "Unconstrained build operations Thread 79" [_thread_blocked, id=17684, stack(0x0000008cb0800000,0x0000008cb0900000)]
  0x0000023ec7e2f7b0 JavaThread "Unconstrained build operations Thread 80" [_thread_blocked, id=17704, stack(0x0000008cb0900000,0x0000008cb0a00000)]
  0x0000023ec7e2fcc0 JavaThread "WorkerExecutor Queue" [_thread_in_Java, id=28080, stack(0x0000008cb0a00000,0x0000008cb0b00000)]
  0x0000023ec7e301d0 JavaThread "WorkerExecutor Queue Thread 2" [_thread_blocked, id=5496, stack(0x0000008cb0b00000,0x0000008cb0c00000)]
  0x0000023ec7e31610 JavaThread "WorkerExecutor Queue Thread 3" [_thread_blocked, id=12120, stack(0x0000008cb0c00000,0x0000008cb0d00000)]
  0x0000023ec7e30bf0 JavaThread "WorkerExecutor Queue Thread 4" [_thread_blocked, id=32244, stack(0x0000008cade00000,0x0000008cadf00000)]
  0x0000023ece801040 JavaThread "WorkerExecutor Queue Thread 5" [_thread_blocked, id=27872, stack(0x0000008cb0e00000,0x0000008cb0f00000)]
  0x0000023ece801550 JavaThread "WorkerExecutor Queue Thread 6" [_thread_blocked, id=29156, stack(0x0000008cb0d00000,0x0000008cb0e00000)]
  0x0000023ece8089c0 JavaThread "WorkerExecutor Queue Thread 7" [_thread_blocked, id=9044, stack(0x0000008caff00000,0x0000008cb0000000)]
  0x0000023edda22700 JavaThread "Periodic tasks thread" daemon [_thread_blocked, id=17564, stack(0x0000008cab200000,0x0000008cab300000)]
  0x0000023edda24f80 JavaThread "ApplicationImpl pooled thread 1" daemon [_thread_blocked, id=30088, stack(0x0000008cab300000,0x0000008cab400000)]
  0x0000023edda268d0 JavaThread "Java2D Disposer" daemon [_thread_blocked, id=18888, stack(0x0000008cabc00000,0x0000008cabd00000)]
  0x0000023edda23120 JavaThread "AWT-Windows" daemon [_thread_in_native, id=33648, stack(0x0000008cac300000,0x0000008cac400000)]
  0x0000023ecc898e10 JavaThread "WorkerExecutor Queue Thread 8" [_thread_blocked, id=1764, stack(0x0000008ca9d00000,0x0000008ca9e00000)]
  0x0000023ecc895b70 JavaThread "RMI Scheduler(0)" daemon [_thread_blocked, id=16212, stack(0x0000008cabb00000,0x0000008cabc00000)]
  0x0000023ecc899d40 JavaThread "RMI GC Daemon" daemon [_thread_blocked, id=33208, stack(0x0000008cb1000000,0x0000008cb1100000)]
  0x0000023ecc899830 JavaThread "RMI TCP Accept-0" daemon [_thread_in_native, id=11820, stack(0x0000008cb1100000,0x0000008cb1200000)]
  0x0000023ecc896aa0 JavaThread "RMI Reaper" [_thread_blocked, id=23532, stack(0x0000008cb1200000,0x0000008cb1300000)]
  0x0000023ecc896590 JavaThread "Cache worker for Java compile cache (D:\gradle\caches\8.14.4\javaCompile)" [_thread_blocked, id=2108, stack(0x0000008cabe00000,0x0000008cabf00000)]
  0x0000023ecc89b690 JavaThread "Build operations" [_thread_blocked, id=12940, stack(0x0000008cac000000,0x0000008cac100000)]
  0x0000023ecc89a760 JavaThread "Build operations Thread 2" [_thread_blocked, id=24916, stack(0x0000008cac100000,0x0000008cac200000)]
  0x0000023ecc89b180 JavaThread "Build operations Thread 3" [_thread_blocked, id=32096, stack(0x0000008cac200000,0x0000008cac300000)]
  0x0000023ecc89da00 JavaThread "Build operations Thread 4" [_thread_blocked, id=24860, stack(0x0000008cac400000,0x0000008cac500000)]
  0x0000023ecc89cfe0 JavaThread "Build operations Thread 5" [_thread_blocked, id=27176, stack(0x0000008cb1300000,0x0000008cb1400000)]
  0x0000023ecc89bba0 JavaThread "Build operations Thread 6" [_thread_blocked, id=17300, stack(0x0000008cb1400000,0x0000008cb1500000)]
  0x0000023ecc89d4f0 JavaThread "Build operations Thread 7" [_thread_blocked, id=27972, stack(0x0000008cb1500000,0x0000008cb1600000)]
  0x0000023ece807a90 JavaThread "DefaultDispatcher-worker-1" daemon [_thread_blocked, id=21516, stack(0x0000008cb0f00000,0x0000008cb1000000)]
  0x0000023edda259a0 JavaThread "DefaultDispatcher-worker-2" daemon [_thread_blocked, id=33372, stack(0x0000008cb1600000,0x0000008cb1700000)]
  0x0000023eca30a400 JavaThread "DefaultDispatcher-worker-3" daemon [_thread_blocked, id=2432, stack(0x0000008cb1700000,0x0000008cb1800000)]
  0x0000023ecf8ef400 JavaThread "Periodic tasks thread" daemon [_thread_blocked, id=32724, stack(0x0000008cab800000,0x0000008cab900000)]
  0x0000023ecf8f0330 JavaThread "ApplicationImpl pooled thread 1" [_thread_blocked, id=33380, stack(0x0000008cabd00000,0x0000008cabe00000)]
  0x0000023ecf8f35d0 JavaThread "ForkJoinPool.commonPool-worker-8" daemon [_thread_blocked, id=21752, stack(0x0000008cb1900000,0x0000008cb1a00000)]
  0x0000023ecf8f6d80 JavaThread "RMI TCP Connection(idle)" daemon [_thread_blocked, id=29216, stack(0x0000008cb1a00000,0x0000008cb1b00000)]
  0x0000023ecf8f86d0 JavaThread "ForkJoinPool.commonPool-worker-9" daemon [_thread_blocked, id=26768, stack(0x0000008cb1800000,0x0000008cb1900000)]
  0x0000023ecf8f8be0 JavaThread "ForkJoinPool-1-worker-1" daemon [_thread_in_Java, id=1976, stack(0x0000008cabf00000,0x0000008cac000000)]
  0x0000023ecf8f5430 JavaThread "ForkJoinPool-1-worker-2" daemon [_thread_in_vm, id=32804, stack(0x0000008cb1b00000,0x0000008cb1c00000)]
  0x0000023ecf8f5e50 JavaThread "ForkJoinPool-1-worker-3" daemon [_thread_in_Java, id=31936, stack(0x0000008cb1c00000,0x0000008cb1d00000)]
  0x0000023ecf8f90f0 JavaThread "ForkJoinPool-1-worker-4" daemon [_thread_in_Java, id=4404, stack(0x0000008cb1d00000,0x0000008cb1e00000)]
  0x0000023ecf8f5940 JavaThread "ForkJoinPool-1-worker-5" daemon [_thread_blocked, id=28480, stack(0x0000008cb1e00000,0x0000008cb1f00000)]
  0x0000023ecf8f9600 JavaThread "ForkJoinPool-1-worker-6" daemon [_thread_blocked, id=6616, stack(0x0000008cb1f00000,0x0000008cb2000000)]
  0x0000023ecf8f6870 JavaThread "ForkJoinPool-1-worker-7" daemon [_thread_in_Java, id=30644, stack(0x0000008cb2000000,0x0000008cb2100000)]
  0x0000023ecf8f9b10 JavaThread "ForkJoinPool-1-worker-8" daemon [_thread_blocked, id=2084, stack(0x0000008cb2100000,0x0000008cb2200000)]
  0x0000023ecf8fa020 JavaThread "ForkJoinPool.commonPool-worker-10" daemon [_thread_blocked, id=10944, stack(0x0000008cb2400000,0x0000008cb2500000)]
=>0x0000023ede651c90 JavaThread "C2 CompilerThread1" daemon [_thread_in_native, id=18096, stack(0x0000008cb2200000,0x0000008cb2300000)]

Other Threads:
  0x0000023effc7ea80 VMThread "VM Thread" [stack: 0x0000008ca6f00000,0x0000008ca7000000] [id=26116]
  0x0000023ec06f60a0 WatcherThread [stack: 0x0000008ca7b00000,0x0000008ca7c00000] [id=31964]
  0x0000023eff3a3930 GCTaskThread "GC Thread#0" [stack: 0x0000008ca6e00000,0x0000008ca6f00000] [id=26412]
  0x0000023ec62a84f0 GCTaskThread "GC Thread#1" [stack: 0x0000008ca7c00000,0x0000008ca7d00000] [id=23568]
  0x0000023ec62a87b0 GCTaskThread "GC Thread#2" [stack: 0x0000008ca7d00000,0x0000008ca7e00000] [id=27684]
  0x0000023ec62a8a70 GCTaskThread "GC Thread#3" [stack: 0x0000008ca7e00000,0x0000008ca7f00000] [id=17960]
  0x0000023ec62a8d30 GCTaskThread "GC Thread#4" [stack: 0x0000008ca7f00000,0x0000008ca8000000] [id=32336]
  0x0000023ec7753070 GCTaskThread "GC Thread#5" [stack: 0x0000008ca8300000,0x0000008ca8400000] [id=18612]
  0x0000023ec73e6110 GCTaskThread "GC Thread#6" [stack: 0x0000008ca8400000,0x0000008ca8500000] [id=33236]
  0x0000023ec6a8ce10 GCTaskThread "GC Thread#7" [stack: 0x0000008ca8500000,0x0000008ca8600000] [id=32100]

Threads with active compile tasks:
C2 CompilerThread0  1032254 62204       4       com.android.tools.r8.shaking.fa$b::a (77 bytes)
C2 CompilerThread1  1032255 62016       4       org.jetbrains.org.objectweb.asm.ClassReader::accept (1410 bytes)

VM state: not at safepoint (normal execution)

VM Mutex/Monitor currently owned by a thread: None

Heap address: 0x0000000680000000, size: 6144 MB, Compressed Oops mode: Zero based, Oop shift amount: 3

CDS archive(s) mapped at: [0x0000023ea5000000-0x0000023ea5bd0000-0x0000023ea5bd0000), size 12386304, SharedBaseAddress: 0x0000023ea5000000, ArchiveRelocationMode: 1.
Compressed class space mapped at: 0x0000023ea6000000-0x0000023ec0000000, reserved size: 436207616
Narrow klass base: 0x0000023ea5000000, Narrow klass shift: 0, Narrow klass range: 0x100000000

GC Precious Log:
 CPUs: 8 total, 8 available
 Memory: 7785M
 Large Page Support: Disabled
 NUMA Support: Disabled
 Compressed Oops: Enabled (Zero based)
 Alignments: Space 512K, Generation 512K, Heap 2M
 Heap Min Capacity: 256M
 Heap Initial Capacity: 256M
 Heap Max Capacity: 6G
 Pre-touch: Disabled
 Parallel Workers: 8

Heap:
 PSYoungGen      total 1076736K, used 216421K [0x0000000780000000, 0x00000007eeb00000, 0x0000000800000000)
  eden space 377856K, 55% used [0x0000000780000000,0x000000078ce51568,0x0000000797100000)
  from space 698880K, 0% used [0x0000000797100000,0x0000000797608010,0x00000007c1b80000)
  to   space 697856K, 0% used [0x00000007c4180000,0x00000007c4180000,0x00000007eeb00000)
 ParOldGen       total 1516032K, used 1298307K [0x0000000680000000, 0x00000006dc880000, 0x0000000780000000)
  object space 1516032K, 85% used [0x0000000680000000,0x00000006cf3e0ec8,0x00000006dc880000)
 Metaspace       used 296347K, committed 298176K, reserved 753664K
  class space    used 35820K, committed 36672K, reserved 425984K

Card table byte_map: [0x0000023e967f0000,0x0000023e97400000] _byte_map_base: 0x0000023e933f0000

Marking Bits: (ParMarkBitMap*) 0x00007ffc12452be0
 Begin Bits: [0x0000023e97c00000, 0x0000023e9dc00000)
 End Bits:   [0x0000023e9dc00000, 0x0000023ea3c00000)

Polling page: 0x0000023efe980000

Metaspace:

Usage:
  Non-class:    254.42 MB used.
      Class:     34.98 MB used.
       Both:    289.40 MB used.

Virtual space:
  Non-class space:      320.00 MB reserved,     255.38 MB ( 80%) committed,  5 nodes.
      Class space:      416.00 MB reserved,      35.81 MB (  9%) committed,  1 nodes.
             Both:      736.00 MB reserved,     291.19 MB ( 40%) committed. 

Chunk freelists:
   Non-Class:  16.48 MB
       Class:  12.20 MB
        Both:  28.69 MB

MaxMetaspaceSize: 512.00 MB
CompressedClassSpaceSize: 416.00 MB
Initial GC threshold: 21.00 MB
Current GC threshold: 484.31 MB
CDS: on
MetaspaceReclaimPolicy: balanced
 - commit_granule_bytes: 65536.
 - commit_granule_words: 8192.
 - virtual_space_node_default_size: 8388608.
 - enlarge_chunks_in_place: 1.
 - new_chunks_are_fully_committed: 0.
 - uncommit_free_chunks: 1.
 - use_allocation_guard: 0.
 - handle_deallocations: 1.


Internal statistics:

num_allocs_failed_limit: 12.
num_arena_births: 2920.
num_arena_deaths: 50.
num_vsnodes_births: 6.
num_vsnodes_deaths: 0.
num_space_committed: 4774.
num_space_uncommitted: 120.
num_chunks_returned_to_freelist: 519.
num_chunks_taken_from_freelist: 15608.
num_chunk_merges: 163.
num_chunk_splits: 10964.
num_chunks_enlarged: 7891.
num_inconsistent_stats: 0.

CodeHeap 'non-profiled nmethods': size=120000Kb used=42364Kb max_used=43461Kb free=77635Kb
 bounds [0x0000023e8f2c0000, 0x0000023e91d40000, 0x0000023e967f0000]
CodeHeap 'profiled nmethods': size=120000Kb used=103344Kb max_used=103344Kb free=16655Kb
 bounds [0x0000023e877f0000, 0x0000023e8dcf0000, 0x0000023e8ed20000]
CodeHeap 'non-nmethods': size=5760Kb used=2834Kb max_used=2984Kb free=2925Kb
 bounds [0x0000023e8ed20000, 0x0000023e8f020000, 0x0000023e8f2c0000]
 total_blobs=44844 nmethods=43403 adapters=1350
 compilation: enabled
              stopped_count=0, restarted_count=0
 full_count=0

Compilation events (20 events):
Event: 1030.670 Thread 0x0000023ec04e4b80 nmethod 62067 0x0000023e8bf86490 code [0x0000023e8bf86620, 0x0000023e8bf86738]
Event: 1030.670 Thread 0x0000023ec04e4b80 62068       1       org.jetbrains.kotlin.fir.expressions.builder.FirAnnotationBuilder::setSource (6 bytes)
Event: 1030.670 Thread 0x0000023ec04e4b80 nmethod 62068 0x0000023e90a55990 code [0x0000023e90a55b20, 0x0000023e90a55bf8]
Event: 1030.689 Thread 0x0000023ec04e4b80 62069       3       com.android.tools.r8.shaking.n3::<init> (70 bytes)
Event: 1030.690 Thread 0x0000023ec04e4b80 nmethod 62069 0x0000023e8d697710 code [0x0000023e8d6978c0, 0x0000023e8d697aa8]
Event: 1030.697 Thread 0x0000023ec04e4b80 62070       3       org.jetbrains.kotlin.analysis.low.level.api.fir.api.FirDesignationKt::tryCollectDesignation (415 bytes)
Event: 1030.707 Thread 0x0000023ec04e4b80 nmethod 62070 0x0000023e8dc5f990 code [0x0000023e8dc603c0, 0x0000023e8dc67118]
Event: 1030.707 Thread 0x0000023ec04e4b80 62073       3       com.intellij.psi.util.PsiTreeUtil::getNextSiblingOfType (53 bytes)
Event: 1030.708 Thread 0x0000023ec04e4b80 nmethod 62073 0x0000023e8d6c3d10 code [0x0000023e8d6c3f40, 0x0000023e8d6c46e8]
Event: 1030.708 Thread 0x0000023ec04e4b80 62071       3       org.jetbrains.kotlin.fir.visitors.FirDefaultTransformer::transformResolvedTypeRef (16 bytes)
Event: 1030.709 Thread 0x0000023ec04e4b80 nmethod 62071 0x0000023e8d704e10 code [0x0000023e8d705020, 0x0000023e8d7056c8]
Event: 1030.716 Thread 0x0000023ec04e4b80 62074       3       org.jetbrains.kotlin.fir.declarations.impl.FirDefaultPropertyGetter::<init> (88 bytes)
Event: 1030.722 Thread 0x0000023ec04e4b80 nmethod 62074 0x0000023e8dc68990 code [0x0000023e8dc68f00, 0x0000023e8dc6b638]
Event: 1030.725 Thread 0x0000023ec04e4b80 62075       3       org.jetbrains.kotlin.analysis.api.impl.base.java.KaBaseKotlinJavaPsiFacade::getRestrictedAnalysisService (15 bytes)
Event: 1030.725 Thread 0x0000023ec04e4b80 nmethod 62075 0x0000023e8d73cd90 code [0x0000023e8d73cf40, 0x0000023e8d73d228]
Event: 1030.725 Thread 0x0000023ec04e4b80 62076       3       com.intellij.psi.search.SearchScope::isEmptyScope (28 bytes)
Event: 1030.726 Thread 0x0000023ec04e4b80 nmethod 62076 0x0000023e8d93f410 code [0x0000023e8d93f5c0, 0x0000023e8d93f7c8]
Event: 1030.735 Thread 0x0000023ec04e4b80 62078       1       org.jetbrains.kotlin.fir.java.declarations.FirJavaTypeParameter::getSymbol (5 bytes)
Event: 1030.736 Thread 0x0000023ec04e4b80 nmethod 62078 0x0000023e910acb90 code [0x0000023e910acd20, 0x0000023e910acdf8]
Event: 1030.738 Thread 0x0000023ec04e4b80 62085       3       com.android.tools.r8.shaking.fa$b::a (1509 bytes)

GC Heap History (20 events):
Event: 1000.118 GC heap before
{Heap before GC invocations=139 (full 8):
 PSYoungGen      total 888320K, used 801379K [0x0000000780000000, 0x00000007e5080000, 0x0000000800000000)
  eden space 223744K, 100% used [0x0000000780000000,0x000000078da80000,0x000000078da80000)
  from space 664576K, 86% used [0x00000007b8500000,0x00000007db918fd0,0x00000007e0e00000)
  to   space 698880K, 0% used [0x000000078da80000,0x000000078da80000,0x00000007b8500000)
 ParOldGen       total 884224K, used 819565K [0x0000000680000000, 0x00000006b5f80000, 0x0000000780000000)
  object space 884224K, 92% used [0x0000000680000000,0x00000006b205b4d0,0x00000006b5f80000)
 Metaspace       used 300525K, committed 302400K, reserved 753664K
  class space    used 36198K, committed 37056K, reserved 425984K
}
Event: 1000.853 GC heap after
{Heap after GC invocations=139 (full 8):
 PSYoungGen      total 922624K, used 588926K [0x0000000780000000, 0x00000007e5200000, 0x0000000800000000)
  eden space 223744K, 0% used [0x0000000780000000,0x0000000780000000,0x000000078da80000)
  from space 698880K, 84% used [0x000000078da80000,0x00000007b199f9a8,0x00000007b8500000)
  to   space 698880K, 0% used [0x00000007ba780000,0x00000007ba780000,0x00000007e5200000)
 ParOldGen       total 884224K, used 871514K [0x0000000680000000, 0x00000006b5f80000, 0x0000000780000000)
  object space 884224K, 98% used [0x0000000680000000,0x00000006b5316ad0,0x00000006b5f80000)
 Metaspace       used 300525K, committed 302400K, reserved 753664K
  class space    used 36198K, committed 37056K, reserved 425984K
}
Event: 1000.853 GC heap before
{Heap before GC invocations=140 (full 9):
 PSYoungGen      total 922624K, used 588926K [0x0000000780000000, 0x00000007e5200000, 0x0000000800000000)
  eden space 223744K, 0% used [0x0000000780000000,0x0000000780000000,0x000000078da80000)
  from space 698880K, 84% used [0x000000078da80000,0x00000007b199f9a8,0x00000007b8500000)
  to   space 698880K, 0% used [0x00000007ba780000,0x00000007ba780000,0x00000007e5200000)
 ParOldGen       total 884224K, used 871514K [0x0000000680000000, 0x00000006b5f80000, 0x0000000780000000)
  object space 884224K, 98% used [0x0000000680000000,0x00000006b5316ad0,0x00000006b5f80000)
 Metaspace       used 300525K, committed 302400K, reserved 753664K
  class space    used 36198K, committed 37056K, reserved 425984K
}
Event: 1011.416 GC heap after
{Heap after GC invocations=140 (full 9):
 PSYoungGen      total 922624K, used 319525K [0x0000000780000000, 0x00000007e5380000, 0x0000000800000000)
  eden space 223744K, 0% used [0x0000000780000000,0x0000000780000000,0x000000078da80000)
  from space 698880K, 45% used [0x000000078da80000,0x00000007a12897c8,0x00000007b8500000)
  to   space 698880K, 0% used [0x00000007ba900000,0x00000007ba900000,0x00000007e5380000)
 ParOldGen       total 1162240K, used 883913K [0x0000000680000000, 0x00000006c6f00000, 0x0000000780000000)
  object space 1162240K, 76% used [0x0000000680000000,0x00000006b5f327d8,0x00000006c6f00000)
 Metaspace       used 289192K, committed 294720K, reserved 753664K
  class space    used 35006K, committed 36608K, reserved 425984K
}
Event: 1016.854 GC heap before
{Heap before GC invocations=141 (full 9):
 PSYoungGen      total 922624K, used 543269K [0x0000000780000000, 0x00000007e5380000, 0x0000000800000000)
  eden space 223744K, 100% used [0x0000000780000000,0x000000078da80000,0x000000078da80000)
  from space 698880K, 45% used [0x000000078da80000,0x00000007a12897c8,0x00000007b8500000)
  to   space 698880K, 0% used [0x00000007ba900000,0x00000007ba900000,0x00000007e5380000)
 ParOldGen       total 1162240K, used 883913K [0x0000000680000000, 0x00000006c6f00000, 0x0000000780000000)
  object space 1162240K, 76% used [0x0000000680000000,0x00000006b5f327d8,0x00000006c6f00000)
 Metaspace       used 290749K, committed 294720K, reserved 753664K
  class space    used 35272K, committed 36608K, reserved 425984K
}
Event: 1017.966 GC heap after
{Heap after GC invocations=141 (full 9):
 PSYoungGen      total 957440K, used 367136K [0x0000000780000000, 0x00000007e5280000, 0x0000000800000000)
  eden space 259584K, 0% used [0x0000000780000000,0x0000000780000000,0x000000078fd80000)
  from space 697856K, 52% used [0x00000007ba900000,0x00000007d0f881b0,0x00000007e5280000)
  to   space 698880K, 0% used [0x000000078fd80000,0x000000078fd80000,0x00000007ba800000)
 ParOldGen       total 1162240K, used 901737K [0x0000000680000000, 0x00000006c6f00000, 0x0000000780000000)
  object space 1162240K, 77% used [0x0000000680000000,0x00000006b709a620,0x00000006c6f00000)
 Metaspace       used 290749K, committed 294720K, reserved 753664K
  class space    used 35272K, committed 36608K, reserved 425984K
}
Event: 1022.126 GC heap before
{Heap before GC invocations=142 (full 9):
 PSYoungGen      total 957440K, used 626720K [0x0000000780000000, 0x00000007e5280000, 0x0000000800000000)
  eden space 259584K, 100% used [0x0000000780000000,0x000000078fd80000,0x000000078fd80000)
  from space 697856K, 52% used [0x00000007ba900000,0x00000007d0f881b0,0x00000007e5280000)
  to   space 698880K, 0% used [0x000000078fd80000,0x000000078fd80000,0x00000007ba800000)
 ParOldGen       total 1162240K, used 901737K [0x0000000680000000, 0x00000006c6f00000, 0x0000000780000000)
  object space 1162240K, 77% used [0x0000000680000000,0x00000006b709a620,0x00000006c6f00000)
 Metaspace       used 295571K, committed 297408K, reserved 753664K
  class space    used 35792K, committed 36672K, reserved 425984K
}
Event: 1022.382 GC heap after
{Heap after GC invocations=142 (full 9):
 PSYoungGen      total 958464K, used 291382K [0x0000000780000000, 0x00000007e7a00000, 0x0000000800000000)
  eden space 259584K, 0% used [0x0000000780000000,0x0000000780000000,0x000000078fd80000)
  from space 698880K, 41% used [0x000000078fd80000,0x00000007a1a0da28,0x00000007ba800000)
  to   space 698880K, 0% used [0x00000007bcf80000,0x00000007bcf80000,0x00000007e7a00000)
 ParOldGen       total 1162240K, used 1005874K [0x0000000680000000, 0x00000006c6f00000, 0x0000000780000000)
  object space 1162240K, 86% used [0x0000000680000000,0x00000006bd64cb58,0x00000006c6f00000)
 Metaspace       used 295571K, committed 297408K, reserved 753664K
  class space    used 35792K, committed 36672K, reserved 425984K
}
Event: 1023.259 GC heap before
{Heap before GC invocations=143 (full 9):
 PSYoungGen      total 958464K, used 550966K [0x0000000780000000, 0x00000007e7a00000, 0x0000000800000000)
  eden space 259584K, 100% used [0x0000000780000000,0x000000078fd80000,0x000000078fd80000)
  from space 698880K, 41% used [0x000000078fd80000,0x00000007a1a0da28,0x00000007ba800000)
  to   space 698880K, 0% used [0x00000007bcf80000,0x00000007bcf80000,0x00000007e7a00000)
 ParOldGen       total 1162240K, used 1005874K [0x0000000680000000, 0x00000006c6f00000, 0x0000000780000000)
  object space 1162240K, 86% used [0x0000000680000000,0x00000006bd64cb58,0x00000006c6f00000)
 Metaspace       used 295721K, committed 297536K, reserved 753664K
  class space    used 35792K, committed 36672K, reserved 425984K
}
Event: 1023.582 GC heap after
{Heap after GC invocations=143 (full 9):
 PSYoungGen      total 998912K, used 213514K [0x0000000780000000, 0x00000007e7c80000, 0x0000000800000000)
  eden space 300032K, 0% used [0x0000000780000000,0x0000000780000000,0x0000000792500000)
  from space 698880K, 30% used [0x00000007bcf80000,0x00000007ca002b88,0x00000007e7a00000)
  to   space 698880K, 0% used [0x0000000792500000,0x0000000792500000,0x00000007bcf80000)
 ParOldGen       total 1162240K, used 1088680K [0x0000000680000000, 0x00000006c6f00000, 0x0000000780000000)
  object space 1162240K, 93% used [0x0000000680000000,0x00000006c272a218,0x00000006c6f00000)
 Metaspace       used 295721K, committed 297536K, reserved 753664K
  class space    used 35792K, committed 36672K, reserved 425984K
}
Event: 1023.595 GC heap before
{Heap before GC invocations=144 (full 10):
 PSYoungGen      total 998912K, used 213514K [0x0000000780000000, 0x00000007e7c80000, 0x0000000800000000)
  eden space 300032K, 0% used [0x0000000780000000,0x0000000780000000,0x0000000792500000)
  from space 698880K, 30% used [0x00000007bcf80000,0x00000007ca002b88,0x00000007e7a00000)
  to   space 698880K, 0% used [0x0000000792500000,0x0000000792500000,0x00000007bcf80000)
 ParOldGen       total 1162240K, used 1088680K [0x0000000680000000, 0x00000006c6f00000, 0x0000000780000000)
  object space 1162240K, 93% used [0x0000000680000000,0x00000006c272a218,0x00000006c6f00000)
 Metaspace       used 295721K, committed 297536K, reserved 753664K
  class space    used 35792K, committed 36672K, reserved 425984K
}
Event: 1027.004 GC heap after
{Heap after GC invocations=144 (full 10):
 PSYoungGen      total 998912K, used 126909K [0x0000000780000000, 0x00000007ea100000, 0x0000000800000000)
  eden space 300032K, 0% used [0x0000000780000000,0x0000000780000000,0x0000000792500000)
  from space 698880K, 18% used [0x00000007bcf80000,0x00000007c4b6f450,0x00000007e7a00000)
  to   space 698880K, 0% used [0x0000000792500000,0x0000000792500000,0x00000007bcf80000)
 ParOldGen       total 1516032K, used 1161824K [0x0000000680000000, 0x00000006dc880000, 0x0000000780000000)
  object space 1516032K, 76% used [0x0000000680000000,0x00000006c6e98388,0x00000006dc880000)
 Metaspace       used 295721K, committed 297536K, reserved 753664K
  class space    used 35792K, committed 36672K, reserved 425984K
}
Event: 1027.712 GC heap before
{Heap before GC invocations=145 (full 10):
 PSYoungGen      total 998912K, used 426941K [0x0000000780000000, 0x00000007ea100000, 0x0000000800000000)
  eden space 300032K, 100% used [0x0000000780000000,0x0000000792500000,0x0000000792500000)
  from space 698880K, 18% used [0x00000007bcf80000,0x00000007c4b6f450,0x00000007e7a00000)
  to   space 698880K, 0% used [0x0000000792500000,0x0000000792500000,0x00000007bcf80000)
 ParOldGen       total 1516032K, used 1161824K [0x0000000680000000, 0x00000006dc880000, 0x0000000780000000)
  object space 1516032K, 76% used [0x0000000680000000,0x00000006c6e98388,0x00000006dc880000)
 Metaspace       used 295773K, committed 297600K, reserved 753664K
  class space    used 35793K, committed 36672K, reserved 425984K
}
Event: 1028.128 GC heap after
{Heap after GC invocations=145 (full 10):
 PSYoungGen      total 998912K, used 73818K [0x0000000780000000, 0x00000007ea000000, 0x0000000800000000)
  eden space 300032K, 0% used [0x0000000780000000,0x0000000780000000,0x0000000792500000)
  from space 698880K, 10% used [0x0000000792500000,0x0000000796d16908,0x00000007bcf80000)
  to   space 698880K, 0% used [0x00000007bf580000,0x00000007bf580000,0x00000007ea000000)
 ParOldGen       total 1516032K, used 1218766K [0x0000000680000000, 0x00000006dc880000, 0x0000000780000000)
  object space 1516032K, 80% used [0x0000000680000000,0x00000006ca633990,0x00000006dc880000)
 Metaspace       used 295773K, committed 297600K, reserved 753664K
  class space    used 35793K, committed 36672K, reserved 425984K
}
Event: 1028.867 GC heap before
{Heap before GC invocations=146 (full 10):
 PSYoungGen      total 998912K, used 373850K [0x0000000780000000, 0x00000007ea000000, 0x0000000800000000)
  eden space 300032K, 100% used [0x0000000780000000,0x0000000792500000,0x0000000792500000)
  from space 698880K, 10% used [0x0000000792500000,0x0000000796d16908,0x00000007bcf80000)
  to   space 698880K, 0% used [0x00000007bf580000,0x00000007bf580000,0x00000007ea000000)
 ParOldGen       total 1516032K, used 1218766K [0x0000000680000000, 0x00000006dc880000, 0x0000000780000000)
  object space 1516032K, 80% used [0x0000000680000000,0x00000006ca633990,0x00000006dc880000)
 Metaspace       used 295831K, committed 297664K, reserved 753664K
  class space    used 35793K, committed 36672K, reserved 425984K
}
Event: 1028.958 GC heap after
{Heap after GC invocations=146 (full 10):
 PSYoungGen      total 1036800K, used 25956K [0x0000000780000000, 0x00000007e9f80000, 0x0000000800000000)
  eden space 338432K, 0% used [0x0000000780000000,0x0000000780000000,0x0000000794a80000)
  from space 698368K, 3% used [0x00000007bf580000,0x00000007c0ed9190,0x00000007e9f80000)
  to   space 698880K, 0% used [0x0000000794a80000,0x0000000794a80000,0x00000007bf500000)
 ParOldGen       total 1516032K, used 1268890K [0x0000000680000000, 0x00000006dc880000, 0x0000000780000000)
  object space 1516032K, 83% used [0x0000000680000000,0x00000006cd726b48,0x00000006dc880000)
 Metaspace       used 295831K, committed 297664K, reserved 753664K
  class space    used 35793K, committed 36672K, reserved 425984K
}
Event: 1029.411 GC heap before
{Heap before GC invocations=147 (full 10):
 PSYoungGen      total 1036800K, used 364388K [0x0000000780000000, 0x00000007e9f80000, 0x0000000800000000)
  eden space 338432K, 100% used [0x0000000780000000,0x0000000794a80000,0x0000000794a80000)
  from space 698368K, 3% used [0x00000007bf580000,0x00000007c0ed9190,0x00000007e9f80000)
  to   space 698880K, 0% used [0x0000000794a80000,0x0000000794a80000,0x00000007bf500000)
 ParOldGen       total 1516032K, used 1268890K [0x0000000680000000, 0x00000006dc880000, 0x0000000780000000)
  object space 1516032K, 83% used [0x0000000680000000,0x00000006cd726b48,0x00000006dc880000)
 Metaspace       used 295968K, committed 297792K, reserved 753664K
  class space    used 35796K, committed 36672K, reserved 425984K
}
Event: 1029.458 GC heap after
{Heap after GC invocations=147 (full 10):
 PSYoungGen      total 1037312K, used 5072K [0x0000000780000000, 0x00000007ec880000, 0x0000000800000000)
  eden space 338432K, 0% used [0x0000000780000000,0x0000000780000000,0x0000000794a80000)
  from space 698880K, 0% used [0x0000000794a80000,0x0000000794f74020,0x00000007bf500000)
  to   space 698880K, 0% used [0x00000007c1e00000,0x00000007c1e00000,0x00000007ec880000)
 ParOldGen       total 1516032K, used 1290589K [0x0000000680000000, 0x00000006dc880000, 0x0000000780000000)
  object space 1516032K, 85% used [0x0000000680000000,0x00000006cec57778,0x00000006dc880000)
 Metaspace       used 295968K, committed 297792K, reserved 753664K
  class space    used 35796K, committed 36672K, reserved 425984K
}
Event: 1030.087 GC heap before
{Heap before GC invocations=148 (full 10):
 PSYoungGen      total 1037312K, used 343504K [0x0000000780000000, 0x00000007ec880000, 0x0000000800000000)
  eden space 338432K, 100% used [0x0000000780000000,0x0000000794a80000,0x0000000794a80000)
  from space 698880K, 0% used [0x0000000794a80000,0x0000000794f74020,0x00000007bf500000)
  to   space 698880K, 0% used [0x00000007c1e00000,0x00000007c1e00000,0x00000007ec880000)
 ParOldGen       total 1516032K, used 1290589K [0x0000000680000000, 0x00000006dc880000, 0x0000000780000000)
  object space 1516032K, 85% used [0x0000000680000000,0x00000006cec57778,0x00000006dc880000)
 Metaspace       used 296043K, committed 297856K, reserved 753664K
  class space    used 35797K, committed 36672K, reserved 425984K
}
Event: 1030.116 GC heap after
{Heap after GC invocations=148 (full 10):
 PSYoungGen      total 1074176K, used 3532K [0x0000000780000000, 0x00000007ec600000, 0x0000000800000000)
  eden space 377856K, 0% used [0x0000000780000000,0x0000000780000000,0x0000000797100000)
  from space 696320K, 0% used [0x00000007c1e00000,0x00000007c2173068,0x00000007ec600000)
  to   space 698880K, 0% used [0x0000000797100000,0x0000000797100000,0x00000007c1b80000)
 ParOldGen       total 1516032K, used 1294932K [0x0000000680000000, 0x00000006dc880000, 0x0000000780000000)
  object space 1516032K, 85% used [0x0000000680000000,0x00000006cf095028,0x00000006dc880000)
 Metaspace       used 296043K, committed 297856K, reserved 753664K
  class space    used 35797K, committed 36672K, reserved 425984K
}

Deoptimization events (20 events):
Event: 1029.552 Thread 0x0000023ec7e2fcc0 Uncommon trap: trap_request=0xffffff45 fr.pc=0x0000023e90d4015c relative=0x00000000000003fc
Event: 1029.552 Thread 0x0000023ec7e2fcc0 Uncommon trap: reason=unstable_if action=reinterpret pc=0x0000023e90d4015c method=kotlin.jvm.internal.CollectionToArray.toArray(Ljava/util/Collection;)[Ljava/lang/Object; @ 88 c2
Event: 1029.552 Thread 0x0000023ec7e2fcc0 DEOPT PACKING pc=0x0000023e90d4015c sp=0x0000008cb0af66d0
Event: 1029.552 Thread 0x0000023ec7e2fcc0 DEOPT UNPACKING pc=0x0000023e8ed720a3 sp=0x0000008cb0af6630 mode 2
Event: 1030.022 Thread 0x0000023ec7e2fcc0 Uncommon trap: trap_request=0xfffffff4 fr.pc=0x0000023e90f88d88 relative=0x0000000000002328
Event: 1030.022 Thread 0x0000023ec7e2fcc0 Uncommon trap: reason=null_check action=make_not_entrant pc=0x0000023e90f88d88 method=org.jetbrains.kotlin.analysis.low.level.api.fir.caches.FirThreadSafeCacheWithPostCompute.getValueIfComputed(Ljava/lang/Object;)Ljava/lang/Object; @ 14 c2
Event: 1030.022 Thread 0x0000023ec7e2fcc0 DEOPT PACKING pc=0x0000023e90f88d88 sp=0x0000008cb0af4e50
Event: 1030.022 Thread 0x0000023ec7e2fcc0 DEOPT UNPACKING pc=0x0000023e8ed720a3 sp=0x0000008cb0af4dc0 mode 2
Event: 1030.258 Thread 0x0000023ecf8f8be0 Uncommon trap: trap_request=0xffffff45 fr.pc=0x0000023e90ee2ec8 relative=0x00000000000054c8
Event: 1030.258 Thread 0x0000023ecf8f8be0 Uncommon trap: reason=unstable_if action=reinterpret pc=0x0000023e90ee2ec8 method=com.android.tools.r8.shaking.q9.a(Ljava/lang/String;ILjava/lang/String;ILjava/util/List;ILcom/android/tools/r8/shaking/k9$a;)Z @ 353 c2
Event: 1030.258 Thread 0x0000023ecf8f8be0 DEOPT PACKING pc=0x0000023e90ee2ec8 sp=0x0000008cabffea60
Event: 1030.258 Thread 0x0000023ecf8f8be0 DEOPT UNPACKING pc=0x0000023e8ed720a3 sp=0x0000008cabffea60 mode 2
Event: 1030.455 Thread 0x0000023ec7e2fcc0 Uncommon trap: trap_request=0xffffffde fr.pc=0x0000023e91335724 relative=0x00000000000008c4
Event: 1030.456 Thread 0x0000023ec7e2fcc0 Uncommon trap: reason=class_check action=maybe_recompile pc=0x0000023e91335724 method=java.util.concurrent.ConcurrentHashMap.replaceNode(Ljava/lang/Object;Ljava/lang/Object;Ljava/lang/Object;)Ljava/lang/Object; @ 178 c2
Event: 1030.456 Thread 0x0000023ec7e2fcc0 DEOPT PACKING pc=0x0000023e91335724 sp=0x0000008cb0af4d10
Event: 1030.456 Thread 0x0000023ec7e2fcc0 DEOPT UNPACKING pc=0x0000023e8ed720a3 sp=0x0000008cb0af4c98 mode 2
Event: 1030.735 Thread 0x0000023ecf8f8be0 Uncommon trap: trap_request=0xffffff45 fr.pc=0x0000023e90cba9d8 relative=0x0000000000003e78
Event: 1030.735 Thread 0x0000023ecf8f8be0 Uncommon trap: reason=unstable_if action=reinterpret pc=0x0000023e90cba9d8 method=com.android.tools.r8.shaking.fa$b.a(Lcom/android/tools/r8/graph/dc;Lcom/android/tools/r8/graph/e2;Lcom/android/tools/r8/shaking/k8;Lcom/android/tools/r8/shaking/p8;Lcom/andr
Event: 1030.735 Thread 0x0000023ecf8f8be0 DEOPT PACKING pc=0x0000023e90cba9d8 sp=0x0000008cabffe750
Event: 1030.735 Thread 0x0000023ecf8f8be0 DEOPT UNPACKING pc=0x0000023e8ed720a3 sp=0x0000008cabffe718 mode 2

Classes unloaded (20 events):
Event: 1002.488 Thread 0x0000023effc7ea80 Unloading class 0x0000023ea7752768 'androidx/room/compiler/processing/ksp/KspProcessingEnv$jvmVersion$2'
Event: 1002.489 Thread 0x0000023effc7ea80 Unloading class 0x0000023ea7752338 'androidx/room/compiler/processing/XProcessingEnv$Platform'
Event: 1002.489 Thread 0x0000023effc7ea80 Unloading class 0x0000023ea77520f8 'androidx/room/compiler/processing/ksp/KspProcessingEnv$jvmPlatformInfo$2'
Event: 1002.489 Thread 0x0000023effc7ea80 Unloading class 0x0000023ea7751cc8 'androidx/room/compiler/processing/XProcessingEnv$Backend'
Event: 1002.489 Thread 0x0000023effc7ea80 Unloading class 0x0000023ea7751ac8 'androidx/room/compiler/processing/XProcessingEnv$Companion'
Event: 1002.489 Thread 0x0000023effc7ea80 Unloading class 0x0000023ea7751738 'androidx/room/compiler/processing/ksp/KspProcessingEnv'
Event: 1002.489 Thread 0x0000023effc7ea80 Unloading class 0x0000023ea7751540 'androidx/room/compiler/processing/XProcessingEnv'
Event: 1002.489 Thread 0x0000023effc7ea80 Unloading class 0x0000023ea7751300 'androidx/room/compiler/processing/ksp/KspBasicAnnotationProcessor$DelegateLogger'
Event: 1002.489 Thread 0x0000023effc7ea80 Unloading class 0x0000023ea7750ec8 'androidx/room/processor/Context$BooleanProcessorOptions'
Event: 1002.489 Thread 0x0000023effc7ea80 Unloading class 0x0000023ea7750cc0 'androidx/room/compiler/processing/XProcessingEnvConfig$Builder'
Event: 1002.489 Thread 0x0000023effc7ea80 Unloading class 0x0000023ea7750ac0 'androidx/room/compiler/processing/XProcessingEnvConfig$Companion'
Event: 1002.489 Thread 0x0000023effc7ea80 Unloading class 0x0000023ea77508c0 'androidx/room/compiler/processing/XProcessingEnvConfig'
Event: 1002.489 Thread 0x0000023effc7ea80 Unloading class 0x0000023ea77506c0 'androidx/room/DatabaseProcessingStep$Companion'
Event: 1002.489 Thread 0x0000023effc7ea80 Unloading class 0x0000023ea7750480 'androidx/room/DatabaseProcessingStep'
Event: 1002.489 Thread 0x0000023effc7ea80 Unloading class 0x0000023ea7750288 'androidx/room/compiler/processing/XProcessingStep'
Event: 1002.489 Thread 0x0000023effc7ea80 Unloading class 0x0000023ea7750000 'androidx/room/RoomKspProcessor'
Event: 1002.490 Thread 0x0000023effc7ea80 Unloading class 0x0000023ea774dc00 'androidx/room/compiler/processing/ksp/KspBasicAnnotationProcessor'
Event: 1002.490 Thread 0x0000023effc7ea80 Unloading class 0x0000023ea7101430 'androidx/room/compiler/processing/XBasicAnnotationProcessor'
Event: 1002.490 Thread 0x0000023effc7ea80 Unloading class 0x0000023ea7101218 'com/bumptech/glide/annotation/ksp/GlideSymbolProcessorProvider'
Event: 1002.490 Thread 0x0000023effc7ea80 Unloading class 0x0000023ea7101000 'androidx/room/RoomKspProcessor$Provider'

Classes redefined (0 events):
No events

Internal exceptions (20 events):
Event: 970.189 Thread 0x0000023ecf8f5430 Exception <a 'java/lang/NoSuchMethodError'{0x000000079042e438}: 'long java.lang.invoke.DirectMethodHandle$Holder.invokeStatic(java.lang.Object, java.lang.Object)'> (0x000000079042e438) 
thrown [s\open\src\hotspot\share\interpreter\linkResolver.cpp, line 759]
Event: 970.189 Thread 0x0000023ecf8f9600 Exception <a 'java/lang/NoSuchMethodError'{0x0000000790518fb8}: 'long java.lang.invoke.DirectMethodHandle$Holder.invokeStatic(java.lang.Object, java.lang.Object)'> (0x0000000790518fb8) 
thrown [s\open\src\hotspot\share\interpreter\linkResolver.cpp, line 759]
Event: 970.189 Thread 0x0000023ecf8f90f0 Exception <a 'java/lang/NoSuchMethodError'{0x000000078f9d1e40}: 'long java.lang.invoke.DirectMethodHandle$Holder.invokeStatic(java.lang.Object, java.lang.Object)'> (0x000000078f9d1e40) 
thrown [s\open\src\hotspot\share\interpreter\linkResolver.cpp, line 759]
Event: 970.190 Thread 0x0000023ecf8f5e50 Exception <a 'java/lang/NoSuchMethodError'{0x000000078f967530}: 'long java.lang.invoke.DirectMethodHandle$Holder.invokeStatic(java.lang.Object, java.lang.Object)'> (0x000000078f967530) 
thrown [s\open\src\hotspot\share\interpreter\linkResolver.cpp, line 759]
Event: 970.190 Thread 0x0000023ecf8f9600 Exception <a 'java/lang/NoSuchMethodError'{0x000000079051c5b8}: 'long java.lang.invoke.DirectMethodHandle$Holder.invokeStaticInit(java.lang.Object, java.lang.Object)'> (0x000000079051c5b8) 
thrown [s\open\src\hotspot\share\interpreter\linkResolver.cpp, line 759]
Event: 970.190 Thread 0x0000023ecf8f9b10 Exception <a 'java/lang/NoSuchMethodError'{0x000000079073c718}: 'long java.lang.invoke.DirectMethodHandle$Holder.invokeStaticInit(java.lang.Object, java.lang.Object)'> (0x000000079073c718) 
thrown [s\open\src\hotspot\share\interpreter\linkResolver.cpp, line 759]
Event: 970.190 Thread 0x0000023ecf8f5430 Exception <a 'java/lang/NoSuchMethodError'{0x0000000790431a10}: 'long java.lang.invoke.DirectMethodHandle$Holder.invokeStaticInit(java.lang.Object, java.lang.Object)'> (0x0000000790431a10) 
thrown [s\open\src\hotspot\share\interpreter\linkResolver.cpp, line 759]
Event: 970.190 Thread 0x0000023ecf8f5e50 Exception <a 'java/lang/NoSuchMethodError'{0x000000078f96ab08}: 'long java.lang.invoke.DirectMethodHandle$Holder.invokeStaticInit(java.lang.Object, java.lang.Object)'> (0x000000078f96ab08) 
thrown [s\open\src\hotspot\share\interpreter\linkResolver.cpp, line 759]
Event: 1014.800 Thread 0x0000023ece801550 Implicit null exception at 0x0000023e91bedb55 to 0x0000023e91bef14c
Event: 1016.538 Thread 0x0000023ece801550 Implicit null exception at 0x0000023e91bae0e0 to 0x0000023e91bae5a0
Event: 1019.682 Thread 0x0000023ece801550 Exception <a 'java/lang/IncompatibleClassChangeError'{0x0000000782a9c9f0}: Found class java.lang.Object, but interface was expected> (0x0000000782a9c9f0) 
thrown [s\open\src\hotspot\share\interpreter\linkResolver.cpp, line 826]
Event: 1019.696 Thread 0x0000023ece801550 Exception <a 'java/lang/IncompatibleClassChangeError'{0x0000000782ab61a8}: Found class java.lang.Object, but interface was expected> (0x0000000782ab61a8) 
thrown [s\open\src\hotspot\share\interpreter\linkResolver.cpp, line 826]
Event: 1019.697 Thread 0x0000023ece801550 Exception <a 'java/lang/IncompatibleClassChangeError'{0x0000000782aba730}: Found class java.lang.Object, but interface was expected> (0x0000000782aba730) 
thrown [s\open\src\hotspot\share\interpreter\linkResolver.cpp, line 826]
Event: 1019.853 Thread 0x0000023ece801550 Exception <a 'java/lang/NoSuchMethodError'{0x0000000782da6040}: 'int java.lang.invoke.DirectMethodHandle$Holder.invokeSpecial(java.lang.Object, java.lang.Object, java.lang.Object, java.lang.Object, java.lang.Object, java.lang.Object)'> (0x0000000782da6040) 
thrown [s\open\src\hotspot\share\interpreter\linkResolver.cpp, line 759]
Event: 1019.864 Thread 0x0000023ece801550 Implicit null exception at 0x0000023e8f45e505 to 0x0000023e8f45ea70
Event: 1019.865 Thread 0x0000023ece801550 Implicit null exception at 0x0000023e8f45f280 to 0x0000023e8f45f77c
Event: 1020.162 Thread 0x0000023ec7e2fcc0 Implicit null exception at 0x0000023e91a5ca40 to 0x0000023e91a5dc30
Event: 1021.127 Thread 0x0000023ece801550 Implicit null exception at 0x0000023e90d8f154 to 0x0000023e90d8f594
Event: 1021.803 Thread 0x0000023ecf8f9600 Exception <a 'java/lang/NoSuchMethodError'{0x000000078ac91a00}: 'void java.lang.invoke.DirectMethodHandle$Holder.invokeSpecial(java.lang.Object, java.lang.Object, java.lang.Object, java.lang.Object, java.lang.Object, java.lang.Object, java.lang.Object, java.lang.Object, java.lang.Object, java.lang.Object)'> (0x000000078ac91a00) 
thrown [s\open\src\hotspot\share\interpreter\linkResolver.cpp, line 759]
Event: 1030.022 Thread 0x0000023ec7e2fcc0 Implicit null exception at 0x0000023e90f87760 to 0x0000023e90f88d7c

VM Operations (20 events):
Event: 1022.443 Executing VM operation: HandshakeAllThreads done
Event: 1023.258 Executing VM operation: ParallelGCFailedAllocation
Event: 1027.014 Executing VM operation: ParallelGCFailedAllocation done
Event: 1027.028 Executing VM operation: HandshakeAllThreads
Event: 1027.042 Executing VM operation: HandshakeAllThreads done
Event: 1027.422 Executing VM operation: HandshakeAllThreads
Event: 1027.431 Executing VM operation: HandshakeAllThreads done
Event: 1027.712 Executing VM operation: ParallelGCFailedAllocation
Event: 1028.135 Executing VM operation: ParallelGCFailedAllocation done
Event: 1028.867 Executing VM operation: ParallelGCFailedAllocation
Event: 1028.964 Executing VM operation: ParallelGCFailedAllocation done
Event: 1029.258 Executing VM operation: HandshakeAllThreads
Event: 1029.274 Executing VM operation: HandshakeAllThreads done
Event: 1029.410 Executing VM operation: ParallelGCFailedAllocation
Event: 1029.465 Executing VM operation: ParallelGCFailedAllocation done
Event: 1030.044 Executing VM operation: ParallelGCFailedAllocation
Event: 1030.194 Executing VM operation: ParallelGCFailedAllocation done
Event: 1030.233 Executing VM operation: HandshakeAllThreads
Event: 1030.417 Executing VM operation: HandshakeAllThreads done
Event: 1031.123 Executing VM operation: ParallelGCFailedAllocation

Events (20 events):
Event: 1027.598 Thread 0x0000023ec04e74a0 flushing nmethod 0x0000023e8db1c490
Event: 1027.598 Thread 0x0000023ec04e74a0 flushing nmethod 0x0000023e8db1c810
Event: 1027.598 Thread 0x0000023ec04e74a0 flushing nmethod 0x0000023e8db1d190
Event: 1027.598 Thread 0x0000023ec04e74a0 flushing nmethod 0x0000023e8db1d790
Event: 1027.598 Thread 0x0000023ec04e74a0 flushing nmethod 0x0000023e8db52c10
Event: 1027.598 Thread 0x0000023ec04e74a0 flushing nmethod 0x0000023e8db5c310
Event: 1027.598 Thread 0x0000023ec04e74a0 flushing nmethod 0x0000023e8db63e10
Event: 1027.598 Thread 0x0000023ec04e74a0 flushing nmethod 0x0000023e8db65810
Event: 1027.598 Thread 0x0000023ec04e74a0 flushing nmethod 0x0000023e8db7fd10
Event: 1027.598 Thread 0x0000023ec04e74a0 flushing nmethod 0x0000023e8db81010
Event: 1027.598 Thread 0x0000023ec04e74a0 flushing nmethod 0x0000023e8db84110
Event: 1027.598 Thread 0x0000023ec04e74a0 flushing nmethod 0x0000023e8db87a10
Event: 1027.598 Thread 0x0000023ec04e74a0 flushing nmethod 0x0000023e8db8b310
Event: 1027.598 Thread 0x0000023ec04e74a0 flushing nmethod 0x0000023e8db8b790
Event: 1027.598 Thread 0x0000023ec04e74a0 flushing nmethod 0x0000023e8db8d290
Event: 1027.598 Thread 0x0000023ec04e74a0 flushing nmethod 0x0000023e8db99a90
Event: 1027.598 Thread 0x0000023ec04e74a0 flushing nmethod 0x0000023e8db9a810
Event: 1028.133 Thread 0x0000023ede652c80 Thread exited: 0x0000023ede652c80
Event: 1028.989 Thread 0x0000023ede64fcb0 Thread exited: 0x0000023ede64fcb0
Event: 1029.172 Thread 0x0000023ede651c90 Thread added: 0x0000023ede651c90


Dynamic libraries:
0x00007ff65d610000 - 0x00007ff65d620000 	C:\Program Files\Java\jdk-17\bin\java.exe
0x00007ffcb5280000 - 0x00007ffcb54e7000 	C:\WINDOWS\SYSTEM32\ntdll.dll
0x00007ffcb3f70000 - 0x00007ffcb4039000 	C:\WINDOWS\System32\KERNEL32.DLL
0x00007ffcb2870000 - 0x00007ffcb2c64000 	C:\WINDOWS\System32\KERNELBASE.dll
0x00007ffcb1b50000 - 0x00007ffcb1c9b000 	C:\WINDOWS\System32\ucrtbase.dll
0x00007ffc970e0000 - 0x00007ffc970f9000 	C:\Program Files\Java\jdk-17\bin\jli.dll
0x00007ffcb31b0000 - 0x00007ffcb3266000 	C:\WINDOWS\System32\ADVAPI32.dll
0x00007ffcae720000 - 0x00007ffcae836000 	C:\WINDOWS\SYSTEM32\winahframe64.dll
0x00007ffcb3890000 - 0x00007ffcb3939000 	C:\WINDOWS\System32\msvcrt.dll
0x00007ffcb3100000 - 0x00007ffcb31a7000 	C:\WINDOWS\System32\sechost.dll
0x00007ffcb3d60000 - 0x00007ffcb3e78000 	C:\WINDOWS\System32\RPCRT4.dll
0x00007ffcb3960000 - 0x00007ffcb3b25000 	C:\WINDOWS\System32\USER32.dll
0x00007ffca0600000 - 0x00007ffca061b000 	C:\Program Files\Java\jdk-17\bin\VCRUNTIME140.dll
0x00007ffcb2d20000 - 0x00007ffcb2d47000 	C:\WINDOWS\System32\win32u.dll
0x00007ffcabff0000 - 0x00007ffcac283000 	C:\WINDOWS\WinSxS\amd64_microsoft.windows.common-controls_6595b64144ccf1df_6.0.26100.8115_none_3e075c82e3354f9c\COMCTL32.dll
0x00007ffcb4250000 - 0x00007ffcb427b000 	C:\WINDOWS\System32\GDI32.dll
0x00007ffcb1ca0000 - 0x00007ffcb1dcb000 	C:\WINDOWS\System32\gdi32full.dll
0x00007ffcb2f60000 - 0x00007ffcb3003000 	C:\WINDOWS\System32\msvcp_win.dll
0x00007ffcb4ba0000 - 0x00007ffcb4d37000 	C:\WINDOWS\System32\ole32.dll
0x00007ffcae710000 - 0x00007ffcae71b000 	C:\WINDOWS\SYSTEM32\VERSION.dll
0x00007ffcb34f0000 - 0x00007ffcb3872000 	C:\WINDOWS\System32\combase.dll
0x00007ffcb3d20000 - 0x00007ffcb3d52000 	C:\WINDOWS\System32\IMM32.DLL
0x00007ffcaca30000 - 0x00007ffcad2b2000 	C:\WINDOWS\SYSTEM32\winahdcore64.dll
0x00007ffcb3010000 - 0x00007ffcb3076000 	C:\WINDOWS\System32\SHLWAPI.dll
0x00007ffcb1e90000 - 0x00007ffcb26f8000 	C:\WINDOWS\System32\Windows.Storage.dll
0x00007ffcac310000 - 0x00007ffcac331000 	C:\WINDOWS\SYSTEM32\MPR.dll
0x00007ffcb4280000 - 0x00007ffcb49e7000 	C:\WINDOWS\System32\SHELL32.dll
0x00007ffcb2700000 - 0x00007ffcb286a000 	C:\WINDOWS\System32\wintypes.dll
0x00007ffcb3e80000 - 0x00007ffcb3f58000 	C:\WINDOWS\System32\OLEAUT32.dll
0x00007ffcb41c0000 - 0x00007ffcb4240000 	C:\WINDOWS\System32\WS2_32.dll
0x00007ffcb4040000 - 0x00007ffcb412f000 	C:\WINDOWS\System32\COMDLG32.dll
0x00007ffcb3300000 - 0x00007ffcb33f8000 	C:\WINDOWS\System32\shcore.dll
0x00007ffcac290000 - 0x00007ffcac306000 	C:\WINDOWS\SYSTEM32\OLEACC.dll
0x00007ffcafa50000 - 0x00007ffcafa86000 	C:\WINDOWS\SYSTEM32\WINMM.dll
0x00007ffcb2c70000 - 0x00007ffcb2d15000 	C:\WINDOWS\System32\bcryptPrimitives.dll
0x00007ffcab6c0000 - 0x00007ffcab87d000 	C:\WINDOWS\SYSTEM32\TSecBxCore64.dll
0x00007ffcabb10000 - 0x00007ffcabd74000 	C:\WINDOWS\System32\DtFrame64.dll
0x00007ffcab120000 - 0x00007ffcab152000 	C:\WINDOWS\SYSTEM32\TIjtDrvd64.dll
0x00007ffcaa8b0000 - 0x00007ffcaa961000 	C:\WINDOWS\SYSTEM32\winspool.drv
0x00007ffcb1690000 - 0x00007ffcb16e1000 	C:\WINDOWS\SYSTEM32\cfgmgr32.dll
0x00007ffcaa770000 - 0x00007ffcaa897000 	C:\WINDOWS\SYSTEM32\dtsframe64.dll
0x00007ffcb0e30000 - 0x00007ffcb0e9c000 	C:\WINDOWS\SYSTEM32\mswsock.dll
0x00007ffcb3d10000 - 0x00007ffcb3d18000 	C:\WINDOWS\System32\psapi.dll
0x00007ffca9e70000 - 0x00007ffca9fee000 	C:\WINDOWS\SYSTEM32\TAuxMod64.dll
0x00007ffca9940000 - 0x00007ffca9c53000 	C:\WINDOWS\SYSTEM32\windlgctl64.dll
0x00007ffca93c0000 - 0x00007ffca93c8000 	C:\WINDOWS\SYSTEM32\MSIMG32.dll
0x00007ffca91e0000 - 0x00007ffca93b8000 	C:\WINDOWS\WinSxS\amd64_microsoft.windows.gdiplus_6595b64144ccf1df_1.1.26100.8246_none_6ef5395a3dc52f61\gdiplus.dll
0x00007ffcaea00000 - 0x00007ffcaeaa9000 	C:\WINDOWS\SYSTEM32\UxTheme.dll
0x00007ffcaf170000 - 0x00007ffcaf19f000 	C:\WINDOWS\SYSTEM32\dwmapi.dll
0x00007ffcaff50000 - 0x00007ffcaff5d000 	C:\WINDOWS\SYSTEM32\WinUsb.dll
0x00007ffca75e0000 - 0x00007ffca7679000 	C:\WINDOWS\SYSTEM32\mf.dll
0x00007ffca7080000 - 0x00007ffca7499000 	C:\WINDOWS\SYSTEM32\MFCORE.DLL
0x00007ffcb4d50000 - 0x00007ffcb51d7000 	C:\WINDOWS\System32\setupapi.dll
0x00007ffca7720000 - 0x00007ffca7873000 	C:\WINDOWS\SYSTEM32\TMailHook64.dll
0x00007ffca6e50000 - 0x00007ffca7071000 	C:\WINDOWS\SYSTEM32\winncap364.dll
0x00007ffc9ee20000 - 0x00007ffc9ee2c000 	C:\Program Files\Java\jdk-17\bin\vcruntime140_1.dll
0x00007ffc74310000 - 0x00007ffc7439e000 	C:\Program Files\Java\jdk-17\bin\msvcp140.dll
0x00007ffc11930000 - 0x00007ffc12510000 	C:\Program Files\Java\jdk-17\bin\server\jvm.dll
0x00007ffc98780000 - 0x00007ffc9878a000 	C:\WINDOWS\SYSTEM32\WSOCK32.dll
0x00007ffcb08b0000 - 0x00007ffcb08cb000 	C:\WINDOWS\SYSTEM32\kernel.appcore.dll
0x00007ffc973c0000 - 0x00007ffc973ca000 	C:\Program Files\Java\jdk-17\bin\jimage.dll
0x00007ffcaf7c0000 - 0x00007ffcafa02000 	C:\WINDOWS\SYSTEM32\DBGHELP.DLL
0x00007ffcafa10000 - 0x00007ffcafa4b000 	C:\WINDOWS\SYSTEM32\dbgcore.DLL
0x00007ffc960e0000 - 0x00007ffc960ee000 	C:\Program Files\Java\jdk-17\bin\instrument.dll
0x00007ffc964d0000 - 0x00007ffc964f5000 	C:\Program Files\Java\jdk-17\bin\java.dll
0x00007ffc4dab0000 - 0x00007ffc4db87000 	C:\Program Files\Java\jdk-17\bin\jsvml.dll
0x00007ffcb1a70000 - 0x00007ffcb1a99000 	C:\WINDOWS\SYSTEM32\profapi.dll
0x00007ffc960f0000 - 0x00007ffc96108000 	C:\Program Files\Java\jdk-17\bin\zip.dll
0x00007ffc970c0000 - 0x00007ffc970d9000 	C:\Program Files\Java\jdk-17\bin\net.dll
0x00007ffcaeab0000 - 0x00007ffcaebdd000 	C:\WINDOWS\SYSTEM32\WINHTTP.dll
0x00007ffc96110000 - 0x00007ffc96126000 	C:\Program Files\Java\jdk-17\bin\nio.dll
0x00007ffc97060000 - 0x00007ffc97070000 	C:\Program Files\Java\jdk-17\bin\verify.dll
0x00007ffc95f10000 - 0x00007ffc95f37000 	D:\gradle\native\1def1411415f61bf3af743bc5b6707747c0891f09f0c88961ee8f79bc544acac\windows-amd64\native-platform.dll
0x00007ffc4da30000 - 0x00007ffc4daa8000 	D:\gradle\native\0.2.7\x86_64-windows-gnu\gradle-fileevents.dll
0x00007ffc96ec0000 - 0x00007ffc96eca000 	C:\Program Files\Java\jdk-17\bin\management.dll
0x00007ffc96740000 - 0x00007ffc9674b000 	C:\Program Files\Java\jdk-17\bin\management_ext.dll
0x00007ffcb0270000 - 0x00007ffcb02a2000 	C:\WINDOWS\SYSTEM32\IPHLPAPI.DLL
0x00007ffcb3880000 - 0x00007ffcb388a000 	C:\WINDOWS\System32\NSI.dll
0x00007ffca2d00000 - 0x00007ffca2d1d000 	C:\WINDOWS\SYSTEM32\dhcpcsvc6.DLL
0x00007ffca2b60000 - 0x00007ffca2b85000 	C:\WINDOWS\SYSTEM32\dhcpcsvc.DLL
0x00007ffcb0300000 - 0x00007ffcb0432000 	C:\WINDOWS\SYSTEM32\DNSAPI.dll
0x00007ffcb1130000 - 0x00007ffcb114b000 	C:\WINDOWS\SYSTEM32\CRYPTSP.dll
0x00007ffcb0810000 - 0x00007ffcb0849000 	C:\WINDOWS\system32\rsaenh.dll
0x00007ffcb0f00000 - 0x00007ffcb0f33000 	C:\WINDOWS\SYSTEM32\USERENV.dll
0x00007ffcb1a40000 - 0x00007ffcb1a6a000 	C:\WINDOWS\SYSTEM32\bcrypt.dll
0x00007ffcb1150000 - 0x00007ffcb115c000 	C:\WINDOWS\SYSTEM32\CRYPTBASE.dll
0x00007ffc960d0000 - 0x00007ffc960de000 	C:\Program Files\Java\jdk-17\bin\sunmscapi.dll
0x00007ffcb2d50000 - 0x00007ffcb2ec7000 	C:\WINDOWS\System32\CRYPT32.dll
0x00007ffcb1350000 - 0x00007ffcb1380000 	C:\WINDOWS\SYSTEM32\ncrypt.dll
0x00007ffcb1300000 - 0x00007ffcb133f000 	C:\WINDOWS\SYSTEM32\NTASN1.dll
0x00007ffc45900000 - 0x00007ffc45908000 	C:\WINDOWS\system32\wshunix.dll
0x00007ffca1770000 - 0x00007ffca177b000 	C:\Windows\System32\rasadhlp.dll
0x00007ffca1560000 - 0x00007ffca15e6000 	C:\WINDOWS\System32\fwpuclnt.dll
0x00007ffcae840000 - 0x00007ffcae84d000 	C:\WINDOWS\SYSTEM32\secur32.dll
0x00007ffcb0b60000 - 0x00007ffcb0ba9000 	C:\WINDOWS\SYSTEM32\SSPICLI.DLL
0x00007ffcb09d0000 - 0x00007ffcb0a06000 	C:\WINDOWS\SYSTEM32\ntmarta.dll
0x00007ffc49620000 - 0x00007ffc497b1000 	C:\Program Files\Java\jdk-17\bin\awt.dll
0x00007ffcae850000 - 0x00007ffcae8ef000 	C:\WINDOWS\SYSTEM32\apphelp.dll
0x0000023ec9f70000 - 0x0000023eca0cc000 	C:\WINDOWS\System32\MSCTF.dll
0x00007ffc51bc0000 - 0x00007ffc51c6d000 	C:\WINDOWS\system32\thooksv364.dll
0x00007ffcabee0000 - 0x00007ffcabee7000 	C:\Program Files\Java\jdk-17\bin\rmi.dll

dbghelp: loaded successfully - version: 4.0.5 - missing functions: none
symbol engine: initialized successfully - sym options: 0x614 - pdb path: .;C:\Program Files\Java\jdk-17\bin;C:\WINDOWS\SYSTEM32;C:\WINDOWS\WinSxS\amd64_microsoft.windows.common-controls_6595b64144ccf1df_6.0.26100.8115_none_3e075c82e3354f9c;C:\WINDOWS\WinSxS\amd64_microsoft.windows.gdiplus_6595b64144ccf1df_1.1.26100.8246_none_6ef5395a3dc52f61;C:\Program Files\Java\jdk-17\bin\server;D:\gradle\native\1def1411415f61bf3af743bc5b6707747c0891f09f0c88961ee8f79bc544acac\windows-amd64;D:\gradle\native\0.2.7\x86_64-windows-gnu;C:\Users\thxam\AppData\Local\Temp

VM Arguments:
jvm_args: --add-opens=java.base/java.lang=ALL-UNNAMED --add-opens=java.base/java.lang.invoke=ALL-UNNAMED --add-opens=java.base/java.util=ALL-UNNAMED --add-opens=java.prefs/java.util.prefs=ALL-UNNAMED --add-exports=jdk.compiler/com.sun.tools.javac.api=ALL-UNNAMED --add-exports=jdk.compiler/com.sun.tools.javac.util=ALL-UNNAMED --add-opens=java.base/java.util=ALL-UNNAMED --add-opens=java.prefs/java.util.prefs=ALL-UNNAMED --add-opens=java.base/java.nio.charset=ALL-UNNAMED --add-opens=java.base/java.net=ALL-UNNAMED --add-opens=java.base/java.util.concurrent.atomic=ALL-UNNAMED --add-opens=java.xml/javax.xml.namespace=ALL-UNNAMED -XX:+UseParallelGC -XX:MaxMetaspaceSize=512m -XX:+HeapDumpOnOutOfMemoryError -Xms256m -Xmx6g -Dfile.encoding=UTF-8 -Duser.country=CN -Duser.language=zh -Duser.variant -javaagent:D:\gradle\wrapper\dists\gradle-8.14.4-bin\92wwslzcyst3phie3o264zltu\gradle-8.14.4\lib\agents\gradle-instrumentation-agent-8.14.4.jar 
java_command: org.gradle.launcher.daemon.bootstrap.GradleDaemon 8.14.4
java_class_path (initial): D:\gradle\wrapper\dists\gradle-8.14.4-bin\92wwslzcyst3phie3o264zltu\gradle-8.14.4\lib\gradle-daemon-main-8.14.4.jar
Launcher Type: SUN_STANDARD

[Global flags]
     intx CICompilerCount                          = 4                                         {product} {ergonomic}
   size_t CompressedClassSpaceSize                 = 436207616                                 {product} {ergonomic}
     bool HeapDumpOnOutOfMemoryError               = true                                   {manageable} {command line}
   size_t InitialHeapSize                          = 268435456                                 {product} {command line}
   size_t MaxHeapSize                              = 6442450944                                {product} {command line}
   size_t MaxMetaspaceSize                         = 536870912                                 {product} {command line}
   size_t MaxNewSize                               = 2147483648                                {product} {ergonomic}
   size_t MinHeapDeltaBytes                        = 524288                                    {product} {ergonomic}
   size_t MinHeapSize                              = 268435456                                 {product} {command line}
   size_t NewSize                                  = 89128960                                  {product} {ergonomic}
    uintx NonNMethodCodeHeapSize                   = 5839372                                {pd product} {ergonomic}
    uintx NonProfiledCodeHeapSize                  = 122909434                              {pd product} {ergonomic}
   size_t OldSize                                  = 179306496                                 {product} {ergonomic}
    uintx ProfiledCodeHeapSize                     = 122909434                              {pd product} {ergonomic}
    uintx ReservedCodeCacheSize                    = 251658240                              {pd product} {ergonomic}
     bool SegmentedCodeCache                       = true                                      {product} {ergonomic}
   size_t SoftMaxHeapSize                          = 6442450944                             {manageable} {ergonomic}
     bool UseCompressedClassPointers               = true                           {product lp64_product} {ergonomic}
     bool UseCompressedOops                        = true                           {product lp64_product} {ergonomic}
     bool UseLargePagesIndividualAllocation        = false                                  {pd product} {ergonomic}
     bool UseParallelGC                            = true                                      {product} {command line}

Logging:
Log output configuration:
 #0: stdout all=warning uptime,level,tags
 #1: stderr all=off uptime,level,tags

Environment Variables:
JAVA_HOME=C:\Program Files\Java\jdk-17
CLASSPATH=D:\desktop\personal\com\dai411\\gradle\wrapper\gradle-wrapper.jar
PATH=C:\WINDOWS\system32;C:\WINDOWS;C:\WINDOWS\System32\Wbem;C:\WINDOWS\System32\WindowsPowerShell\v1.0;C:\WINDOWS\System32\OpenSSH;C:\Program Files\Java\jdk-17\bin;C:\Users\thxam\AppData\Local\Microsoft\WindowsApps;C:\Users\thxam\AppData\Local\Programs\Microsoft VS Code\bin;D:\WINDOWS;D:\WINDOWS\system32;D:\WINDOWS\System32\Wbem;D:\WINDOWS\System32\WindowsPowerShell\v1.0;D:\WINDOWS\System32\OpenSSH;C:\Users\thxam\AppData\Local\Programs\Python\Python310\Scripts\;C:\Users\thxam\AppData\Local\Programs\Python\Python310\;C:\Users\thxam\AppData\Local\Microsoft\WindowsApps;D:\Users\thxam\AppData\Local\Programs\CodeBuddy CN\bin;D:\Users\thxam\AppData\Local\Programs\Lingma\bin
USERNAME=thxam
OS=Windows_NT
PROCESSOR_IDENTIFIER=Intel64 Family 6 Model 142 Stepping 12, GenuineIntel



---------------  S Y S T E M  ---------------

OS:
 Windows 11 , 64 bit Build 26100 (10.0.26100.8246)
OS uptime: 0 days 18:58 hours
Hyper-V role detected

CPU: total 8 (initial active 8) (4 cores per cpu, 2 threads per core) family 6 model 142 stepping 12 microcode 0xf0, cx8, cmov, fxsr, ht, mmx, 3dnowpref, sse, sse2, sse3, ssse3, sse4.1, sse4.2, popcnt, lzcnt, tsc, tscinvbit, avx, avx2, aes, erms, clmul, bmi1, bmi2, adx, fma, vzeroupper, clflush, clflushopt, hv

Memory: 4k page, system-wide physical 7785M (322M free)
TotalPageFile size 24371M (AvailPageFile size 152M)
current process WorkingSet (physical memory assigned to process): 2093M, peak: 2634M
current process commit charge ("private bytes"): 4213M, peak: 4216M

vm_info: Java HotSpot(TM) 64-Bit Server VM (17.0.11+7-LTS-207) for windows-amd64 JRE (17.0.11+7-LTS-207), built on Mar 11 2024 19:01:50 by "mach5one" with MS VC++ 17.6 (VS2022)

END.
