#
# There is insufficient memory for the Java Runtime Environment to continue.
# Native memory allocation (malloc) failed to allocate 1064640 bytes for Chunk::new
# Possible reasons:
#   The system is out of physical RAM or swap space
#   The process is running with CompressedOops enabled, and the Java Heap may be blocking the growth of the native heap
# Possible solutions:
#   Reduce memory load on the system
#   Increase physical memory or swap space
#   Check if swap backing store is full
#   Decrease Java heap size (-Xmx/-Xms)
#   Decrease number of Java threads
#   Decrease Java thread stack sizes (-Xss)
#   Set larger code cache with -XX:ReservedCodeCacheSize=
#   JVM is running with Zero Based Compressed Oops mode in which the Java heap is
#     placed in the first 32GB address space. The Java Heap base address is the
#     maximum limit for the native heap growth. Please use -XX:HeapBaseMinAddress
#     to set the Java Heap base and to place the Java Heap above 32GB virtual address.
# This output file may be truncated or incomplete.
#
#  Out of Memory Error (arena.cpp:189), pid=19408, tid=4328
#
# JRE version: Java(TM) SE Runtime Environment (17.0.11+7) (build 17.0.11+7-LTS-207)
# Java VM: Java HotSpot(TM) 64-Bit Server VM (17.0.11+7-LTS-207, mixed mode, sharing, tiered, compressed oops, compressed class ptrs, parallel gc, windows-amd64)
# No core dump will be written. Minidumps are not enabled by default on client versions of Windows
#

---------------  S U M M A R Y ------------

Command Line: --add-opens=java.base/java.lang=ALL-UNNAMED --add-opens=java.base/java.lang.invoke=ALL-UNNAMED --add-opens=java.base/java.util=ALL-UNNAMED --add-opens=java.prefs/java.util.prefs=ALL-UNNAMED --add-exports=jdk.compiler/com.sun.tools.javac.api=ALL-UNNAMED --add-exports=jdk.compiler/com.sun.tools.javac.util=ALL-UNNAMED --add-opens=java.base/java.util=ALL-UNNAMED --add-opens=java.prefs/java.util.prefs=ALL-UNNAMED --add-opens=java.base/java.nio.charset=ALL-UNNAMED --add-opens=java.base/java.net=ALL-UNNAMED --add-opens=java.base/java.util.concurrent.atomic=ALL-UNNAMED --add-opens=java.xml/javax.xml.namespace=ALL-UNNAMED -XX:+UseParallelGC -XX:MaxMetaspaceSize=512m -XX:+HeapDumpOnOutOfMemoryError -Xms256m -Xmx6g -Dfile.encoding=UTF-8 -Duser.country=CN -Duser.language=zh -Duser.variant -javaagent:D:\gradle\wrapper\dists\gradle-8.14.4-bin\92wwslzcyst3phie3o264zltu\gradle-8.14.4\lib\agents\gradle-instrumentation-agent-8.14.4.jar org.gradle.launcher.daemon.bootstrap.GradleDaemon 8.14.4

Host: Intel(R) Core(TM) i5-10210U CPU @ 1.60GHz, 8 cores, 7G,  Windows 11 , 64 bit Build 26100 (10.0.26100.8246)
Time: Sat May  9 09:57:20 2026  Windows 11 , 64 bit Build 26100 (10.0.26100.8246) elapsed time: 3965.760467 seconds (0d 1h 6m 5s)

---------------  T H R E A D  ---------------

Current thread (0x000001d5ebd25c70):  JavaThread "C2 CompilerThread0" daemon [_thread_in_native, id=4328, stack(0x00000084d6100000,0x00000084d6200000)]


Current CompileTask:
C2:3965761 105212       4       com.android.tools.r8.shaking.va::a (212 bytes)

Stack: [0x00000084d6100000,0x00000084d6200000]
Native frames: (J=compiled Java code, j=interpreted, Vv=VM code, C=native code)
V  [jvm.dll+0x679cca]
V  [jvm.dll+0x7da13d]
V  [jvm.dll+0x7dba83]
V  [jvm.dll+0x7dc0f3]
V  [jvm.dll+0x2449af]
V  [jvm.dll+0xab83b]
V  [jvm.dll+0xabe1c]
V  [jvm.dll+0x3615ae]
V  [jvm.dll+0x1b9fca]
V  [jvm.dll+0x216337]
V  [jvm.dll+0x21560f]
V  [jvm.dll+0x1a2040]
V  [jvm.dll+0x225a2b]
V  [jvm.dll+0x223bcb]
V  [jvm.dll+0x7903ec]
V  [jvm.dll+0x78a85a]
V  [jvm.dll+0x678bb5]
C  [ucrtbase.dll+0x37b0]
C  [KERNEL32.DLL+0x2e8d7]
C  [ntdll.dll+0x8c3fc]


---------------  P R O C E S S  ---------------

Threads class SMR info:
_java_thread_list=0x000001d5c1229e20, length=174, elements={
0x000001d5c62fe850, 0x000001d5ebd09410, 0x000001d5ebd0ab10, 0x000001d5ebd1d8f0,
0x000001d5ebd1e1c0, 0x000001d5ebd1f600, 0x000001d5ebd211e0, 0x000001d5ebd25c70,
0x000001d5ebd2a660, 0x000001d5ebd2ab80, 0x000001d5ebe3ead0, 0x000001d5ebf11390,
0x000001d5ec006040, 0x000001d5f2c809d0, 0x000001d5ed389dc0, 0x000001d5ebee90d0,
0x000001d5ebee9af0, 0x000001d5ebee95e0, 0x000001d5ebeeb440, 0x000001d5f354c230,
0x000001d5f354c740, 0x000001d5f354cc50, 0x000001d5f354adf0, 0x000001d5f354db80,
0x000001d5f3a53c00, 0x000001d5f3a54110, 0x000001d5f3a531e0, 0x000001d5f3a56990,
0x000001d5f3a56480, 0x000001d5f3a55550, 0x000001d5f5de9eb0, 0x000001d5f8b17b30,
0x000001d5f8b18550, 0x000001d5f8e9eb70, 0x000001d5f354a3d0, 0x000001d5f94739d0,
0x000001d5f947a930, 0x000001d5a653e350, 0x000001d5a653b5c0, 0x000001d5a653e860,
0x000001d5a65406c0, 0x000001d5a6547620, 0x000001d5aa3ea0a0, 0x000001d5aa3ea5b0,
0x000001d5f9066320, 0x000001d5f906b420, 0x000001d5f9068690, 0x000001d5f906aa00,
0x000001d5f9068ba0, 0x000001d5f9067c70, 0x000001d5f9069fe0, 0x000001d5f906a4f0,
0x000001d5f906b930, 0x000001d5f906c860, 0x000001d5f906be40, 0x000001d5f906c350,
0x000001d5f9068180, 0x000001d5f906e1b0, 0x000001d5f906cd70, 0x000001d5f906d280,
0x000001d5f906f0e0, 0x000001d5f9070f40, 0x000001d5f9070a30, 0x000001d5f906f5f0,
0x000001d5f906d790, 0x000001d5f9071450, 0x000001d5f906fb00, 0x000001d5f906ebd0,
0x000001d5f9070010, 0x000001d5f906dca0, 0x000001d5f906e6c0, 0x000001d5f9070520,
0x000001d5f9071960, 0x000001d5f9052940, 0x000001d5f9053d80, 0x000001d5f9057a40,
0x000001d5f9057020, 0x000001d5f9057530, 0x000001d5f90560f0, 0x000001d5f9054290,
0x000001d5f9056600, 0x000001d5f9057f50, 0x000001d5f9066830, 0x000001d5f9056b10,
0x000001d5f90547a0, 0x000001d5f90598a0, 0x000001d5f905ace0, 0x000001d5f905b1f0,
0x000001d5f9059db0, 0x000001d5f905b700, 0x000001d5f905a2c0, 0x000001d5f905bc10,
0x000001d5f9058e80, 0x000001d5f905a7d0, 0x000001d5f9058460, 0x000001d5f9058970,
0x000001d5f905c120, 0x000001d5f905c630, 0x000001d5f905cb40, 0x000001d5f905da70,
0x000001d5f905fde0, 0x000001d5f905f8d0, 0x000001d5f905e490, 0x000001d5f90602f0,
0x000001d5f905df80, 0x000001d5f905e9a0, 0x000001d5f905eeb0, 0x000001d5f9060800,
0x000001d5f905d050, 0x000001d5f9060d10, 0x000001d5f9067250, 0x000001d5f905d560,
0x000001d5f9061730, 0x000001d5f9061c40, 0x000001d5f9061220, 0x000001d5f9062660,
0x000001d5f9062b70, 0x000001d5f90649d0, 0x000001d5f9065900, 0x000001d5f9063aa0,
0x000001d5f9064ee0, 0x000001d5f9062150, 0x000001d5f9063fb0, 0x000001d5f5de7b40,
0x000001d5aaa080f0, 0x000001d5aaa04940, 0x000001d5aaa04e50, 0x000001d5aaa05360,
0x000001d5aaa0a970, 0x000001d5aaa0ae80, 0x000001d5aaa0b390, 0x000001d5aaa09530,
0x000001d5aaa0f560, 0x000001d5aaa0dc10, 0x000001d5aaa118d0, 0x000001d5aaa0e120,
0x000001d5aaa11de0, 0x000001d5aaa0e630, 0x000001d5aaa12800, 0x000001d5aaa122f0,
0x000001d5aaa12d10, 0x000001d5aaa13220, 0x000001d5f8ea09d0, 0x000001d5f8ea1900,
0x000001d5f8ea1e10, 0x000001d5f8ea0ee0, 0x000001d5f8e9ffb0, 0x000001d5f8ea13f0,
0x000001d5f8ea2320, 0x000001d5f8e9f080, 0x000001d5f8e9f590, 0x000001d5f8ea4690,
0x000001d5f8ea3250, 0x000001d5f8ea3c70, 0x000001d5f8ea64f0, 0x000001d5f8ea5ad0,
0x000001d5f8ea4ba0, 0x000001d5f8ea3760, 0x000001d5f47e6fe0, 0x000001d5f47e74f0,
0x000001d5f47e8420, 0x000001d5f47e8930, 0x000001d5f47e8e40, 0x000001d5f47e9350,
0x000001d5f47e5ba0, 0x000001d5f3550910, 0x000001d5f9472fb0, 0x000001d5f9473ee0,
0x000001d5f94734c0, 0x000001d5f9475320, 0x000001d5f9477180, 0x000001d5f9475830,
0x000001d5f94743f0, 0x000001d5a9313300
}

Java Threads: ( => current thread )
  0x000001d5c62fe850 JavaThread "main" [_thread_blocked, id=1836, stack(0x00000084d5800000,0x00000084d5900000)]
  0x000001d5ebd09410 JavaThread "Reference Handler" daemon [_thread_blocked, id=10652, stack(0x00000084d5b00000,0x00000084d5c00000)]
  0x000001d5ebd0ab10 JavaThread "Finalizer" daemon [_thread_blocked, id=22712, stack(0x00000084d5c00000,0x00000084d5d00000)]
  0x000001d5ebd1d8f0 JavaThread "Signal Dispatcher" daemon [_thread_blocked, id=23844, stack(0x00000084d5d00000,0x00000084d5e00000)]
  0x000001d5ebd1e1c0 JavaThread "Attach Listener" daemon [_thread_blocked, id=3924, stack(0x00000084d5e00000,0x00000084d5f00000)]
  0x000001d5ebd1f600 JavaThread "Service Thread" daemon [_thread_blocked, id=15956, stack(0x00000084d5f00000,0x00000084d6000000)]
  0x000001d5ebd211e0 JavaThread "Monitor Deflation Thread" daemon [_thread_blocked, id=19028, stack(0x00000084d6000000,0x00000084d6100000)]
=>0x000001d5ebd25c70 JavaThread "C2 CompilerThread0" daemon [_thread_in_native, id=4328, stack(0x00000084d6100000,0x00000084d6200000)]
  0x000001d5ebd2a660 JavaThread "C1 CompilerThread0" daemon [_thread_blocked, id=6496, stack(0x00000084d6200000,0x00000084d6300000)]
  0x000001d5ebd2ab80 JavaThread "Sweeper thread" daemon [_thread_blocked, id=5824, stack(0x00000084d6300000,0x00000084d6400000)]
  0x000001d5ebe3ead0 JavaThread "Common-Cleaner" daemon [_thread_blocked, id=23612, stack(0x00000084d6400000,0x00000084d6500000)]
  0x000001d5ebf11390 JavaThread "Notification Thread" daemon [_thread_blocked, id=10188, stack(0x00000084d6500000,0x00000084d6600000)]
  0x000001d5ec006040 JavaThread "Daemon health stats" [_thread_blocked, id=15996, stack(0x00000084d6c00000,0x00000084d6d00000)]
  0x000001d5f2c809d0 JavaThread "Incoming local TCP Connector on port 31067" [_thread_in_native, id=20532, stack(0x00000084d6b00000,0x00000084d6c00000)]
  0x000001d5ed389dc0 JavaThread "Daemon periodic checks" [_thread_blocked, id=24516, stack(0x00000084d6d00000,0x00000084d6e00000)]
  0x000001d5ebee90d0 JavaThread "Cache worker for journal cache (D:\gradle\caches\journal-1)" [_thread_blocked, id=7744, stack(0x00000084d7800000,0x00000084d7900000)]
  0x000001d5ebee9af0 JavaThread "File lock request listener" [_thread_in_native, id=15304, stack(0x00000084d7900000,0x00000084d7a00000)]
  0x000001d5ebee95e0 JavaThread "Cache worker for file hash cache (D:\gradle\caches\8.14.4\fileHashes)" [_thread_blocked, id=14172, stack(0x00000084d7a00000,0x00000084d7b00000)]
  0x000001d5ebeeb440 JavaThread "File watcher server" daemon [_thread_in_native, id=16464, stack(0x00000084d8000000,0x00000084d8100000)]
  0x000001d5f354c230 JavaThread "File watcher consumer" daemon [_thread_blocked, id=15908, stack(0x00000084d8100000,0x00000084d8200000)]
  0x000001d5f354c740 JavaThread "jar transforms" [_thread_blocked, id=22456, stack(0x00000084d8200000,0x00000084d8300000)]
  0x000001d5f354cc50 JavaThread "Cache worker for file content cache (D:\gradle\caches\8.14.4\fileContent)" [_thread_blocked, id=24560, stack(0x00000084d8400000,0x00000084d8500000)]
  0x000001d5f354adf0 JavaThread "jar transforms Thread 2" [_thread_blocked, id=11412, stack(0x00000084d8800000,0x00000084d8900000)]
  0x000001d5f354db80 JavaThread "jar transforms Thread 3" [_thread_blocked, id=23404, stack(0x00000084d8900000,0x00000084d8a00000)]
  0x000001d5f3a53c00 JavaThread "jar transforms Thread 4" [_thread_blocked, id=21676, stack(0x00000084d7d00000,0x00000084d7e00000)]
  0x000001d5f3a54110 JavaThread "jar transforms Thread 5" [_thread_blocked, id=14976, stack(0x00000084d9d00000,0x00000084d9e00000)]
  0x000001d5f3a531e0 JavaThread "Memory manager" [_thread_blocked, id=23580, stack(0x00000084d9f00000,0x00000084da000000)]
  0x000001d5f3a56990 JavaThread "jar transforms Thread 6" [_thread_blocked, id=23144, stack(0x00000084da100000,0x00000084da200000)]
  0x000001d5f3a56480 JavaThread "jar transforms Thread 7" [_thread_blocked, id=22948, stack(0x00000084da200000,0x00000084da300000)]
  0x000001d5f3a55550 JavaThread "jar transforms Thread 8" [_thread_blocked, id=16340, stack(0x00000084da300000,0x00000084da400000)]
  0x000001d5f5de9eb0 JavaThread "Cache worker for Java compile cache (D:\gradle\caches\8.14.4\javaCompile)" [_thread_blocked, id=7764, stack(0x00000084dd600000,0x00000084dd700000)]
  0x000001d5f8b17b30 JavaThread "RMI Scheduler(0)" daemon [_thread_blocked, id=17772, stack(0x00000084df000000,0x00000084df100000)]
  0x000001d5f8b18550 JavaThread "RMI GC Daemon" daemon [_thread_blocked, id=23652, stack(0x00000084df900000,0x00000084dfa00000)]
  0x000001d5f8e9eb70 JavaThread "RMI TCP Accept-0" daemon [_thread_in_native, id=22636, stack(0x00000084dfb00000,0x00000084dfc00000)]
  0x000001d5f354a3d0 JavaThread "RMI Reaper" [_thread_blocked, id=23764, stack(0x00000084dfc00000,0x00000084dfd00000)]
  0x000001d5f94739d0 JavaThread "Java2D Disposer" daemon [_thread_blocked, id=11708, stack(0x00000084e0800000,0x00000084e0900000)]
  0x000001d5f947a930 JavaThread "AWT-Windows" daemon [_thread_in_native, id=15440, stack(0x00000084e1100000,0x00000084e1200000)]
  0x000001d5a653e350 JavaThread "DefaultDispatcher-worker-1" daemon [_thread_blocked, id=13056, stack(0x00000084dba00000,0x00000084dbb00000)]
  0x000001d5a653b5c0 JavaThread "DefaultDispatcher-worker-2" daemon [_thread_blocked, id=22008, stack(0x00000084e1400000,0x00000084e1500000)]
  0x000001d5a653e860 JavaThread "DefaultDispatcher-worker-3" daemon [_thread_blocked, id=15348, stack(0x00000084e1500000,0x00000084e1600000)]
  0x000001d5a65406c0 JavaThread "Periodic tasks thread" daemon [_thread_blocked, id=16076, stack(0x00000084e0400000,0x00000084e0500000)]
  0x000001d5a6547620 JavaThread "ApplicationImpl pooled thread 1" [_thread_blocked, id=3636, stack(0x00000084e0900000,0x00000084e0a00000)]
  0x000001d5aa3ea0a0 JavaThread "Periodic tasks thread" daemon [_thread_blocked, id=20420, stack(0x00000084e1200000,0x00000084e1300000)]
  0x000001d5aa3ea5b0 JavaThread "ApplicationImpl pooled thread 1" daemon [_thread_blocked, id=24008, stack(0x00000084e1300000,0x00000084e1400000)]
  0x000001d5f9066320 JavaThread "Daemon Thread 2" [_thread_blocked, id=12688, stack(0x00000084d5300000,0x00000084d5400000)]
  0x000001d5f906b420 JavaThread "Handler for socket connection from /127.0.0.1:31067 to /127.0.0.1:48511" [_thread_in_native, id=21600, stack(0x00000084d5400000,0x00000084d5500000)]
  0x000001d5f9068690 JavaThread "Cancel handler" [_thread_blocked, id=23380, stack(0x00000084d5500000,0x00000084d5600000)]
  0x000001d5f906aa00 JavaThread "Daemon worker Thread 2" [_thread_blocked, id=24792, stack(0x00000084d7100000,0x00000084d7200000)]
  0x000001d5f9068ba0 JavaThread "Asynchronous log dispatcher for DefaultDaemonConnection: socket connection from /127.0.0.1:31067 to /127.0.0.1:48511" [_thread_blocked, id=23052, stack(0x00000084d7200000,0x00000084d7300000)]
  0x000001d5f9067c70 JavaThread "Stdin handler" [_thread_blocked, id=19232, stack(0x00000084d7300000,0x00000084d7400000)]
  0x000001d5f9069fe0 JavaThread "Daemon client event forwarder" [_thread_blocked, id=7272, stack(0x00000084d7400000,0x00000084d7500000)]
  0x000001d5f906a4f0 JavaThread "Cache worker for file hash cache (D:\desktop\personal\com\readdai-main\.gradle\8.14.4\fileHashes)" [_thread_blocked, id=10404, stack(0x00000084d7500000,0x00000084d7600000)]
  0x000001d5f906b930 JavaThread "Cache worker for Build Output Cleanup Cache (D:\desktop\personal\com\readdai-main\.gradle\buildOutputCleanup)" [_thread_blocked, id=22084, stack(0x00000084d7600000,0x00000084d7700000)]
  0x000001d5f906c860 JavaThread "Cache worker for checksums cache (D:\desktop\personal\com\readdai-main\.gradle\8.14.4\checksums)" [_thread_blocked, id=14824, stack(0x00000084d7700000,0x00000084d7800000)]
  0x000001d5f906be40 JavaThread "Cache worker for cache directory md-supplier (D:\gradle\caches\8.14.4\md-supplier)" [_thread_blocked, id=25380, stack(0x00000084d7b00000,0x00000084d7c00000)]
  0x000001d5f906c350 JavaThread "Cache worker for cache directory md-rule (D:\gradle\caches\8.14.4\md-rule)" [_thread_blocked, id=21956, stack(0x00000084d7c00000,0x00000084d7d00000)]
  0x000001d5f9068180 JavaThread "Unconstrained build operations" [_thread_blocked, id=14792, stack(0x00000084d7e00000,0x00000084d7f00000)]
  0x000001d5f906e1b0 JavaThread "Unconstrained build operations Thread 2" [_thread_blocked, id=26356, stack(0x00000084d7f00000,0x00000084d8000000)]
  0x000001d5f906cd70 JavaThread "Unconstrained build operations Thread 3" [_thread_blocked, id=20236, stack(0x00000084d8300000,0x00000084d8400000)]
  0x000001d5f906d280 JavaThread "Unconstrained build operations Thread 4" [_thread_blocked, id=22244, stack(0x00000084d8500000,0x00000084d8600000)]
  0x000001d5f906f0e0 JavaThread "Unconstrained build operations Thread 5" [_thread_blocked, id=18292, stack(0x00000084d8600000,0x00000084d8700000)]
  0x000001d5f9070f40 JavaThread "Unconstrained build operations Thread 6" [_thread_blocked, id=22276, stack(0x00000084d8700000,0x00000084d8800000)]
  0x000001d5f9070a30 JavaThread "Unconstrained build operations Thread 7" [_thread_blocked, id=17280, stack(0x00000084d8a00000,0x00000084d8b00000)]
  0x000001d5f906f5f0 JavaThread "Unconstrained build operations Thread 8" [_thread_blocked, id=18772, stack(0x00000084d8d00000,0x00000084d8e00000)]
  0x000001d5f906d790 JavaThread "Unconstrained build operations Thread 9" [_thread_blocked, id=19036, stack(0x00000084d8e00000,0x00000084d8f00000)]
  0x000001d5f9071450 JavaThread "Unconstrained build operations Thread 10" [_thread_blocked, id=16552, stack(0x00000084d8f00000,0x00000084d9000000)]
  0x000001d5f906fb00 JavaThread "Unconstrained build operations Thread 11" [_thread_blocked, id=5992, stack(0x00000084d9000000,0x00000084d9100000)]
  0x000001d5f906ebd0 JavaThread "Unconstrained build operations Thread 12" [_thread_blocked, id=1656, stack(0x00000084d9100000,0x00000084d9200000)]
  0x000001d5f9070010 JavaThread "Unconstrained build operations Thread 13" [_thread_blocked, id=24648, stack(0x00000084d9200000,0x00000084d9300000)]
  0x000001d5f906dca0 JavaThread "Unconstrained build operations Thread 14" [_thread_blocked, id=25764, stack(0x00000084d9300000,0x00000084d9400000)]
  0x000001d5f906e6c0 JavaThread "build event listener" [_thread_blocked, id=18156, stack(0x00000084d8b00000,0x00000084d8c00000)]
  0x000001d5f9070520 JavaThread "build event listener" [_thread_blocked, id=13708, stack(0x00000084d8c00000,0x00000084d8d00000)]
  0x000001d5f9071960 JavaThread "Problems report writer" [_thread_blocked, id=9712, stack(0x00000084d9400000,0x00000084d9500000)]
  0x000001d5f9052940 JavaThread "included builds" [_thread_blocked, id=14916, stack(0x00000084d9c00000,0x00000084d9d00000)]
  0x000001d5f9053d80 JavaThread "Execution worker" [_thread_blocked, id=23152, stack(0x00000084d9e00000,0x00000084d9f00000)]
  0x000001d5f9057a40 JavaThread "Execution worker Thread 2" [_thread_blocked, id=4204, stack(0x00000084da000000,0x00000084da100000)]
  0x000001d5f9057020 JavaThread "Execution worker Thread 3" [_thread_blocked, id=25376, stack(0x00000084da400000,0x00000084da500000)]
  0x000001d5f9057530 JavaThread "Execution worker Thread 4" [_thread_blocked, id=4304, stack(0x00000084da500000,0x00000084da600000)]
  0x000001d5f90560f0 JavaThread "Execution worker Thread 5" [_thread_blocked, id=9256, stack(0x00000084da600000,0x00000084da700000)]
  0x000001d5f9054290 JavaThread "Execution worker Thread 6" [_thread_blocked, id=24988, stack(0x00000084da700000,0x00000084da800000)]
  0x000001d5f9056600 JavaThread "Execution worker Thread 7" [_thread_blocked, id=12192, stack(0x00000084da800000,0x00000084da900000)]
  0x000001d5f9057f50 JavaThread "Cache worker for execution history cache (D:\desktop\personal\com\readdai-main\.gradle\8.14.4\executionHistory)" [_thread_blocked, id=6916, stack(0x00000084da900000,0x00000084daa00000)]
  0x000001d5f9066830 JavaThread "Unconstrained build operations Thread 15" [_thread_blocked, id=23772, stack(0x00000084d9500000,0x00000084d9600000)]
  0x000001d5f9056b10 JavaThread "Unconstrained build operations Thread 16" [_thread_blocked, id=17328, stack(0x00000084daa00000,0x00000084dab00000)]
  0x000001d5f90547a0 JavaThread "Unconstrained build operations Thread 17" [_thread_blocked, id=12436, stack(0x00000084dab00000,0x00000084dac00000)]
  0x000001d5f90598a0 JavaThread "Unconstrained build operations Thread 18" [_thread_blocked, id=24436, stack(0x00000084dac00000,0x00000084dad00000)]
  0x000001d5f905ace0 JavaThread "Unconstrained build operations Thread 19" [_thread_blocked, id=25272, stack(0x00000084dad00000,0x00000084dae00000)]
  0x000001d5f905b1f0 JavaThread "Unconstrained build operations Thread 20" [_thread_blocked, id=25208, stack(0x00000084dae00000,0x00000084daf00000)]
  0x000001d5f9059db0 JavaThread "Unconstrained build operations Thread 21" [_thread_blocked, id=13608, stack(0x00000084daf00000,0x00000084db000000)]
  0x000001d5f905b700 JavaThread "Unconstrained build operations Thread 22" [_thread_blocked, id=15264, stack(0x00000084db100000,0x00000084db200000)]
  0x000001d5f905a2c0 JavaThread "Unconstrained build operations Thread 23" [_thread_blocked, id=16404, stack(0x00000084db200000,0x00000084db300000)]
  0x000001d5f905bc10 JavaThread "Unconstrained build operations Thread 24" [_thread_blocked, id=4080, stack(0x00000084db300000,0x00000084db400000)]
  0x000001d5f9058e80 JavaThread "Unconstrained build operations Thread 25" [_thread_blocked, id=24524, stack(0x00000084db000000,0x00000084db100000)]
  0x000001d5f905a7d0 JavaThread "Unconstrained build operations Thread 26" [_thread_blocked, id=5384, stack(0x00000084db400000,0x00000084db500000)]
  0x000001d5f9058460 JavaThread "Unconstrained build operations Thread 27" [_thread_blocked, id=24240, stack(0x00000084db500000,0x00000084db600000)]
  0x000001d5f9058970 JavaThread "Unconstrained build operations Thread 28" [_thread_blocked, id=11468, stack(0x00000084db600000,0x00000084db700000)]
  0x000001d5f905c120 JavaThread "Unconstrained build operations Thread 29" [_thread_blocked, id=1456, stack(0x00000084db700000,0x00000084db800000)]
  0x000001d5f905c630 JavaThread "Unconstrained build operations Thread 30" [_thread_blocked, id=12968, stack(0x00000084db800000,0x00000084db900000)]
  0x000001d5f905cb40 JavaThread "Unconstrained build operations Thread 31" [_thread_blocked, id=24856, stack(0x00000084db900000,0x00000084dba00000)]
  0x000001d5f905da70 JavaThread "WorkerExecutor Queue" [_thread_in_Java, id=21964, stack(0x00000084dbc00000,0x00000084dbd00000)]
  0x000001d5f905fde0 JavaThread "Unconstrained build operations Thread 32" [_thread_blocked, id=20044, stack(0x00000084dbd00000,0x00000084dbe00000)]
  0x000001d5f905f8d0 JavaThread "Unconstrained build operations Thread 33" [_thread_blocked, id=24364, stack(0x00000084dbe00000,0x00000084dbf00000)]
  0x000001d5f905e490 JavaThread "Unconstrained build operations Thread 34" [_thread_blocked, id=22116, stack(0x00000084dbf00000,0x00000084dc000000)]
  0x000001d5f90602f0 JavaThread "Unconstrained build operations Thread 35" [_thread_blocked, id=25068, stack(0x00000084dc000000,0x00000084dc100000)]
  0x000001d5f905df80 JavaThread "Unconstrained build operations Thread 36" [_thread_blocked, id=7612, stack(0x00000084dc100000,0x00000084dc200000)]
  0x000001d5f905e9a0 JavaThread "Unconstrained build operations Thread 37" [_thread_blocked, id=22428, stack(0x00000084dc200000,0x00000084dc300000)]
  0x000001d5f905eeb0 JavaThread "Unconstrained build operations Thread 38" [_thread_blocked, id=23648, stack(0x00000084dc300000,0x00000084dc400000)]
  0x000001d5f9060800 JavaThread "Unconstrained build operations Thread 39" [_thread_blocked, id=4608, stack(0x00000084dbb00000,0x00000084dbc00000)]
  0x000001d5f905d050 JavaThread "WorkerExecutor Queue Thread 2" [_thread_blocked, id=20408, stack(0x00000084dc400000,0x00000084dc500000)]
  0x000001d5f9060d10 JavaThread "Unconstrained build operations Thread 40" [_thread_blocked, id=18608, stack(0x00000084dc600000,0x00000084dc700000)]
  0x000001d5f9067250 JavaThread "Unconstrained build operations Thread 41" [_thread_blocked, id=25388, stack(0x00000084dc700000,0x00000084dc800000)]
  0x000001d5f905d560 JavaThread "Unconstrained build operations Thread 42" [_thread_blocked, id=21808, stack(0x00000084dc800000,0x00000084dc900000)]
  0x000001d5f9061730 JavaThread "Unconstrained build operations Thread 43" [_thread_blocked, id=12732, stack(0x00000084dc900000,0x00000084dca00000)]
  0x000001d5f9061c40 JavaThread "Unconstrained build operations Thread 44" [_thread_blocked, id=23432, stack(0x00000084dca00000,0x00000084dcb00000)]
  0x000001d5f9061220 JavaThread "Unconstrained build operations Thread 45" [_thread_blocked, id=12204, stack(0x00000084dcb00000,0x00000084dcc00000)]
  0x000001d5f9062660 JavaThread "Unconstrained build operations Thread 46" [_thread_blocked, id=1648, stack(0x00000084dcc00000,0x00000084dcd00000)]
  0x000001d5f9062b70 JavaThread "Unconstrained build operations Thread 47" [_thread_blocked, id=4924, stack(0x00000084dcd00000,0x00000084dce00000)]
  0x000001d5f90649d0 JavaThread "Unconstrained build operations Thread 48" [_thread_blocked, id=20740, stack(0x00000084dd100000,0x00000084dd200000)]
  0x000001d5f9065900 JavaThread "Unconstrained build operations Thread 49" [_thread_blocked, id=21632, stack(0x00000084dd200000,0x00000084dd300000)]
  0x000001d5f9063aa0 JavaThread "Unconstrained build operations Thread 50" [_thread_blocked, id=8872, stack(0x00000084dd300000,0x00000084dd400000)]
  0x000001d5f9064ee0 JavaThread "Unconstrained build operations Thread 51" [_thread_blocked, id=15952, stack(0x00000084dd400000,0x00000084dd500000)]
  0x000001d5f9062150 JavaThread "Unconstrained build operations Thread 52" [_thread_blocked, id=19844, stack(0x00000084dd500000,0x00000084dd600000)]
  0x000001d5f9063fb0 JavaThread "WorkerExecutor Queue Thread 3" [_thread_blocked, id=13192, stack(0x00000084dd700000,0x00000084dd800000)]
  0x000001d5f5de7b40 JavaThread "Unconstrained build operations Thread 53" [_thread_blocked, id=2920, stack(0x00000084d9600000,0x00000084d9700000)]
  0x000001d5aaa080f0 JavaThread "Build operations" [_thread_blocked, id=3708, stack(0x00000084d9700000,0x00000084d9800000)]
  0x000001d5aaa04940 JavaThread "Build operations Thread 2" [_thread_blocked, id=25368, stack(0x00000084d9800000,0x00000084d9900000)]
  0x000001d5aaa04e50 JavaThread "Build operations Thread 3" [_thread_blocked, id=24828, stack(0x00000084d9900000,0x00000084d9a00000)]
  0x000001d5aaa05360 JavaThread "Build operations Thread 4" [_thread_blocked, id=7892, stack(0x00000084d9a00000,0x00000084d9b00000)]
  0x000001d5aaa0a970 JavaThread "Build operations Thread 5" [_thread_blocked, id=14584, stack(0x00000084d9b00000,0x00000084d9c00000)]
  0x000001d5aaa0ae80 JavaThread "Build operations Thread 6" [_thread_blocked, id=4124, stack(0x00000084dc500000,0x00000084dc600000)]
  0x000001d5aaa0b390 JavaThread "Build operations Thread 7" [_thread_blocked, id=22696, stack(0x00000084dce00000,0x00000084dcf00000)]
  0x000001d5aaa09530 JavaThread "WorkerExecutor Queue Thread 5" [_thread_in_vm, id=23984, stack(0x00000084dd800000,0x00000084dd900000)]
  0x000001d5aaa0f560 JavaThread "Unconstrained build operations Thread 54" [_thread_blocked, id=12024, stack(0x00000084dcf00000,0x00000084dd000000)]
  0x000001d5aaa0dc10 JavaThread "Unconstrained build operations Thread 55" [_thread_blocked, id=18540, stack(0x00000084dd000000,0x00000084dd100000)]
  0x000001d5aaa118d0 JavaThread "Unconstrained build operations Thread 56" [_thread_blocked, id=14016, stack(0x00000084dda00000,0x00000084ddb00000)]
  0x000001d5aaa0e120 JavaThread "Unconstrained build operations Thread 57" [_thread_blocked, id=22900, stack(0x00000084ddb00000,0x00000084ddc00000)]
  0x000001d5aaa11de0 JavaThread "Unconstrained build operations Thread 58" [_thread_blocked, id=21816, stack(0x00000084ddc00000,0x00000084ddd00000)]
  0x000001d5aaa0e630 JavaThread "Unconstrained build operations Thread 59" [_thread_blocked, id=5324, stack(0x00000084ddd00000,0x00000084dde00000)]
  0x000001d5aaa12800 JavaThread "Unconstrained build operations Thread 60" [_thread_blocked, id=6760, stack(0x00000084dde00000,0x00000084ddf00000)]
  0x000001d5aaa122f0 JavaThread "WorkerExecutor Queue Thread 6" [_thread_blocked, id=23664, stack(0x00000084ddf00000,0x00000084de000000)]
  0x000001d5aaa12d10 JavaThread "Unconstrained build operations Thread 61" [_thread_blocked, id=18368, stack(0x00000084de000000,0x00000084de100000)]
  0x000001d5aaa13220 JavaThread "Unconstrained build operations Thread 62" [_thread_blocked, id=21916, stack(0x00000084de100000,0x00000084de200000)]
  0x000001d5f8ea09d0 JavaThread "Unconstrained build operations Thread 63" [_thread_blocked, id=13772, stack(0x00000084de200000,0x00000084de300000)]
  0x000001d5f8ea1900 JavaThread "Unconstrained build operations Thread 64" [_thread_blocked, id=22764, stack(0x00000084de300000,0x00000084de400000)]
  0x000001d5f8ea1e10 JavaThread "Unconstrained build operations Thread 65" [_thread_blocked, id=11952, stack(0x00000084de400000,0x00000084de500000)]
  0x000001d5f8ea0ee0 JavaThread "Unconstrained build operations Thread 66" [_thread_blocked, id=22704, stack(0x00000084de500000,0x00000084de600000)]
  0x000001d5f8e9ffb0 JavaThread "Unconstrained build operations Thread 67" [_thread_blocked, id=20780, stack(0x00000084de600000,0x00000084de700000)]
  0x000001d5f8ea13f0 JavaThread "Unconstrained build operations Thread 68" [_thread_blocked, id=10408, stack(0x00000084de700000,0x00000084de800000)]
  0x000001d5f8ea2320 JavaThread "Unconstrained build operations Thread 69" [_thread_blocked, id=7756, stack(0x00000084de800000,0x00000084de900000)]
  0x000001d5f8e9f080 JavaThread "Unconstrained build operations Thread 70" [_thread_blocked, id=17940, stack(0x00000084de900000,0x00000084dea00000)]
  0x000001d5f8e9f590 JavaThread "Unconstrained build operations Thread 71" [_thread_blocked, id=24884, stack(0x00000084dea00000,0x00000084deb00000)]
  0x000001d5f8ea4690 JavaThread "Unconstrained build operations Thread 72" [_thread_blocked, id=15900, stack(0x00000084deb00000,0x00000084dec00000)]
  0x000001d5f8ea3250 JavaThread "Unconstrained build operations Thread 73" [_thread_blocked, id=1880, stack(0x00000084dec00000,0x00000084ded00000)]
  0x000001d5f8ea3c70 JavaThread "Unconstrained build operations Thread 74" [_thread_blocked, id=11724, stack(0x00000084ded00000,0x00000084dee00000)]
  0x000001d5f8ea64f0 JavaThread "Unconstrained build operations Thread 75" [_thread_blocked, id=23292, stack(0x00000084dee00000,0x00000084def00000)]
  0x000001d5f8ea5ad0 JavaThread "Unconstrained build operations Thread 76" [_thread_blocked, id=23280, stack(0x00000084def00000,0x00000084df000000)]
  0x000001d5f8ea4ba0 JavaThread "Unconstrained build operations Thread 77" [_thread_blocked, id=22716, stack(0x00000084df100000,0x00000084df200000)]
  0x000001d5f8ea3760 JavaThread "WorkerExecutor Queue Thread 7" [_thread_blocked, id=6280, stack(0x00000084df200000,0x00000084df300000)]
  0x000001d5f47e6fe0 JavaThread "ForkJoinPool.commonPool-worker-14" daemon [_thread_blocked, id=17356, stack(0x00000084df300000,0x00000084df400000)]
  0x000001d5f47e74f0 JavaThread "ForkJoinPool.commonPool-worker-15" daemon [_thread_blocked, id=24444, stack(0x00000084df400000,0x00000084df500000)]
  0x000001d5f47e8420 JavaThread "Unconstrained build operations Thread 78" [_thread_blocked, id=24508, stack(0x00000084df500000,0x00000084df600000)]
  0x000001d5f47e8930 JavaThread "Unconstrained build operations Thread 79" [_thread_blocked, id=25796, stack(0x00000084df600000,0x00000084df700000)]
  0x000001d5f47e8e40 JavaThread "Unconstrained build operations Thread 80" [_thread_blocked, id=15884, stack(0x00000084df700000,0x00000084df800000)]
  0x000001d5f47e9350 JavaThread "ForkJoinPool.commonPool-worker-16" daemon [_thread_blocked, id=6984, stack(0x00000084df800000,0x00000084df900000)]
  0x000001d5f47e5ba0 JavaThread "WorkerExecutor Queue Thread 8" [_thread_blocked, id=10772, stack(0x00000084dfa00000,0x00000084dfb00000)]
  0x000001d5f3550910 JavaThread "ForkJoinPool.commonPool-worker-17" daemon [_thread_blocked, id=1088, stack(0x00000084dfd00000,0x00000084dfe00000)]
  0x000001d5f9472fb0 JavaThread "ForkJoinPool-1-worker-1" daemon [_thread_blocked, id=23816, stack(0x00000084dff00000,0x00000084e0000000)]
  0x000001d5f9473ee0 JavaThread "ForkJoinPool-1-worker-2" daemon [_thread_blocked, id=16032, stack(0x00000084e0000000,0x00000084e0100000)]
  0x000001d5f94734c0 JavaThread "ForkJoinPool-1-worker-4" daemon [_thread_blocked, id=20240, stack(0x00000084e0200000,0x00000084e0300000)]
  0x000001d5f9475320 JavaThread "ForkJoinPool-1-worker-5" daemon [_thread_blocked, id=23716, stack(0x00000084e0300000,0x00000084e0400000)]
  0x000001d5f9477180 JavaThread "ForkJoinPool-1-worker-7" daemon [_thread_blocked, id=13196, stack(0x00000084e0500000,0x00000084e0600000)]
  0x000001d5f9475830 JavaThread "ForkJoinPool-1-worker-6" daemon [_thread_blocked, id=22604, stack(0x00000084e0600000,0x00000084e0700000)]
  0x000001d5f94743f0 JavaThread "ForkJoinPool-1-worker-8" daemon [_thread_blocked, id=25844, stack(0x00000084e0700000,0x00000084e0800000)]
  0x000001d5a9313300 JavaThread "ForkJoinPool-1-worker-9" daemon [_thread_blocked, id=3404, stack(0x00000084dd900000,0x00000084dda00000)]

Other Threads:
  0x000001d5c64ed8b0 VMThread "VM Thread" [stack: 0x00000084d5a00000,0x00000084d5b00000] [id=16064]
  0x000001d5ebf11870 WatcherThread [stack: 0x00000084d6600000,0x00000084d6700000] [id=22448]
  0x000001d5c6314160 GCTaskThread "GC Thread#0" [stack: 0x00000084d5900000,0x00000084d5a00000] [id=14360]
  0x000001d5ed711d80 GCTaskThread "GC Thread#1" [stack: 0x00000084d6700000,0x00000084d6800000] [id=21764]
  0x000001d5ed712040 GCTaskThread "GC Thread#2" [stack: 0x00000084d6800000,0x00000084d6900000] [id=7792]
  0x000001d5ed7126d0 GCTaskThread "GC Thread#3" [stack: 0x00000084d6900000,0x00000084d6a00000] [id=8644]
  0x000001d5f20e4520 GCTaskThread "GC Thread#4" [stack: 0x00000084d6a00000,0x00000084d6b00000] [id=11564]
  0x000001d5eda7ecf0 GCTaskThread "GC Thread#5" [stack: 0x00000084d6e00000,0x00000084d6f00000] [id=5340]
  0x000001d5f2c80eb0 GCTaskThread "GC Thread#6" [stack: 0x00000084d6f00000,0x00000084d7000000] [id=9724]
  0x000001d5ebee8340 GCTaskThread "GC Thread#7" [stack: 0x00000084d7000000,0x00000084d7100000] [id=23804]

Threads with active compile tasks:
C2 CompilerThread0  3966132 105212       4       com.android.tools.r8.shaking.va::a (212 bytes)

VM state: not at safepoint (normal execution)

VM Mutex/Monitor currently owned by a thread: None

Heap address: 0x0000000680000000, size: 6144 MB, Compressed Oops mode: Zero based, Oop shift amount: 3

CDS archive(s) mapped at: [0x000001d580000000-0x000001d580bd0000-0x000001d580bd0000), size 12386304, SharedBaseAddress: 0x000001d580000000, ArchiveRelocationMode: 1.
Compressed class space mapped at: 0x000001d581000000-0x000001d59b000000, reserved size: 436207616
Narrow klass base: 0x000001d580000000, Narrow klass shift: 0, Narrow klass range: 0x100000000

GC Precious Log:
 CPUs: 8 total, 8 available
 Memory: 7785M
 Large Page Support: Disabled
 NUMA Support: Disabled
 Compressed Oops: Enabled (Zero based)
 Alignments: Space 512K, Generation 512K, Heap 2M
 Heap Min Capacity: 256M
 Heap Initial Capacity: 256M
 Heap Max Capacity: 6G
 Pre-touch: Disabled
 Parallel Workers: 8

Heap:
 PSYoungGen      total 1826816K, used 1545385K [0x0000000780000000, 0x0000000800000000, 0x0000000800000000)
  eden space 1556480K, 99% used [0x0000000780000000,0x00000007de52a5a0,0x00000007df000000)
  from space 270336K, 0% used [0x00000007df000000,0x00000007df000000,0x00000007ef800000)
  to   space 270336K, 0% used [0x00000007ef800000,0x00000007ef800000,0x0000000800000000)
 ParOldGen       total 3200000K, used 2566486K [0x0000000680000000, 0x0000000743500000, 0x0000000780000000)
  object space 3200000K, 80% used [0x0000000680000000,0x000000071ca55a48,0x0000000743500000)
 Metaspace       used 378868K, committed 381120K, reserved 819200K
  class space    used 46080K, committed 47168K, reserved 425984K

Card table byte_map: [0x000001d5dd3e0000,0x000001d5ddff0000] _byte_map_base: 0x000001d5d9fe0000

Marking Bits: (ParMarkBitMap*) 0x00007ffad5b92be0
 Begin Bits: [0x000001d5de7f0000, 0x000001d5e47f0000)
 End Bits:   [0x000001d5e47f0000, 0x000001d5ea7f0000)

Polling page: 0x000001d5c59f0000

Metaspace:

Usage:
  Non-class:    324.99 MB used.
      Class:     45.00 MB used.
       Both:    369.99 MB used.

Virtual space:
  Non-class space:      384.00 MB reserved,     326.12 MB ( 85%) committed,  6 nodes.
      Class space:      416.00 MB reserved,      46.06 MB ( 11%) committed,  1 nodes.
             Both:      800.00 MB reserved,     372.19 MB ( 47%) committed. 

Chunk freelists:
   Non-Class:  9.12 MB
       Class:  1.83 MB
        Both:  10.95 MB

MaxMetaspaceSize: 512.00 MB
CompressedClassSpaceSize: 416.00 MB
Initial GC threshold: 21.00 MB
Current GC threshold: 512.00 MB
CDS: on
MetaspaceReclaimPolicy: balanced
 - commit_granule_bytes: 65536.
 - commit_granule_words: 8192.
 - virtual_space_node_default_size: 8388608.
 - enlarge_chunks_in_place: 1.
 - new_chunks_are_fully_committed: 0.
 - uncommit_free_chunks: 1.
 - use_allocation_guard: 0.
 - handle_deallocations: 1.


Internal statistics:

num_allocs_failed_limit: 19.
num_arena_births: 3962.
num_arena_deaths: 252.
num_vsnodes_births: 7.
num_vsnodes_deaths: 0.
num_space_committed: 6179.
num_space_uncommitted: 232.
num_chunks_returned_to_freelist: 1234.
num_chunks_taken_from_freelist: 21118.
num_chunk_merges: 376.
num_chunk_splits: 14495.
num_chunks_enlarged: 10131.
num_inconsistent_stats: 0.

CodeHeap 'non-profiled nmethods': size=120000Kb used=119582Kb max_used=119999Kb free=417Kb
 bounds [0x000001d5d5eb0000, 0x000001d5dd3e0000, 0x000001d5dd3e0000]
CodeHeap 'profiled nmethods': size=120000Kb used=103830Kb max_used=119981Kb free=16169Kb
 bounds [0x000001d5ce3e0000, 0x000001d5d5910000, 0x000001d5d5910000]
CodeHeap 'non-nmethods': size=5760Kb used=2913Kb max_used=3084Kb free=2846Kb
 bounds [0x000001d5d5910000, 0x000001d5d5c30000, 0x000001d5d5eb0000]
 total_blobs=64840 nmethods=63299 adapters=1450
 compilation: enabled
              stopped_count=0, restarted_count=0
 full_count=0

Compilation events (20 events):
Event: 3963.000 Thread 0x000001d5ebd25c70 nmethod 105170 0x000001d5dcdaf010 code [0x000001d5dcdaf340, 0x000001d5dcdb07b0]
Event: 3963.000 Thread 0x000001d5ebd25c70 105183       4       com.android.tools.r8.internal.eu0::c (27 bytes)
Event: 3963.028 Thread 0x000001d5ebd25c70 nmethod 105183 0x000001d5da770090 code [0x000001d5da7702a0, 0x000001d5da770c48]
Event: 3963.029 Thread 0x000001d5ebd25c70 105193       4       com.android.tools.r8.internal.di2::a (190 bytes)
Event: 3963.066 Thread 0x000001d5ebd25c70 nmethod 105193 0x000001d5dd044990 code [0x000001d5dd044c40, 0x000001d5dd0459b0]
Event: 3963.066 Thread 0x000001d5ebd25c70 105192       4       com.android.tools.r8.internal.di2::b (56 bytes)
Event: 3963.068 Thread 0x000001d5ebd25c70 nmethod 105192 0x000001d5dcdaec90 code [0x000001d5dcdaee20, 0x000001d5dcdaeee8]
Event: 3963.068 Thread 0x000001d5ebd25c70 105174       4       com.android.tools.r8.internal.gi2::b (269 bytes)
Event: 3963.584 Thread 0x000001d5ebd25c70 nmethod 105174 0x000001d5dca32f90 code [0x000001d5dca339e0, 0x000001d5dca3a638]
Event: 3963.585 Thread 0x000001d5ebd25c70 105168       4       com.android.tools.r8.internal.lu::a (22 bytes)
Event: 3963.591 Thread 0x000001d5ebd25c70 nmethod 105168 0x000001d5dc1bb810 code [0x000001d5dc1bb9a0, 0x000001d5dc1bbaf8]
Event: 3963.591 Thread 0x000001d5ebd25c70 105188       4       com.android.tools.r8.internal.oa1::b (138 bytes)
Event: 3963.851 Thread 0x000001d5ebd25c70 nmethod 105188 0x000001d5dcd62d90 code [0x000001d5dcd633a0, 0x000001d5dcd66bb8]
Event: 3963.852 Thread 0x000001d5ebd25c70 105184       4       com.android.tools.r8.internal.vp::a (174 bytes)
Event: 3963.932 Thread 0x000001d5ebd25c70 nmethod 105184 0x000001d5dca9aa10 code [0x000001d5dca9ad60, 0x000001d5dca9c348]
Event: 3963.933 Thread 0x000001d5ebd25c70 105205       4       com.android.tools.r8.graph.l1::a (276 bytes)
Event: 3964.010 Thread 0x000001d5ebd25c70 nmethod 105205 0x000001d5dbc65e10 code [0x000001d5dbc660e0, 0x000001d5dbc67248]
Event: 3964.011 Thread 0x000001d5ebd25c70 105179       4       com.android.tools.r8.internal.rx3::b (163 bytes)
Event: 3964.465 Thread 0x000001d5ebd25c70 nmethod 105179 0x000001d5dc3b1310 code [0x000001d5dc3b1d60, 0x000001d5dc3b78f8]
Event: 3964.465 Thread 0x000001d5ebd25c70 105212       4       com.android.tools.r8.shaking.va::a (212 bytes)

GC Heap History (20 events):
Event: 3836.743 GC heap before
{Heap before GC invocations=205 (full 16):
 PSYoungGen      total 1926144K, used 1806557K [0x0000000780000000, 0x00000007ff480000, 0x0000000800000000)
  eden space 1780224K, 100% used [0x0000000780000000,0x00000007eca80000,0x00000007eca80000)
  from space 145920K, 18% used [0x00000007eca80000,0x00000007ee437430,0x00000007f5900000)
  to   space 135680K, 0% used [0x00000007f7000000,0x00000007f7000000,0x00000007ff480000)
 ParOldGen       total 2827776K, used 2661126K [0x0000000680000000, 0x000000072c980000, 0x0000000780000000)
  object space 2827776K, 94% used [0x0000000680000000,0x00000007226c1a98,0x000000072c980000)
 Metaspace       used 377876K, committed 380160K, reserved 819200K
  class space    used 46010K, committed 47104K, reserved 425984K
}
Event: 3836.828 GC heap after
{Heap after GC invocations=205 (full 16):
 PSYoungGen      total 1934336K, used 35434K [0x0000000780000000, 0x00000007fe400000, 0x0000000800000000)
  eden space 1815552K, 0% used [0x0000000780000000,0x0000000780000000,0x00000007eed00000)
  from space 118784K, 29% used [0x00000007f7000000,0x00000007f929aa88,0x00000007fe400000)
  to   space 126464K, 0% used [0x00000007eed00000,0x00000007eed00000,0x00000007f6880000)
 ParOldGen       total 2827776K, used 2661126K [0x0000000680000000, 0x000000072c980000, 0x0000000780000000)
  object space 2827776K, 94% used [0x0000000680000000,0x00000007226c1a98,0x000000072c980000)
 Metaspace       used 377876K, committed 380160K, reserved 819200K
  class space    used 46010K, committed 47104K, reserved 425984K
}
Event: 3839.004 GC heap before
{Heap before GC invocations=206 (full 16):
 PSYoungGen      total 1934336K, used 1850986K [0x0000000780000000, 0x00000007fe400000, 0x0000000800000000)
  eden space 1815552K, 100% used [0x0000000780000000,0x00000007eed00000,0x00000007eed00000)
  from space 118784K, 29% used [0x00000007f7000000,0x00000007f929aa88,0x00000007fe400000)
  to   space 126464K, 0% used [0x00000007eed00000,0x00000007eed00000,0x00000007f6880000)
 ParOldGen       total 2827776K, used 2661126K [0x0000000680000000, 0x000000072c980000, 0x0000000780000000)
  object space 2827776K, 94% used [0x0000000680000000,0x00000007226c1a98,0x000000072c980000)
 Metaspace       used 377889K, committed 380160K, reserved 819200K
  class space    used 46013K, committed 47104K, reserved 425984K
}
Event: 3839.179 GC heap after
{Heap after GC invocations=206 (full 16):
 PSYoungGen      total 1942016K, used 44405K [0x0000000780000000, 0x00000007ffd80000, 0x0000000800000000)
  eden space 1815552K, 0% used [0x0000000780000000,0x0000000780000000,0x00000007eed00000)
  from space 126464K, 35% used [0x00000007eed00000,0x00000007f185d748,0x00000007f6880000)
  to   space 121344K, 0% used [0x00000007f8700000,0x00000007f8700000,0x00000007ffd80000)
 ParOldGen       total 2827776K, used 2661126K [0x0000000680000000, 0x000000072c980000, 0x0000000780000000)
  object space 2827776K, 94% used [0x0000000680000000,0x00000007226c1a98,0x000000072c980000)
 Metaspace       used 377889K, committed 380160K, reserved 819200K
  class space    used 46013K, committed 47104K, reserved 425984K
}
Event: 3841.124 GC heap before
{Heap before GC invocations=207 (full 16):
 PSYoungGen      total 1942016K, used 1859957K [0x0000000780000000, 0x00000007ffd80000, 0x0000000800000000)
  eden space 1815552K, 100% used [0x0000000780000000,0x00000007eed00000,0x00000007eed00000)
  from space 126464K, 35% used [0x00000007eed00000,0x00000007f185d748,0x00000007f6880000)
  to   space 121344K, 0% used [0x00000007f8700000,0x00000007f8700000,0x00000007ffd80000)
 ParOldGen       total 2827776K, used 2661126K [0x0000000680000000, 0x000000072c980000, 0x0000000780000000)
  object space 2827776K, 94% used [0x0000000680000000,0x00000007226c1a98,0x000000072c980000)
 Metaspace       used 377900K, committed 380224K, reserved 819200K
  class space    used 46013K, committed 47104K, reserved 425984K
}
Event: 3841.287 GC heap after
{Heap after GC invocations=207 (full 16):
 PSYoungGen      total 1970688K, used 60980K [0x0000000780000000, 0x00000007ffe00000, 0x0000000800000000)
  eden space 1849344K, 0% used [0x0000000780000000,0x0000000780000000,0x00000007f0e00000)
  from space 121344K, 50% used [0x00000007f8700000,0x00000007fc28d328,0x00000007ffd80000)
  to   space 122880K, 0% used [0x00000007f0e00000,0x00000007f0e00000,0x00000007f8600000)
 ParOldGen       total 2827776K, used 2661126K [0x0000000680000000, 0x000000072c980000, 0x0000000780000000)
  object space 2827776K, 94% used [0x0000000680000000,0x00000007226c1a98,0x000000072c980000)
 Metaspace       used 377900K, committed 380224K, reserved 819200K
  class space    used 46013K, committed 47104K, reserved 425984K
}
Event: 3843.653 GC heap before
{Heap before GC invocations=208 (full 16):
 PSYoungGen      total 1970688K, used 1910324K [0x0000000780000000, 0x00000007ffe00000, 0x0000000800000000)
  eden space 1849344K, 100% used [0x0000000780000000,0x00000007f0e00000,0x00000007f0e00000)
  from space 121344K, 50% used [0x00000007f8700000,0x00000007fc28d328,0x00000007ffd80000)
  to   space 122880K, 0% used [0x00000007f0e00000,0x00000007f0e00000,0x00000007f8600000)
 ParOldGen       total 2827776K, used 2661126K [0x0000000680000000, 0x000000072c980000, 0x0000000780000000)
  object space 2827776K, 94% used [0x0000000680000000,0x00000007226c1a98,0x000000072c980000)
 Metaspace       used 377935K, committed 380224K, reserved 819200K
  class space    used 46013K, committed 47104K, reserved 425984K
}
Event: 3843.817 GC heap after
{Heap after GC invocations=208 (full 16):
 PSYoungGen      total 1972224K, used 63407K [0x0000000780000000, 0x0000000800000000, 0x0000000800000000)
  eden space 1849344K, 0% used [0x0000000780000000,0x0000000780000000,0x00000007f0e00000)
  from space 122880K, 51% used [0x00000007f0e00000,0x00000007f4bebea0,0x00000007f8600000)
  to   space 123904K, 0% used [0x00000007f8700000,0x00000007f8700000,0x0000000800000000)
 ParOldGen       total 2827776K, used 2661126K [0x0000000680000000, 0x000000072c980000, 0x0000000780000000)
  object space 2827776K, 94% used [0x0000000680000000,0x00000007226c1a98,0x000000072c980000)
 Metaspace       used 377935K, committed 380224K, reserved 819200K
  class space    used 46013K, committed 47104K, reserved 425984K
}
Event: 3846.431 GC heap before
{Heap before GC invocations=209 (full 16):
 PSYoungGen      total 1972224K, used 1912751K [0x0000000780000000, 0x0000000800000000, 0x0000000800000000)
  eden space 1849344K, 100% used [0x0000000780000000,0x00000007f0e00000,0x00000007f0e00000)
  from space 122880K, 51% used [0x00000007f0e00000,0x00000007f4bebea0,0x00000007f8600000)
  to   space 123904K, 0% used [0x00000007f8700000,0x00000007f8700000,0x0000000800000000)
 ParOldGen       total 2827776K, used 2661126K [0x0000000680000000, 0x000000072c980000, 0x0000000780000000)
  object space 2827776K, 94% used [0x0000000680000000,0x00000007226c1a98,0x000000072c980000)
 Metaspace       used 377965K, committed 380224K, reserved 819200K
  class space    used 46013K, committed 47104K, reserved 425984K
}
Event: 3846.524 GC heap after
{Heap after GC invocations=209 (full 16):
 PSYoungGen      total 1965056K, used 72637K [0x0000000780000000, 0x0000000800000000, 0x0000000800000000)
  eden space 1841152K, 0% used [0x0000000780000000,0x0000000780000000,0x00000007f0600000)
  from space 123904K, 58% used [0x00000007f8700000,0x00000007fcdef5c0,0x0000000800000000)
  to   space 128000K, 0% used [0x00000007f0600000,0x00000007f0600000,0x00000007f8300000)
 ParOldGen       total 2827776K, used 2661126K [0x0000000680000000, 0x000000072c980000, 0x0000000780000000)
  object space 2827776K, 94% used [0x0000000680000000,0x00000007226c1a98,0x000000072c980000)
 Metaspace       used 377965K, committed 380224K, reserved 819200K
  class space    used 46013K, committed 47104K, reserved 425984K
}
Event: 3849.340 GC heap before
{Heap before GC invocations=210 (full 16):
 PSYoungGen      total 1965056K, used 1913789K [0x0000000780000000, 0x0000000800000000, 0x0000000800000000)
  eden space 1841152K, 100% used [0x0000000780000000,0x00000007f0600000,0x00000007f0600000)
  from space 123904K, 58% used [0x00000007f8700000,0x00000007fcdef5c0,0x0000000800000000)
  to   space 128000K, 0% used [0x00000007f0600000,0x00000007f0600000,0x00000007f8300000)
 ParOldGen       total 2827776K, used 2661126K [0x0000000680000000, 0x000000072c980000, 0x0000000780000000)
  object space 2827776K, 94% used [0x0000000680000000,0x00000007226c1a98,0x000000072c980000)
 Metaspace       used 378284K, committed 380608K, reserved 819200K
  class space    used 46050K, committed 47168K, reserved 425984K
}
Event: 3849.438 GC heap after
{Heap after GC invocations=210 (full 16):
 PSYoungGen      total 1929728K, used 88460K [0x0000000780000000, 0x0000000800000000, 0x0000000800000000)
  eden space 1841152K, 0% used [0x0000000780000000,0x0000000780000000,0x00000007f0600000)
  from space 88576K, 99% used [0x00000007f0600000,0x00000007f5c63328,0x00000007f5c80000)
  to   space 136192K, 0% used [0x00000007f7b00000,0x00000007f7b00000,0x0000000800000000)
 ParOldGen       total 2827776K, used 2661126K [0x0000000680000000, 0x000000072c980000, 0x0000000780000000)
  object space 2827776K, 94% used [0x0000000680000000,0x00000007226c1a98,0x000000072c980000)
 Metaspace       used 378284K, committed 380608K, reserved 819200K
  class space    used 46050K, committed 47168K, reserved 425984K
}
Event: 3856.016 GC heap before
{Heap before GC invocations=211 (full 16):
 PSYoungGen      total 1929728K, used 1929612K [0x0000000780000000, 0x0000000800000000, 0x0000000800000000)
  eden space 1841152K, 100% used [0x0000000780000000,0x00000007f0600000,0x00000007f0600000)
  from space 88576K, 99% used [0x00000007f0600000,0x00000007f5c63328,0x00000007f5c80000)
  to   space 136192K, 0% used [0x00000007f7b00000,0x00000007f7b00000,0x0000000800000000)
 ParOldGen       total 2827776K, used 2661126K [0x0000000680000000, 0x000000072c980000, 0x0000000780000000)
  object space 2827776K, 94% used [0x0000000680000000,0x00000007226c1a98,0x000000072c980000)
 Metaspace       used 378449K, committed 380736K, reserved 819200K
  class space    used 46070K, committed 47168K, reserved 425984K
}
Event: 3856.184 GC heap after
{Heap after GC invocations=211 (full 16):
 PSYoungGen      total 1901568K, used 136190K [0x0000000780000000, 0x0000000800000000, 0x0000000800000000)
  eden space 1765376K, 0% used [0x0000000780000000,0x0000000780000000,0x00000007ebc00000)
  from space 136192K, 99% used [0x00000007f7b00000,0x00000007fffffa68,0x0000000800000000)
  to   space 165888K, 0% used [0x00000007ebc00000,0x00000007ebc00000,0x00000007f5e00000)
 ParOldGen       total 2827776K, used 2676654K [0x0000000680000000, 0x000000072c980000, 0x0000000780000000)
  object space 2827776K, 94% used [0x0000000680000000,0x00000007235eba98,0x000000072c980000)
 Metaspace       used 378449K, committed 380736K, reserved 819200K
  class space    used 46070K, committed 47168K, reserved 425984K
}
Event: 3867.567 GC heap before
{Heap before GC invocations=212 (full 16):
 PSYoungGen      total 1901568K, used 1901566K [0x0000000780000000, 0x0000000800000000, 0x0000000800000000)
  eden space 1765376K, 100% used [0x0000000780000000,0x00000007ebc00000,0x00000007ebc00000)
  from space 136192K, 99% used [0x00000007f7b00000,0x00000007fffffa68,0x0000000800000000)
  to   space 165888K, 0% used [0x00000007ebc00000,0x00000007ebc00000,0x00000007f5e00000)
 ParOldGen       total 2827776K, used 2676654K [0x0000000680000000, 0x000000072c980000, 0x0000000780000000)
  object space 2827776K, 94% used [0x0000000680000000,0x00000007235eba98,0x000000072c980000)
 Metaspace       used 378615K, committed 380928K, reserved 819200K
  class space    used 46073K, committed 47168K, reserved 425984K
}
Event: 3868.135 GC heap after
{Heap after GC invocations=212 (full 16):
 PSYoungGen      total 1931264K, used 165871K [0x0000000780000000, 0x0000000800000000, 0x0000000800000000)
  eden space 1765376K, 0% used [0x0000000780000000,0x0000000780000000,0x00000007ebc00000)
  from space 165888K, 99% used [0x00000007ebc00000,0x00000007f5dfbdb8,0x00000007f5e00000)
  to   space 165888K, 0% used [0x00000007f5e00000,0x00000007f5e00000,0x0000000800000000)
 ParOldGen       total 2827776K, used 2739962K [0x0000000680000000, 0x000000072c980000, 0x0000000780000000)
  object space 2827776K, 96% used [0x0000000680000000,0x00000007273be8a8,0x000000072c980000)
 Metaspace       used 378615K, committed 380928K, reserved 819200K
  class space    used 46073K, committed 47168K, reserved 425984K
}
Event: 3890.258 GC heap before
{Heap before GC invocations=213 (full 16):
 PSYoungGen      total 1931264K, used 1931247K [0x0000000780000000, 0x0000000800000000, 0x0000000800000000)
  eden space 1765376K, 100% used [0x0000000780000000,0x00000007ebc00000,0x00000007ebc00000)
  from space 165888K, 99% used [0x00000007ebc00000,0x00000007f5dfbdb8,0x00000007f5e00000)
  to   space 165888K, 0% used [0x00000007f5e00000,0x00000007f5e00000,0x0000000800000000)
 ParOldGen       total 2827776K, used 2739962K [0x0000000680000000, 0x000000072c980000, 0x0000000780000000)
  object space 2827776K, 96% used [0x0000000680000000,0x00000007273be8a8,0x000000072c980000)
 Metaspace       used 378770K, committed 381056K, reserved 819200K
  class space    used 46073K, committed 47168K, reserved 425984K
}
Event: 3892.050 GC heap after
{Heap after GC invocations=213 (full 16):
 PSYoungGen      total 1722368K, used 165879K [0x0000000780000000, 0x0000000800000000, 0x0000000800000000)
  eden space 1556480K, 0% used [0x0000000780000000,0x0000000780000000,0x00000007df000000)
  from space 165888K, 99% used [0x00000007f5e00000,0x00000007ffffdee0,0x0000000800000000)
  to   space 270336K, 0% used [0x00000007df000000,0x00000007df000000,0x00000007ef800000)
 ParOldGen       total 2827776K, used 2827140K [0x0000000680000000, 0x000000072c980000, 0x0000000780000000)
  object space 2827776K, 99% used [0x0000000680000000,0x000000072c8e13c8,0x000000072c980000)
 Metaspace       used 378770K, committed 381056K, reserved 819200K
  class space    used 46073K, committed 47168K, reserved 425984K
}
Event: 3892.050 GC heap before
{Heap before GC invocations=214 (full 17):
 PSYoungGen      total 1722368K, used 165879K [0x0000000780000000, 0x0000000800000000, 0x0000000800000000)
  eden space 1556480K, 0% used [0x0000000780000000,0x0000000780000000,0x00000007df000000)
  from space 165888K, 99% used [0x00000007f5e00000,0x00000007ffffdee0,0x0000000800000000)
  to   space 270336K, 0% used [0x00000007df000000,0x00000007df000000,0x00000007ef800000)
 ParOldGen       total 2827776K, used 2827140K [0x0000000680000000, 0x000000072c980000, 0x0000000780000000)
  object space 2827776K, 99% used [0x0000000680000000,0x000000072c8e13c8,0x000000072c980000)
 Metaspace       used 378770K, committed 381056K, reserved 819200K
  class space    used 46073K, committed 47168K, reserved 425984K
}
Event: 3946.074 GC heap after
{Heap after GC invocations=214 (full 17):
 PSYoungGen      total 1826816K, used 0K [0x0000000780000000, 0x0000000800000000, 0x0000000800000000)
  eden space 1556480K, 0% used [0x0000000780000000,0x0000000780000000,0x00000007df000000)
  from space 270336K, 0% used [0x00000007df000000,0x00000007df000000,0x00000007ef800000)
  to   space 270336K, 0% used [0x00000007ef800000,0x00000007ef800000,0x0000000800000000)
 ParOldGen       total 3200000K, used 2566486K [0x0000000680000000, 0x0000000743500000, 0x0000000780000000)
  object space 3200000K, 80% used [0x0000000680000000,0x000000071ca55a48,0x0000000743500000)
 Metaspace       used 378747K, committed 381056K, reserved 819200K
  class space    used 46067K, committed 47168K, reserved 425984K
}

Deoptimization events (20 events):
Event: 3959.284 Thread 0x000001d5f47e9350 Uncommon trap: trap_request=0xffffff45 fr.pc=0x000001d5d25f435c relative=0x00000000000000dc
Event: 3959.284 Thread 0x000001d5f47e9350 Uncommon trap: reason=unstable_if action=reinterpret pc=0x000001d5d25f435c method=com.github.benmanes.caffeine.cache.FrequencySketch.incrementAt(II)Z @ 23 c2
Event: 3959.284 Thread 0x000001d5f47e9350 DEOPT PACKING pc=0x000001d5d25f435c sp=0x00000084df8fed40
Event: 3959.284 Thread 0x000001d5f47e9350 DEOPT UNPACKING pc=0x000001d5d59620a3 sp=0x00000084df8fecd8 mode 2
Event: 3960.251 Thread 0x000001d5f905da70 Uncommon trap: trap_request=0xffffffde fr.pc=0x000001d5da9acd40 relative=0x00000000000032e0
Event: 3960.251 Thread 0x000001d5f905da70 Uncommon trap: reason=class_check action=maybe_recompile pc=0x000001d5da9acd40 method=org.jetbrains.kotlin.fir.java.scopes.JavaClassUseSiteMemberScope.isVisibleInCurrentClass(Lorg/jetbrains/kotlin/fir/symbols/impl/FirNamedFunctionSymbol;)Z @ 159 c2
Event: 3960.251 Thread 0x000001d5f905da70 DEOPT PACKING pc=0x000001d5da9acd40 sp=0x00000084dbcf7f90
Event: 3960.251 Thread 0x000001d5f905da70 DEOPT UNPACKING pc=0x000001d5d59620a3 sp=0x00000084dbcf7ee0 mode 2
Event: 3960.285 Thread 0x000001d5aaa09530 Uncommon trap: trap_request=0xffffff6e fr.pc=0x000001d5dc162654 relative=0x00000000000004f4
Event: 3960.285 Thread 0x000001d5aaa09530 Uncommon trap: reason=loop_limit_check action=maybe_recompile pc=0x000001d5dc162654 method=com.android.tools.r8.internal.ln2.b(Ljava/lang/Object;)I @ 15 c2
Event: 3960.286 Thread 0x000001d5aaa09530 DEOPT PACKING pc=0x000001d5dc162654 sp=0x00000084dd8fd990
Event: 3960.286 Thread 0x000001d5aaa09530 DEOPT UNPACKING pc=0x000001d5d59620a3 sp=0x00000084dd8fd8d8 mode 2
Event: 3961.628 Thread 0x000001d5aaa09530 Uncommon trap: trap_request=0xffffffc6 fr.pc=0x000001d5dbc66954 relative=0x0000000000000854
Event: 3961.630 Thread 0x000001d5aaa09530 Uncommon trap: reason=bimorphic_or_optimized_type_check action=maybe_recompile pc=0x000001d5dbc66954 method=com.android.tools.r8.graph.l1.a(Lcom/android/tools/r8/graph/z;Lcom/android/tools/r8/graph/hc;)Z @ 27 c2
Event: 3961.630 Thread 0x000001d5aaa09530 DEOPT PACKING pc=0x000001d5dbc66954 sp=0x00000084dd8fd800
Event: 3961.631 Thread 0x000001d5aaa09530 DEOPT UNPACKING pc=0x000001d5d59620a3 sp=0x00000084dd8fd7c0 mode 2
Event: 3961.631 Thread 0x000001d5aaa09530 Uncommon trap: trap_request=0xffffffc6 fr.pc=0x000001d5dbc66954 relative=0x0000000000000854
Event: 3961.631 Thread 0x000001d5aaa09530 Uncommon trap: reason=bimorphic_or_optimized_type_check action=maybe_recompile pc=0x000001d5dbc66954 method=com.android.tools.r8.graph.l1.a(Lcom/android/tools/r8/graph/z;Lcom/android/tools/r8/graph/hc;)Z @ 27 c2
Event: 3961.631 Thread 0x000001d5aaa09530 DEOPT PACKING pc=0x000001d5dbc66954 sp=0x00000084dd8fd800
Event: 3961.631 Thread 0x000001d5aaa09530 DEOPT UNPACKING pc=0x000001d5d59620a3 sp=0x00000084dd8fd7c0 mode 2

Classes unloaded (20 events):
Event: 3617.809 Thread 0x000001d5c64ed8b0 Unloading class 0x000001d583cba000 'java/lang/invoke/LambdaForm$DMH+0x000001d583cba000'
Event: 3617.809 Thread 0x000001d5c64ed8b0 Unloading class 0x000001d583cb9800 'java/lang/invoke/LambdaForm$DMH+0x000001d583cb9800'
Event: 3617.809 Thread 0x000001d5c64ed8b0 Unloading class 0x000001d583cb9000 'java/lang/invoke/LambdaForm$DMH+0x000001d583cb9000'
Event: 3617.809 Thread 0x000001d5c64ed8b0 Unloading class 0x000001d583cb9400 'java/lang/invoke/LambdaForm$DMH+0x000001d583cb9400'
Event: 3617.809 Thread 0x000001d5c64ed8b0 Unloading class 0x000001d583cb8800 'java/lang/invoke/LambdaForm$DMH+0x000001d583cb8800'
Event: 3617.809 Thread 0x000001d5c64ed8b0 Unloading class 0x000001d583cb8c00 'java/lang/invoke/LambdaForm$DMH+0x000001d583cb8c00'
Event: 3617.809 Thread 0x000001d5c64ed8b0 Unloading class 0x000001d583cb8000 'java/lang/invoke/LambdaForm$DMH+0x000001d583cb8000'
Event: 3903.956 Thread 0x000001d5c64ed8b0 Unloading class 0x000001d583e10400 'java/lang/invoke/LambdaForm$DMH+0x000001d583e10400'
Event: 3903.957 Thread 0x000001d5c64ed8b0 Unloading class 0x000001d583dc3400 'java/lang/invoke/LambdaForm$DMH+0x000001d583dc3400'
Event: 3903.957 Thread 0x000001d5c64ed8b0 Unloading class 0x000001d583dc2c00 'java/lang/invoke/LambdaForm$DMH+0x000001d583dc2c00'
Event: 3903.958 Thread 0x000001d5c64ed8b0 Unloading class 0x000001d583dc2800 'java/lang/invoke/LambdaForm$DMH+0x000001d583dc2800'
Event: 3903.958 Thread 0x000001d5c64ed8b0 Unloading class 0x000001d583dc1c00 'java/lang/invoke/LambdaForm$DMH+0x000001d583dc1c00'
Event: 3903.958 Thread 0x000001d5c64ed8b0 Unloading class 0x000001d583dc2000 'java/lang/invoke/LambdaForm$DMH+0x000001d583dc2000'
Event: 3903.959 Thread 0x000001d5c64ed8b0 Unloading class 0x000001d583dc2400 'java/lang/invoke/LambdaForm$DMH+0x000001d583dc2400'
Event: 3903.959 Thread 0x000001d5c64ed8b0 Unloading class 0x000001d583dc3000 'java/lang/invoke/LambdaForm$DMH+0x000001d583dc3000'
Event: 3903.959 Thread 0x000001d5c64ed8b0 Unloading class 0x000001d583dc1000 'java/lang/invoke/LambdaForm$DMH+0x000001d583dc1000'
Event: 3903.959 Thread 0x000001d5c64ed8b0 Unloading class 0x000001d583dc1400 'java/lang/invoke/LambdaForm$DMH+0x000001d583dc1400'
Event: 3903.960 Thread 0x000001d5c64ed8b0 Unloading class 0x000001d583dc0800 'java/lang/invoke/LambdaForm$DMH+0x000001d583dc0800'
Event: 3903.962 Thread 0x000001d5c64ed8b0 Unloading class 0x000001d581114800 'java/lang/invoke/LambdaForm$DMH+0x000001d581114800'
Event: 3903.963 Thread 0x000001d5c64ed8b0 Unloading class 0x000001d581114000 'java/lang/invoke/LambdaForm$DMH+0x000001d581114000'

Classes redefined (0 events):
No events

Internal exceptions (20 events):
Event: 3699.867 Thread 0x000001d5f94743f0 Implicit null exception at 0x000001d5db2cc993 to 0x000001d5db2ccce4
Event: 3699.869 Thread 0x000001d5f94743f0 Implicit null exception at 0x000001d5da4fb4ef to 0x000001d5da4fb99c
Event: 3699.880 Thread 0x000001d5f94743f0 Implicit null exception at 0x000001d5d66a854f to 0x000001d5d66a86c0
Event: 3703.363 Thread 0x000001d5aaa09530 Exception <a 'java/lang/NoSuchMethodError'{0x000000078e21aa48}: 'java.lang.Object java.lang.invoke.DirectMethodHandle$Holder.invokeStaticInit(java.lang.Object, java.lang.Object, java.lang.Object, java.lang.Object, java.lang.Object)'> (0x000000078e21aa48) 
thrown [s\open\src\hotspot\share\interpreter\linkResolver.cpp, line 759]
Event: 3704.210 Thread 0x000001d5f9476760 Implicit null exception at 0x000001d5dceae440 to 0x000001d5dceae5a4
Event: 3705.332 Thread 0x000001d5f9477180 Exception <a 'java/lang/NoSuchMethodError'{0x00000007a0a3d270}: 'java.lang.Object java.lang.invoke.DirectMethodHandle$Holder.invokeVirtual(java.lang.Object, java.lang.Object, int, java.lang.Object)'> (0x00000007a0a3d270) 
thrown [s\open\src\hotspot\share\interpreter\linkResolver.cpp, line 759]
Event: 3705.356 Thread 0x000001d5f9476760 Exception <a 'java/lang/NoSuchMethodError'{0x00000007a135cf50}: 'java.lang.Object java.lang.invoke.DirectMethodHandle$Holder.invokeVirtual(java.lang.Object, java.lang.Object, int, java.lang.Object)'> (0x00000007a135cf50) 
thrown [s\open\src\hotspot\share\interpreter\linkResolver.cpp, line 759]
Event: 3766.052 Thread 0x000001d5f9475320 Implicit null exception at 0x000001d5dc9c9784 to 0x000001d5dc9cb234
Event: 3766.052 Thread 0x000001d5f9477180 Implicit null exception at 0x000001d5dc9c9784 to 0x000001d5dc9cb234
Event: 3766.761 Thread 0x000001d5f9476760 Exception <a 'java/lang/IncompatibleClassChangeError'{0x000000079a00e268}: Found class java.lang.Object, but interface was expected> (0x000000079a00e268) 
thrown [s\open\src\hotspot\share\interpreter\linkResolver.cpp, line 826]
Event: 3778.524 Thread 0x000001d5f9475320 Implicit null exception at 0x000001d5dd1c610c to 0x000001d5dd1c6454
Event: 3778.586 Thread 0x000001d5f9475320 Implicit null exception at 0x000001d5dc998431 to 0x000001d5dc99848c
Event: 3817.466 Thread 0x000001d5f905da70 Implicit null exception at 0x000001d5d22ac160 to 0x000001d5d22aee84
Event: 3846.954 Thread 0x000001d5f905da70 Implicit null exception at 0x000001d5dac56294 to 0x000001d5dac563d4
Event: 3847.272 Thread 0x000001d5f905da70 Implicit null exception at 0x000001d5d497db92 to 0x000001d5d497de18
Event: 3847.273 Thread 0x000001d5f905da70 Implicit null exception at 0x000001d5da23ab74 to 0x000001d5da23ac9c
Event: 3848.340 Thread 0x000001d5f905da70 Implicit null exception at 0x000001d5d9060095 to 0x000001d5d90617b8
Event: 3848.341 Thread 0x000001d5f905da70 Implicit null exception at 0x000001d5d4734314 to 0x000001d5d47344f4
Event: 3854.340 Thread 0x000001d5aaa09530 Implicit null exception at 0x000001d5da9770c0 to 0x000001d5da97b604
Event: 3867.350 Thread 0x000001d5f905da70 Implicit null exception at 0x000001d5d12b8f10 to 0x000001d5d12b9bb8

VM Operations (20 events):
Event: 3961.654 Executing VM operation: HandshakeAllThreads
Event: 3961.655 Executing VM operation: HandshakeAllThreads done
Event: 3961.655 Executing VM operation: Cleanup
Event: 3961.657 Executing VM operation: Cleanup done
Event: 3961.908 Executing VM operation: HandshakeAllThreads
Event: 3961.908 Executing VM operation: HandshakeAllThreads done
Event: 3962.304 Executing VM operation: HandshakeAllThreads
Event: 3962.321 Executing VM operation: HandshakeAllThreads done
Event: 3962.869 Executing VM operation: HandshakeAllThreads
Event: 3962.881 Executing VM operation: HandshakeAllThreads done
Event: 3962.881 Executing VM operation: Cleanup
Event: 3962.882 Executing VM operation: Cleanup done
Event: 3963.565 Executing VM operation: HandshakeAllThreads
Event: 3963.565 Executing VM operation: HandshakeAllThreads done
Event: 3963.836 Executing VM operation: HandshakeAllThreads
Event: 3963.868 Executing VM operation: HandshakeAllThreads done
Event: 3964.433 Executing VM operation: HandshakeAllThreads
Event: 3964.434 Executing VM operation: HandshakeAllThreads done
Event: 3965.440 Executing VM operation: Cleanup
Event: 3965.440 Executing VM operation: Cleanup done

Events (20 events):
Event: 3960.566 Thread 0x000001d5ebd2ab80 flushing nmethod 0x000001d5dca9e410
Event: 3960.567 Thread 0x000001d5ebd2ab80 flushing nmethod 0x000001d5dcb69b90
Event: 3960.567 Thread 0x000001d5ebd2ab80 flushing nmethod 0x000001d5dcba4590
Event: 3960.567 Thread 0x000001d5ebd2ab80 flushing nmethod 0x000001d5dcbab690
Event: 3960.567 Thread 0x000001d5ebd2ab80 flushing nmethod 0x000001d5dcbdeb10
Event: 3960.569 Thread 0x000001d5ebd2ab80 flushing nmethod 0x000001d5dccc9590
Event: 3960.569 Thread 0x000001d5ebd2ab80 flushing nmethod 0x000001d5dcce1f10
Event: 3960.569 Thread 0x000001d5ebd2ab80 flushing nmethod 0x000001d5dcd62d90
Event: 3960.569 Thread 0x000001d5ebd2ab80 flushing nmethod 0x000001d5dcd71a10
Event: 3960.569 Thread 0x000001d5ebd2ab80 flushing nmethod 0x000001d5dcdf6b10
Event: 3960.570 Thread 0x000001d5ebd2ab80 flushing nmethod 0x000001d5dd035890
Event: 3960.570 Thread 0x000001d5ebd2ab80 flushing nmethod 0x000001d5dd044990
Event: 3960.571 Thread 0x000001d5ebd2ab80 flushing nmethod 0x000001d5dd0bff10
Event: 3960.626 Thread 0x000001d5ebd2ab80 flushing nmethod 0x000001d5d17ff790
Event: 3960.636 Thread 0x000001d5ebd2ab80 flushing nmethod 0x000001d5d25f4110
Event: 3960.638 Thread 0x000001d5ebd2ab80 flushing nmethod 0x000001d5d2a70490
Event: 3960.639 Thread 0x000001d5ebd2ab80 flushing nmethod 0x000001d5d2b8b110
Event: 3960.670 Thread 0x000001d5ebd2ab80 flushing nmethod 0x000001d5d475d590
Event: 3961.320 Thread 0x000001d5ebd2ab80 flushing nmethod 0x000001d5dc161f90
Event: 3962.427 Thread 0x000001d5ebd2ab80 flushing nmethod 0x000001d5dbc65e10


Dynamic libraries:
0x00007ff771d90000 - 0x00007ff771da0000 	C:\Program Files\Java\jdk-17\bin\java.exe
0x00007ffb28ac0000 - 0x00007ffb28d27000 	C:\WINDOWS\SYSTEM32\ntdll.dll
0x00007ffb279e0000 - 0x00007ffb27aa9000 	C:\WINDOWS\System32\KERNEL32.DLL
0x00007ffb25590000 - 0x00007ffb25984000 	C:\WINDOWS\System32\KERNELBASE.dll
0x00007ffb25990000 - 0x00007ffb25adb000 	C:\WINDOWS\System32\ucrtbase.dll
0x00007ffb0ee70000 - 0x00007ffb0ee89000 	C:\Program Files\Java\jdk-17\bin\jli.dll
0x00007ffb0c130000 - 0x00007ffb0c14b000 	C:\Program Files\Java\jdk-17\bin\VCRUNTIME140.dll
0x00007ffb277e0000 - 0x00007ffb27896000 	C:\WINDOWS\System32\ADVAPI32.dll
0x00007ffb22010000 - 0x00007ffb22126000 	C:\WINDOWS\SYSTEM32\winahframe64.dll
0x00007ffb27510000 - 0x00007ffb275b9000 	C:\WINDOWS\System32\msvcrt.dll
0x00007ffb27ab0000 - 0x00007ffb27b57000 	C:\WINDOWS\System32\sechost.dll
0x00007ffb27200000 - 0x00007ffb27318000 	C:\WINDOWS\System32\RPCRT4.dll
0x00007ffb27b60000 - 0x00007ffb27d25000 	C:\WINDOWS\System32\USER32.dll
0x00007ffb266b0000 - 0x00007ffb266d7000 	C:\WINDOWS\System32\win32u.dll
0x00007ffb278a0000 - 0x00007ffb278cb000 	C:\WINDOWS\System32\GDI32.dll
0x00007ffb25b90000 - 0x00007ffb25cbb000 	C:\WINDOWS\System32\gdi32full.dll
0x00007ffb266e0000 - 0x00007ffb26783000 	C:\WINDOWS\System32\msvcp_win.dll
0x00007ffb1f830000 - 0x00007ffb1fac3000 	C:\WINDOWS\WinSxS\amd64_microsoft.windows.common-controls_6595b64144ccf1df_6.0.26100.8115_none_3e075c82e3354f9c\COMCTL32.dll
0x00007ffb26e60000 - 0x00007ffb26ff7000 	C:\WINDOWS\System32\ole32.dll
0x00007ffb26850000 - 0x00007ffb26bd2000 	C:\WINDOWS\System32\combase.dll
0x00007ffb21f50000 - 0x00007ffb21f5b000 	C:\WINDOWS\SYSTEM32\VERSION.dll
0x00007ffb27650000 - 0x00007ffb27682000 	C:\WINDOWS\System32\IMM32.DLL
0x00007ffb20fc0000 - 0x00007ffb21842000 	C:\WINDOWS\SYSTEM32\winahdcore64.dll
0x00007ffb275e0000 - 0x00007ffb27646000 	C:\WINDOWS\System32\SHLWAPI.dll
0x00007ffb25e40000 - 0x00007ffb266a8000 	C:\WINDOWS\System32\Windows.Storage.dll
0x00007ffb27db0000 - 0x00007ffb28517000 	C:\WINDOWS\System32\SHELL32.dll
0x00007ffb20240000 - 0x00007ffb20261000 	C:\WINDOWS\SYSTEM32\MPR.dll
0x00007ffb25390000 - 0x00007ffb254fa000 	C:\WINDOWS\System32\wintypes.dll
0x00007ffb27320000 - 0x00007ffb273f8000 	C:\WINDOWS\System32\OLEAUT32.dll
0x00007ffb278d0000 - 0x00007ffb27950000 	C:\WINDOWS\System32\WS2_32.dll
0x00007ffb27400000 - 0x00007ffb274ef000 	C:\WINDOWS\System32\COMDLG32.dll
0x00007ffb276e0000 - 0x00007ffb277d8000 	C:\WINDOWS\System32\shcore.dll
0x00007ffb1fad0000 - 0x00007ffb1fb46000 	C:\WINDOWS\SYSTEM32\OLEACC.dll
0x00007ffb23440000 - 0x00007ffb23476000 	C:\WINDOWS\SYSTEM32\WINMM.dll
0x00007ffb25ae0000 - 0x00007ffb25b85000 	C:\WINDOWS\System32\bcryptPrimitives.dll
0x00007ffb1ea50000 - 0x00007ffb1ec0d000 	C:\WINDOWS\SYSTEM32\TSecBxCore64.dll
0x00007ffb1ed80000 - 0x00007ffb1efe4000 	C:\WINDOWS\System32\DtFrame64.dll
0x00007ffb1e190000 - 0x00007ffb1e1c2000 	C:\WINDOWS\SYSTEM32\TIjtDrvd64.dll
0x00007ffb1e050000 - 0x00007ffb1e101000 	C:\WINDOWS\SYSTEM32\winspool.drv
0x00007ffb24ed0000 - 0x00007ffb24f21000 	C:\WINDOWS\SYSTEM32\cfgmgr32.dll
0x00007ffb1de30000 - 0x00007ffb1df57000 	C:\WINDOWS\SYSTEM32\dtsframe64.dll
0x00007ffb24670000 - 0x00007ffb246dc000 	C:\WINDOWS\SYSTEM32\mswsock.dll
0x00007ffb28520000 - 0x00007ffb28528000 	C:\WINDOWS\System32\psapi.dll
0x00007ffb1dc50000 - 0x00007ffb1ddce000 	C:\WINDOWS\SYSTEM32\TAuxMod64.dll
0x00007ffb1d000000 - 0x00007ffb1d313000 	C:\WINDOWS\SYSTEM32\windlgctl64.dll
0x00007ffb1cc90000 - 0x00007ffb1cc98000 	C:\WINDOWS\SYSTEM32\MSIMG32.dll
0x00007ffb1c830000 - 0x00007ffb1ca08000 	C:\WINDOWS\WinSxS\amd64_microsoft.windows.gdiplus_6595b64144ccf1df_1.1.26100.8246_none_6ef5395a3dc52f61\gdiplus.dll
0x00007ffb222a0000 - 0x00007ffb22349000 	C:\WINDOWS\SYSTEM32\UxTheme.dll
0x00007ffb22a00000 - 0x00007ffb22a2f000 	C:\WINDOWS\SYSTEM32\dwmapi.dll
0x00007ffb23790000 - 0x00007ffb2379d000 	C:\WINDOWS\SYSTEM32\WinUsb.dll
0x00007ffb1cca0000 - 0x00007ffb1cd39000 	C:\WINDOWS\SYSTEM32\mf.dll
0x00007ffb1c410000 - 0x00007ffb1c829000 	C:\WINDOWS\SYSTEM32\MFCORE.DLL
0x00007ffb285f0000 - 0x00007ffb28a77000 	C:\WINDOWS\System32\setupapi.dll
0x00007ffb1b7a0000 - 0x00007ffb1b8f3000 	C:\WINDOWS\SYSTEM32\TMailHook64.dll
0x00007ffb19fc0000 - 0x00007ffb1a1e1000 	C:\WINDOWS\SYSTEM32\winncap364.dll
0x00007ffb1f630000 - 0x00007ffb1f63c000 	C:\Program Files\Java\jdk-17\bin\vcruntime140_1.dll
0x00007ffb0ab80000 - 0x00007ffb0ac0e000 	C:\Program Files\Java\jdk-17\bin\msvcp140.dll
0x00007ffad5070000 - 0x00007ffad5c50000 	C:\Program Files\Java\jdk-17\bin\server\jvm.dll
0x00007ffb0ee60000 - 0x00007ffb0ee6a000 	C:\WINDOWS\SYSTEM32\WSOCK32.dll
0x00007ffb240f0000 - 0x00007ffb2410b000 	C:\WINDOWS\SYSTEM32\kernel.appcore.dll
0x00007ffb0ee30000 - 0x00007ffb0ee3a000 	C:\Program Files\Java\jdk-17\bin\jimage.dll
0x00007ffb22fe0000 - 0x00007ffb23222000 	C:\WINDOWS\SYSTEM32\DBGHELP.DLL
0x00007ffb233d0000 - 0x00007ffb2340b000 	C:\WINDOWS\SYSTEM32\dbgcore.DLL
0x00007ffb0ad80000 - 0x00007ffb0ad8e000 	C:\Program Files\Java\jdk-17\bin\instrument.dll
0x00007ffb0c100000 - 0x00007ffb0c125000 	C:\Program Files\Java\jdk-17\bin\java.dll
0x00007ffb0aaa0000 - 0x00007ffb0ab77000 	C:\Program Files\Java\jdk-17\bin\jsvml.dll
0x00007ffb252b0000 - 0x00007ffb252d9000 	C:\WINDOWS\SYSTEM32\profapi.dll
0x00007ffb0ada0000 - 0x00007ffb0adb8000 	C:\Program Files\Java\jdk-17\bin\zip.dll
0x00007ffb0c0e0000 - 0x00007ffb0c0f9000 	C:\Program Files\Java\jdk-17\bin\net.dll
0x00007ffb223a0000 - 0x00007ffb224cd000 	C:\WINDOWS\SYSTEM32\WINHTTP.dll
0x00007ffb0bff0000 - 0x00007ffb0c006000 	C:\Program Files\Java\jdk-17\bin\nio.dll
0x00007ffb0e2e0000 - 0x00007ffb0e2f0000 	C:\Program Files\Java\jdk-17\bin\verify.dll
0x00007ffb0ef30000 - 0x00007ffb0ef57000 	D:\gradle\native\1def1411415f61bf3af743bc5b6707747c0891f09f0c88961ee8f79bc544acac\windows-amd64\native-platform.dll
0x00007ffb0bea0000 - 0x00007ffb0bf18000 	D:\gradle\native\0.2.7\x86_64-windows-gnu\gradle-fileevents.dll
0x00007ffb0c0d0000 - 0x00007ffb0c0da000 	C:\Program Files\Java\jdk-17\bin\management.dll
0x00007ffb0c070000 - 0x00007ffb0c07b000 	C:\Program Files\Java\jdk-17\bin\management_ext.dll
0x00007ffb23ab0000 - 0x00007ffb23ae2000 	C:\WINDOWS\SYSTEM32\IPHLPAPI.DLL
0x00007ffb26e50000 - 0x00007ffb26e5a000 	C:\WINDOWS\System32\NSI.dll
0x00007ffb19850000 - 0x00007ffb1986d000 	C:\WINDOWS\SYSTEM32\dhcpcsvc6.DLL
0x00007ffb170d0000 - 0x00007ffb170f5000 	C:\WINDOWS\SYSTEM32\dhcpcsvc.DLL
0x00007ffb23ba0000 - 0x00007ffb23cd2000 	C:\WINDOWS\SYSTEM32\DNSAPI.dll
0x00007ffb24970000 - 0x00007ffb2498b000 	C:\WINDOWS\SYSTEM32\CRYPTSP.dll
0x00007ffb24050000 - 0x00007ffb24089000 	C:\WINDOWS\system32\rsaenh.dll
0x00007ffb24740000 - 0x00007ffb24773000 	C:\WINDOWS\SYSTEM32\USERENV.dll
0x00007ffb25280000 - 0x00007ffb252aa000 	C:\WINDOWS\SYSTEM32\bcrypt.dll
0x00007ffb24990000 - 0x00007ffb2499c000 	C:\WINDOWS\SYSTEM32\CRYPTBASE.dll
0x00007ffb0ad70000 - 0x00007ffb0ad7e000 	C:\Program Files\Java\jdk-17\bin\sunmscapi.dll
0x00007ffb25cc0000 - 0x00007ffb25e37000 	C:\WINDOWS\System32\CRYPT32.dll
0x00007ffb24b90000 - 0x00007ffb24bc0000 	C:\WINDOWS\SYSTEM32\ncrypt.dll
0x00007ffb24b40000 - 0x00007ffb24b7f000 	C:\WINDOWS\SYSTEM32\NTASN1.dll
0x00007ffb17130000 - 0x00007ffb17138000 	C:\WINDOWS\system32\wshunix.dll
0x00007ffb22130000 - 0x00007ffb2213d000 	C:\WINDOWS\SYSTEM32\secur32.dll
0x00007ffb243a0000 - 0x00007ffb243e9000 	C:\WINDOWS\SYSTEM32\SSPICLI.DLL
0x00007ffb24210000 - 0x00007ffb24246000 	C:\WINDOWS\SYSTEM32\ntmarta.dll
0x00007ffb12320000 - 0x00007ffb12327000 	C:\Program Files\Java\jdk-17\bin\rmi.dll
0x00007ffb08730000 - 0x00007ffb088c1000 	C:\Program Files\Java\jdk-17\bin\awt.dll
0x00007ffb21f60000 - 0x00007ffb21fff000 	C:\WINDOWS\SYSTEM32\apphelp.dll
0x00007ffb270a0000 - 0x00007ffb271fc000 	C:\WINDOWS\System32\MSCTF.dll
0x00007ffb10150000 - 0x00007ffb101fd000 	C:\WINDOWS\system32\thooksv364.dll

dbghelp: loaded successfully - version: 4.0.5 - missing functions: none
symbol engine: initialized successfully - sym options: 0x614 - pdb path: .;C:\Program Files\Java\jdk-17\bin;C:\WINDOWS\SYSTEM32;C:\WINDOWS\WinSxS\amd64_microsoft.windows.common-controls_6595b64144ccf1df_6.0.26100.8115_none_3e075c82e3354f9c;C:\WINDOWS\WinSxS\amd64_microsoft.windows.gdiplus_6595b64144ccf1df_1.1.26100.8246_none_6ef5395a3dc52f61;C:\Program Files\Java\jdk-17\bin\server;D:\gradle\native\1def1411415f61bf3af743bc5b6707747c0891f09f0c88961ee8f79bc544acac\windows-amd64;D:\gradle\native\0.2.7\x86_64-windows-gnu;C:\Users\thxam\AppData\Local\Temp

VM Arguments:
jvm_args: --add-opens=java.base/java.lang=ALL-UNNAMED --add-opens=java.base/java.lang.invoke=ALL-UNNAMED --add-opens=java.base/java.util=ALL-UNNAMED --add-opens=java.prefs/java.util.prefs=ALL-UNNAMED --add-exports=jdk.compiler/com.sun.tools.javac.api=ALL-UNNAMED --add-exports=jdk.compiler/com.sun.tools.javac.util=ALL-UNNAMED --add-opens=java.base/java.util=ALL-UNNAMED --add-opens=java.prefs/java.util.prefs=ALL-UNNAMED --add-opens=java.base/java.nio.charset=ALL-UNNAMED --add-opens=java.base/java.net=ALL-UNNAMED --add-opens=java.base/java.util.concurrent.atomic=ALL-UNNAMED --add-opens=java.xml/javax.xml.namespace=ALL-UNNAMED -XX:+UseParallelGC -XX:MaxMetaspaceSize=512m -XX:+HeapDumpOnOutOfMemoryError -Xms256m -Xmx6g -Dfile.encoding=UTF-8 -Duser.country=CN -Duser.language=zh -Duser.variant -javaagent:D:\gradle\wrapper\dists\gradle-8.14.4-bin\92wwslzcyst3phie3o264zltu\gradle-8.14.4\lib\agents\gradle-instrumentation-agent-8.14.4.jar 
java_command: org.gradle.launcher.daemon.bootstrap.GradleDaemon 8.14.4
java_class_path (initial): D:\gradle\wrapper\dists\gradle-8.14.4-bin\92wwslzcyst3phie3o264zltu\gradle-8.14.4\lib\gradle-daemon-main-8.14.4.jar
Launcher Type: SUN_STANDARD

[Global flags]
     intx CICompilerCount                          = 4                                         {product} {ergonomic}
   size_t CompressedClassSpaceSize                 = 436207616                                 {product} {ergonomic}
     bool HeapDumpOnOutOfMemoryError               = true                                   {manageable} {command line}
   size_t InitialHeapSize                          = 268435456                                 {product} {command line}
   size_t MaxHeapSize                              = 6442450944                                {product} {command line}
   size_t MaxMetaspaceSize                         = 536870912                                 {product} {command line}
   size_t MaxNewSize                               = 2147483648                                {product} {ergonomic}
   size_t MinHeapDeltaBytes                        = 524288                                    {product} {ergonomic}
   size_t MinHeapSize                              = 268435456                                 {product} {command line}
   size_t NewSize                                  = 89128960                                  {product} {ergonomic}
    uintx NonNMethodCodeHeapSize                   = 5839372                                {pd product} {ergonomic}
    uintx NonProfiledCodeHeapSize                  = 122909434                              {pd product} {ergonomic}
   size_t OldSize                                  = 179306496                                 {product} {ergonomic}
    uintx ProfiledCodeHeapSize                     = 122909434                              {pd product} {ergonomic}
    uintx ReservedCodeCacheSize                    = 251658240                              {pd product} {ergonomic}
     bool SegmentedCodeCache                       = true                                      {product} {ergonomic}
   size_t SoftMaxHeapSize                          = 6442450944                             {manageable} {ergonomic}
     bool UseCompressedClassPointers               = true                           {product lp64_product} {ergonomic}
     bool UseCompressedOops                        = true                           {product lp64_product} {ergonomic}
     bool UseLargePagesIndividualAllocation        = false                                  {pd product} {ergonomic}
     bool UseParallelGC                            = true                                      {product} {command line}

Logging:
Log output configuration:
 #0: stdout all=warning uptime,level,tags
 #1: stderr all=off uptime,level,tags

Environment Variables:
JAVA_HOME=C:\Program Files\Java\jdk-17
CLASSPATH=D:\desktop\personal\com\readdai-main\\gradle\wrapper\gradle-wrapper.jar
PATH=C:\WINDOWS\system32;C:\WINDOWS;C:\WINDOWS\System32\Wbem;C:\WINDOWS\System32\WindowsPowerShell\v1.0;C:\WINDOWS\System32\OpenSSH;C:\Program Files\Java\jdk-17\bin;C:\Users\thxam\AppData\Local\Microsoft\WindowsApps;C:\Users\thxam\AppData\Local\Programs\Microsoft VS Code\bin;D:\WINDOWS;D:\WINDOWS\system32;D:\WINDOWS\System32\Wbem;D:\WINDOWS\System32\WindowsPowerShell\v1.0;D:\WINDOWS\System32\OpenSSH;C:\Users\thxam\AppData\Local\Programs\Python\Python310\Scripts\;C:\Users\thxam\AppData\Local\Programs\Python\Python310\;C:\Users\thxam\AppData\Local\Microsoft\WindowsApps;D:\Users\thxam\AppData\Local\Programs\CodeBuddy CN\bin;D:\Users\thxam\AppData\Local\Programs\Lingma\bin
USERNAME=thxam
OS=Windows_NT
PROCESSOR_IDENTIFIER=Intel64 Family 6 Model 142 Stepping 12, GenuineIntel



---------------  S Y S T E M  ---------------

OS:
 Windows 11 , 64 bit Build 26100 (10.0.26100.8246)
OS uptime: 0 days 1:24 hours
Hyper-V role detected

CPU: total 8 (initial active 8) (4 cores per cpu, 2 threads per core) family 6 model 142 stepping 12 microcode 0xf0, cx8, cmov, fxsr, ht, mmx, 3dnowpref, sse, sse2, sse3, ssse3, sse4.1, sse4.2, popcnt, lzcnt, tsc, tscinvbit, avx, avx2, aes, erms, clmul, bmi1, bmi2, adx, fma, vzeroupper, clflush, clflushopt, hv

Memory: 4k page, system-wide physical 7785M (14M free)
TotalPageFile size 24371M (AvailPageFile size 8M)
current process WorkingSet (physical memory assigned to process): 1640M, peak: 3634M
current process commit charge ("private bytes"): 6355M, peak: 6362M

vm_info: Java HotSpot(TM) 64-Bit Server VM (17.0.11+7-LTS-207) for windows-amd64 JRE (17.0.11+7-LTS-207), built on Mar 11 2024 19:01:50 by "mach5one" with MS VC++ 17.6 (VS2022)

END.
